
 =============================================================
 TASOPT v 2.16

 -----------------------------------------------------------
 Config:  D12.1                                                           

 Case:  Baseline technology (Aluminum)                                  
     :  Mach=0.83 cruise                                                

 Airfoil database used:  ../../air/C.air 
 Airfoil database used:  ../../air/C.air 

 -----------------------------------------------------------
 Fleet PFEI =  5.1786 KJ/kg-km

 -----------------------------------------------------------
 Airframe parameters...

 Wempty  + 261557.3  lb
 Wpay    + 115046.0  lb
 Wfuel   + 152030.4  lb
 (max)     254650.2  lb
 WMTO    = 528633.7  lb

 Whpesys +   5286.3  lb
 Wlgnose +   5286.3  lb
 Wlgmain +  21145.3  lb
 Wtotadd =  31718.0  lb

 Wfix    +   3001.2  lb
 Wapu    +   4026.6  lb
 Wpadd   +  40266.1  lb
 Wshell  +  12865.7  lb
 Wcone   +   2140.2  lb
 Whbend  +   8177.0  lb
 Wvbend  +    933.7  lb
 Wwindow +   1212.2  lb
 Winsul  +   2370.2  lb
 Wfloor  +   5233.1  lb
 Wseat   +  11504.6  lb
 Wfuse   =  91730.6  lb

 Wcap    +  52914.4  lb
 Wweb    +   2661.4  lb
 Wflap   +  11115.2  lb
 Wslat   +   5557.6  lb
 Waile   +   2223.0  lb
 Wlete   +   5557.6  lb
 Wribs   +   8336.4  lb
 Wspoi   +   1111.5  lb
 Wwatt   +   1667.3  lb
 Wwing   =  91144.3  lb

 Wstrut  =      0.0  lb
 Whtail  =   9058.3  lb
 Wvtail  =   2368.3  lb

 Webare  +  26854.2  lb
 Weadd   +   2685.4  lb
 Wnace   +   4305.8  lb
 Wpylon  +   1692.3  lb
 Weng    =  35537.6  lb

 ifwcen  =   1

 neng    =       3
 dfan    =   82.226  in
 lnace   =    8.223  ft
 Snace/S =   0.2218

 w/c     =   0.500
 ho/c    =  0.1450
 hs/c    =  0.1300
 tcapo/c = 0.00325
 tcaps/c = 0.00429
 twebo/c = 0.00077
 twebs/c = 0.00108
 tcapo   = 1.07600  in  
 tcaps   = 1.06792  in  
 tcapt   = 0.21358  in  
 twebo   = 0.25480  in  
 twebs   = 0.26963  in  
 twebt   = 0.05393  in  
 So_max  = 367575.6  lb  
 Ss_max  = 261541.2  lb  
 Mo_max  =14644515. ft-lb
 Ms_max  = 7158700. ft-lb

 Nlift   =   2.500
 Nland   =   6.000
 Vne     =   279.8 kt

 xnose   =    0.00  ft 
 xend    =  180.00  ft 
 xLEw    =   79.30  ft 
 xLEh    =  180.89  ft 
 xLEv    =  168.43  ft 

 xwing   =  109.20  ft 
 xhtail  =  189.33  ft 
 xvtail  =  179.09  ft 

 xblend1 =   35.00  ft 
 xblend2 =  128.00  ft 

 xshell1 =   23.00  ft 
 xshell2 =  145.00  ft 
 xhbend  =  158.47  ft 
 xvbend  =  151.00  ft 
 xwbox   =   92.33  ft 
 xhbox   =  186.00  ft 
 xvbox   =  175.00  ft 

 xfix    =   10.00  ft 
 xLGnose =   50.00  ft 
 xLGmain =  113.28  ft 
 xapu    =   58.00  ft 
 xhpesys =   63.00  ft 

 xeng    =  175.00  ft 
 yeng    =   11.00  ft 

 rpayfwd =    0.62
 rpayaft =    0.28
 xCGfwd  =   98.86  ft 
 xCGaft  =  111.28  ft 
 xNP     =  112.62  ft 
 mac     =  23.766  ft 
 S.M.fwd =   0.579
 S.M.aft =   0.056

 deps/da =   0.510
 dCLn/da =   0.000

 dCLh/dCL=   0.490
 dCLn/dCL=   0.000

 deltap  =   8.141  psi
 tskin   =   0.045  in  
 tfweb   =   0.064  in  
 tcone   =   0.025  in  
 tfloor  =   0.010  in  
 hfloor  =    7.87  in  
 Rfuse   =  82.677  in  
 dRfuse  =  27.559  in  
 wfb     =  59.055  in  
 cabVol  = 43142.6  ft^3

 AR      = 10.0000
 sweep   =  32.000
 lambdas =  0.7500
 lambdat =  0.1500
 co      =  32.579  ft  
 cs      =  24.434  ft  
 ct      =   4.887  ft  
 bo      =  22.966  ft  
 bs      =  69.912  ft  
 b       = 199.748  ft  
 S       = 3989.93  ft^2

 cstrut  =   0.000  ft  

 ARh     = 10.0000
 lambdah =  0.3000
 coh     =   12.77  ft  
 bh      =   83.01  ft  
 Sh      =  689.07  ft^2
 Sh/S    =   0.173
 Vh      =   0.582
 CLhCGfwd=  -0.850

 ARv     =  2.0000
 lambdav =  0.3000
 cov     =   16.43  ft  
 bv      =   21.36  ft  
 Sv      =  456.15  ft^2
 Sv/S    =   0.114
 Vv      =   0.040
 CLveout =   0.285

 xwing   =  109.20  ft 


 =============================================================
 Fleet mission   1

 wOpt = 1.00000

 -----------------------------------------------------------
 Cruise performance...

 Range =   5600. nmi
 M_CR  =  0.8300
 h_CR1 =  33.500 kft
 h_CR2 =  39.703 kft
 Wf/W  =  0.27390
 L/D   =  20.798
 PFEI  =  5.1786 KJ/kg-km

 -----------------------------------------------------------
 Takeoff performance...

 F_TO =135998.6 lb
 V_1  =  151.57 kt
 V_2  =  167.20 kt
 CL2  =  1.3984
 l_1  =  5527.2 ft
 l_BF =  8126.7 ft
 l_TO =  6936.8 ft
 tan(gam)_BF =   5.25 %
 tan(gam)_TO =  13.39 %
 tan(gam)_CB =   5.24 %

  - - - - - - - - - - - - - - - - - - - - - - - - - - - - -
 Noise...

    x [m]   z [m]     dB
   4385.7     0.0   89.851  sideline
    603.6   506.5   81.034  cutback
     -0.0   538.2   82.948  flyover

 -----------------------------------------------------------
 Mission profile summary...

           R        h        t       VTAS     Mach    CL     L/D'    W/WMTO   W/WTO     Tt4     M2     mdotf    TSFC'     gamma
         [nmi]     [ft]     [hr]     [kt]                                               [K]            [kg/s]  [1/hr]     [deg]
 ST:     -1.14      0.0  -0.0130     0.00  0.00000  0.0000   0.000  1.00102  1.00102  1820.3  0.6418   5.2187  0.30466    0.000
 TO:      0.00      0.0   0.0000   167.20  0.25291  1.3984  15.157  1.00000  1.00000  1820.3  0.6392   5.3248  0.39574    7.858
 CB:      0.00      0.0   0.0000   167.20  0.25291  1.3984  15.157  1.00000  1.00000  1550.4  0.4660   3.0282  0.38469    3.000
 B1:      0.00      0.0   0.0000   166.59  0.25199  1.3984  15.156  1.00000  1.00000  1770.2  0.6033   4.8412  0.39136    6.908
 B2:     17.90   8375.0   0.0827   314.13  0.48929  0.5050  22.046  0.99424  0.99424  1770.2  0.6516   4.2584  0.47561    5.178
 B3:     38.73  16750.0   0.1450   359.95  0.57861  0.5050  21.860  0.99055  0.99055  1770.2  0.7072   3.5765  0.49773    3.623
 B4:     71.54  25125.0   0.2302   415.24  0.69033  0.5050  21.516  0.98634  0.98634  1770.2  0.7674   2.9732  0.52448    2.275
 B5:    131.57  33500.0   0.3648   481.84  0.83018  0.5050  20.957  0.98079  0.98079  1770.2  0.8346   2.4769  0.55268    1.186
 C1:    131.57  33500.0   0.3648   481.73  0.83000  0.5050  20.798  0.98079  0.98079  1570.0  0.6500   1.7273  0.54649    0.011
 C2:   5450.43  39702.7  11.4727   475.98  0.83000  0.5050  20.429  0.73020  0.73020  1549.7  0.6537   1.2967  0.54049    0.011
 D1:   5450.43  39702.7  11.4727   483.76  0.84357  0.4848  19.719  0.73020  0.73020  1160.2  0.4518   0.4959  0.64360   -2.000
 D2:   5487.87  31265.9  11.5509   475.35  0.81120  0.3557  18.240  0.72959  0.72959  1105.8  0.4191   0.5549  0.73280   -2.250
 D3:   5525.31  21836.5  11.6316   454.00  0.74466  0.2783  15.898  0.72881  0.72881  1129.9  0.3984   0.7239  0.77425   -2.500
 D4:   5562.75  11414.5  11.7197   399.83  0.62980  0.2525  14.520  0.72777  0.72777  1123.2  0.3555   0.8430  0.83536   -2.750
 D5:   5600.19      0.0  11.8982   142.42  0.21543  1.3984  14.803  0.72610  0.72610   972.6  0.1837   0.5425  0.74140   -3.000

 -----------------------------------------------------------
 Aero, Engine parameters...

 - - - - - - - - - - - - - - - - - - - - - - - - - - - - -
 RO:  Rotation...

 RO: alt.   =      0. ft
 RO: dyn.pr.=   65.79 psf
 RO: VTAS   =  235.24 ft/s
 RO: W/WMTO = 1.00000
 RO: Mach   =  0.2108
 RO: L/D    =   0.000
 RO: gamV   = 0.00000 deg
 RO: e      =  1.0000
 RO: CL     =  0.0000
 RO: CD     = 0.01620
 RO: CDi    = 0.00000
 RO: CDfuse = 0.00521
 RO: CDwing = 0.00850
 RO: CDover = 0.00000
 RO: CDhtail= 0.00162
 RO: CDvtail= 0.00093
 RO: CDnace = 0.00013
 RO: CDstrut= 0.00000
 RO: Mperp  =  0.1787
 RO: clpo   =  0.0000
 RO: clps   =  0.0000
 RO: clpt   =  0.0000
 RO: fduo   =  0.0320
 RO: fdus   =  0.0170
 RO: fdut   =  0.0040
 RO: cdpw   = 0.00350
 RO: cdfw   = 0.00850
 RO: cdw    = 0.01200
 RO: Clh    =  0.0000
 RO: ClhSh/S=  0.0000
 RO: CMwing = -0.1040
 RO: CMfuse =  0.0388
 RO: CMtail =  0.0000
 RO: cmpo   = -0.3000
 RO: cmps   = -0.3000
 RO: cmpt   = -0.0900
 RO: dh/dR  = 0.00000
 RO: xCG    =  102.05 ft
 RO: xNP    =  111.01 ft
 RO: S.M.   =   0.377
 RO: Wbuoy  =     0.0 lb
 RO: Lwing  =    0.00 %
 RO: Lfuse  =    0.00 %
 RO: Ltail  =    0.00 %

 RO: BPR    =   7.3167    
 RO: FPR    =   1.6554    
 RO: OPR    =   49.702    
 RO: pilc   =   8.0625    
 RO: pihc   =   6.1646    
 RO: 1/piht =   3.0244    
 RO: 1/pilt =   10.341    
 RO: pid    =  0.99500    
 RO: pib    =  0.94000    
 RO: pifn   =  0.98500    
 RO: pitn   =  0.99500    
 RO: N1     =   1.0709    
 RO: N2     =   1.0820    
 RO: Nlc_c% =   99.843    
 RO: Nhc_c% =   100.96    
 RO: Nht_c% =   100.50    
 RO: Nlt_c% =   99.096    
 RO: mlc_c% =   99.183    
 RO: mhc_c% =   101.99    
 RO: mht_c% =   100.00    
 RO: mlt_c% =   100.00    
 RO: mf_c%  =   99.167    
 RO: epf    =  0.91574    
 RO: eplc   =  0.90000    
 RO: ephc   =  0.89000    
 RO: epht   =  0.90000    
 RO: eplt   =  0.89867    
 RO: etab   =  0.98500    
 RO: fo     =  0.24979E-01
 RO: ffbar  =  0.26462E-01
 RO: ff     =  0.21896E-01
 RO: fc     =  0.14757    
 RO: epsrow =  0.11285      0.38500E-01
 RO: Tmrow  =   1350.0       1350.0    

 RO: Fsp    =  0.71665    
 RO: Feng   =   164.04     kN
 RO: FengA  =   163.31     kN
 RO: mcore  =   80.569     kg/s
 RO: mcool  =   11.890     kg/s
 RO: mfuel  =   1.7641     kg/s
 RO: mofft  =   2.0125     kg/s
 RO: Pofft  =   33.333     kW
 RO: PK     =   31909.     kW
 RO: Phijet =   20161.     kW
 RO: Phiinl =   52.212     kW
 RO: Kinl   =   55.593     kW
 RO: etap   =  0.36847    
 RO: TSFC   =  0.37979     1/hr
 RO: hfuel  =   42.266     MJ/kg

 RO:  loc     Tt      pt       cpt       R    cpt/(cpt-R)
              K       kPa     J/kg K   J/kg K
       0     290.6   104.50   1006.2    287.5   1.4000
       2     290.6   103.85   1006.2    287.5   1.4000
       21    340.0   171.91   1009.0    288.0   1.3984
       7     340.0   169.33   1009.0    287.5   1.3984

       0     290.6   104.50   1006.2    287.5   1.4000
       18    290.6   103.98   1006.2    288.0   1.4000
       19    290.6   103.98   1006.2    288.0   1.4000
       25    559.0   838.30   1044.1    288.0   1.3800
       3     960.0  5167.74   1135.7    287.5   1.3389
       4    1820.3  4857.68   1309.6    288.1   1.2820
       41   1702.5  4443.11   1289.0    288.0   1.2877
       45   1358.2  1469.08   1249.5    288.0   1.2995
       49    820.0   142.07   1144.3    288.0   1.3363
       5     820.0   141.36   1144.3    288.0   1.3363

 RO:  device     power    dh/dT     epol     eta
                  kW      J/kg K                
     fan 2 -21 -29348.9   1007.5   0.9157   0.9096
     LPC 19-25 -22081.4   1020.8   0.9000   0.8683
     HPC 25-3  -34356.3   1090.8   0.8900   0.8621
     HPT 41-45  35129.1   1270.5   0.9000   0.9110
     LPT 45-49  51983.5   1202.4   0.8987   0.9226

 RO:  loc   T       p       M       u        A     Fsp    eta_p
            K      kPa             m/s      m^2
      0    288.0  101.32  0.2108   71.68  7.6227  0.7167
      2    268.5   78.82  0.6401  210.47  3.1176

      25   520.4  647.11  0.6227  283.38  0.0641

      5    753.6  101.32  0.7194  388.37  0.4430
      6    753.6  101.32  0.7194  388.37  0.4430  0.1115  0.3116

      7    293.6  101.32  0.8890  305.59  1.6071
      8    293.6  101.32  0.8890  305.59  1.6071  0.6051  0.3800

      9                             0.00  0.0000  0.0000  2.0000

 - - - - - - - - - - - - - - - - - - - - - - - - - - - - -
 TO:  Takeoff...

 TO: alt.   =      0. ft
 TO: dyn.pr.=   94.74 psf
 TO: VTAS   =  282.28 ft/s
 TO: W/WMTO = 1.00000
 TO: Mach   =  0.2529
 TO: L/D    =  15.157
 TO: gamV   = 7.85832 deg
 TO: e      =  0.8152
 TO: CL     =  1.3984
 TO: CD     = 0.09226
 TO: CDi    = 0.07636
 TO: CDfuse = 0.00521
 TO: CDwing = 0.00827
 TO: CDover = 0.00000
 TO: CDhtail= 0.00157
 TO: CDvtail= 0.00090
 TO: CDnace = 0.00013
 TO: CDstrut= 0.00000
 TO: Mperp  =  0.2145
 TO: clpo   =  1.9716
 TO: clps   =  2.0302
 TO: clpt   =  1.6665
 TO: fduo   =  0.0320
 TO: fdus   =  0.0170
 TO: fdut   =  0.0040
 TO: cdpw   = 0.00350
 TO: cdfw   = 0.00850
 TO: cdw    = 0.01200
 TO: Clh    = -0.3070
 TO: ClhSh/S= -0.0530
 TO: CMwing = -6.5998
 TO: CMfuse =  0.1744
 TO: CMtail =  0.4207
 TO: cmpo   = -0.3000
 TO: cmps   = -0.3000
 TO: cmpt   = -0.0900
 TO: dh/dR  = 0.13802
 TO: xCG    =  102.05 ft
 TO: xNP    =  111.01 ft
 TO: S.M.   =   0.377
 TO: Wbuoy  =     0.0 lb
 TO: Lwing  =   85.97 %
 TO: Lfuse  =   17.82 %
 TO: Ltail  =   -3.79 %

 TO: BPR    =   7.3338    
 TO: FPR    =   1.6510    
 TO: OPR    =   49.443    
 TO: pilc   =   8.0580    
 TO: pihc   =   6.1359    
 TO: 1/piht =   3.0245    
 TO: 1/pilt =   10.378    
 TO: pid    =  0.99500    
 TO: pib    =  0.94000    
 TO: pifn   =  0.98500    
 TO: pitn   =  0.99500    
 TO: N1     =   1.0710    
 TO: N2     =   1.0822    
 TO: Nlc_c% =   99.662    
 TO: Nhc_c% =   100.81    
 TO: Nht_c% =   100.51    
 TO: Nlt_c% =   99.102    
 TO: mlc_c% =   98.827    
 TO: mhc_c% =   101.69    
 TO: mht_c% =   100.00    
 TO: mlt_c% =   100.00    
 TO: mf_c%  =   99.126    
 TO: epf    =  0.91607    
 TO: eplc   =  0.90000    
 TO: ephc   =  0.89000    
 TO: epht   =  0.89999    
 TO: eplt   =  0.89876    
 TO: etab   =  0.98500    
 TO: fo     =  0.24780E-01
 TO: ffbar  =  0.26407E-01
 TO: ff     =  0.21855E-01
 TO: fc     =  0.14757    
 TO: epsrow =  0.11285      0.38500E-01
 TO: Tmrow  =   1351.2       1350.7    

 TO: Fsp    =  0.68359    
 TO: Feng   =   158.40     kN
 TO: FengA  =   157.35     kN
 TO: mcore  =   81.214     kg/s
 TO: mcool  =   11.985     kg/s
 TO: mfuel  =   1.7749     kg/s
 TO: mofft  =   2.0125     kg/s
 TO: Pofft  =   33.333     kW
 TO: PK     =   32159.     kW
 TO: Phijet =   18548.     kW
 TO: Phiinl =   90.222     kW
 TO: Kinl   =   96.065     kW
 TO: etap   =  0.42364    
 TO: TSFC   =  0.39574     1/hr
 TO: hfuel  =   42.266     MJ/kg

 TO:  loc     Tt      pt       cpt       R    cpt/(cpt-R)
              K       kPa     J/kg K   J/kg K
       0     291.7   105.92   1006.2    287.5   1.4000
       2     291.7   105.17   1006.2    287.5   1.4000
       21    341.0   173.64   1009.1    288.0   1.3984
       7     341.0   171.03   1009.1    287.5   1.3984

       0     291.7   105.92   1006.2    287.5   1.4000
       18    291.7   105.39   1006.2    288.0   1.4000
       19    291.7   105.39   1006.2    288.0   1.4000
       25    561.0   849.22   1044.5    288.0   1.3798
       3     961.9  5210.71   1136.1    287.5   1.3388
       4    1820.3  4898.07   1309.4    288.1   1.2820
       41   1702.7  4479.69   1288.9    288.0   1.2877
       45   1358.4  1481.16   1249.5    288.0   1.2995
       49    819.3   142.72   1144.1    288.0   1.3364
       5     819.3   142.01   1144.1    288.0   1.3364

 TO:  device     power    dh/dT     epol     eta
                  kW      J/kg K                
     fan 2 -21 -29586.0   1007.6   0.9161   0.9100
     LPC 19-25 -22334.8   1021.0   0.9000   0.8683
     HPC 25-3  -34641.3   1091.2   0.8900   0.8622
     HPT 41-45  35420.5   1270.4   0.9000   0.9110
     LPT 45-49  52479.0   1202.2   0.8988   0.9228

 TO:  loc   T       p       M       u        A     Fsp    eta_p
            K      kPa             m/s      m^2
      0    288.0  101.32  0.2529   86.01  6.4163  0.6836
      2    269.6   79.89  0.6392  210.59  3.1176

      25   522.7  657.24  0.6195  282.51  0.0641

      5    752.1  101.32  0.7245  390.77  0.4430
      6    752.1  101.32  0.7245  390.77  0.4430  0.1071  0.3608

      7    293.7  101.32  0.8982  308.79  1.6071
      8    293.7  101.32  0.8982  308.79  1.6071  0.5765  0.4357

      9                             0.00  0.0000  0.0000  2.0000

 - - - - - - - - - - - - - - - - - - - - - - - - - - - - -
 CB:  Cutback...

 CB: alt.   =      0. ft
 CB: dyn.pr.=   94.74 psf
 CB: VTAS   =  282.28 ft/s
 CB: W/WMTO = 1.00000
 CB: Mach   =  0.2529
 CB: L/D    =  15.157
 CB: gamV   = 3.00000 deg
 CB: e      =  0.8152
 CB: CL     =  1.3984
 CB: CD     = 0.09226
 CB: CDi    = 0.07636
 CB: CDfuse = 0.00521
 CB: CDwing = 0.00827
 CB: CDover = 0.00000
 CB: CDhtail= 0.00157
 CB: CDvtail= 0.00090
 CB: CDnace = 0.00013
 CB: CDstrut= 0.00000
 CB: Mperp  =  0.2145
 CB: clpo   =  1.9716
 CB: clps   =  2.0302
 CB: clpt   =  1.6665
 CB: fduo   =  0.0320
 CB: fdus   =  0.0170
 CB: fdut   =  0.0040
 CB: cdpw   = 0.00350
 CB: cdfw   = 0.00850
 CB: cdw    = 0.01200
 CB: Clh    = -0.3070
 CB: ClhSh/S= -0.0530
 CB: CMwing = -6.5998
 CB: CMfuse =  0.1744
 CB: CMtail =  0.4207
 CB: cmpo   = -0.3000
 CB: cmps   = -0.3000
 CB: cmpt   = -0.0900
 CB: dh/dR  = 0.05241
 CB: xCG    =  102.05 ft
 CB: xNP    =  111.01 ft
 CB: S.M.   =   0.377
 CB: Wbuoy  =     0.0 lb
 CB: Lwing  =   85.97 %
 CB: Lfuse  =   17.82 %
 CB: Ltail  =   -3.79 %

 CB: BPR    =   8.0092    
 CB: FPR    =   1.4004    
 CB: OPR    =   33.978    
 CB: pilc   =   6.2455    
 CB: pihc   =   5.4403    
 CB: 1/piht =   3.0372    
 CB: 1/pilt =   8.3423    
 CB: pid    =  0.99500    
 CB: pib    =  0.94000    
 CB: pifn   =  0.98500    
 CB: pitn   =  0.99500    
 CB: N1     =  0.88154    
 CB: N2     =  0.99948    
 CB: Nlc_c% =   82.029    
 CB: Nhc_c% =   96.815    
 CB: Nht_c% =   100.42    
 CB: Nlt_c% =   88.613    
 CB: mlc_c% =   74.233    
 CB: mhc_c% =   93.970    
 CB: mht_c% =   100.00    
 CB: mlt_c% =   100.00    
 CB: mf_c%  =   81.344    
 CB: epf    =  0.93537    
 CB: eplc   =  0.90000    
 CB: ephc   =  0.89000    
 CB: epht   =  0.90000    
 CB: eplt   =  0.88687    
 CB: etab   =  0.98500    
 CB: fo     =  0.32990E-01
 CB: ffbar  =  0.20193E-01
 CB: ff     =  0.16547E-01
 CB: fc     =  0.14757    
 CB: epsrow =  0.11285      0.38500E-01
 CB: Tmrow  =   1190.3       1163.6    

 CB: Fsp    =  0.49017    
 CB: Feng   =   92.666     kN
 CB: FengA  =   91.617     kN
 CB: mcore  =   61.003     kg/s
 CB: mcool  =   9.0025     kg/s
 CB: mfuel  =   1.0094     kg/s
 CB: mofft  =   2.0125     kg/s
 CB: Pofft  =   33.333     kW
 CB: PK     =   15640.     kW
 CB: Phijet =   7677.0     kW
 CB: Phiinl =   90.222     kW
 CB: Kinl   =   96.065     kW
 CB: etap   =  0.50961    
 CB: TSFC   =  0.38469     1/hr
 CB: hfuel  =   42.703     MJ/kg

 CB:  loc     Tt      pt       cpt       R    cpt/(cpt-R)
              K       kPa     J/kg K   J/kg K
       0     291.7   105.92   1006.2    287.5   1.4000
       2     291.7   105.13   1006.2    287.5   1.4000
       21    323.2   147.23   1007.9    287.9   1.3990
       7     323.2   145.02   1007.9    287.5   1.3990

       0     291.7   105.92   1006.2    287.5   1.4000
       18    291.7   105.39   1006.2    287.9   1.4000
       19    291.7   105.39   1006.2    287.9   1.4000
       25    518.8   658.20   1035.3    287.9   1.3844
       3     864.4  3580.86   1115.7    287.5   1.3471
       4    1550.4  3366.01   1268.1    287.9   1.2938
       41   1454.9  3068.22   1249.7    287.9   1.2993
       45   1150.9  1010.21   1205.8    287.9   1.3136
       49    720.8   121.10   1110.1    287.9   1.3501
       5     720.8   120.49   1110.1    287.9   1.3501

 CB:  device     power    dh/dT     epol     eta
                  kW      J/kg K                
     fan 2 -21 -15535.5   1007.1   0.9354   0.9322
     LPC 19-25 -14097.2   1017.5   0.9000   0.8723
     HPC 25-3  -21919.9   1075.1   0.8900   0.8637
     HPT 41-45  22413.0   1229.1   0.9000   0.9114
     LPT 45-49  29965.7   1161.1   0.8869   0.9119

 CB:  loc   T       p       M       u        A     Fsp    eta_p
            K      kPa             m/s      m^2
      0    288.0  101.32  0.2529   86.01  5.2101  0.4902
      2    279.5   90.60  0.4660  156.33  3.1176

      25   490.7  538.85  0.5447  240.94  0.0641

      5    689.0  101.32  0.5117  265.17  0.4430
      6    689.0  101.32  0.5117  265.17  0.4430  0.0571  0.4898

      7    291.8  101.32  0.7345  251.70  1.6071
      8    291.8  101.32  0.7345  251.70  1.6071  0.4331  0.5094

      9                             0.00  0.0000  0.0000  2.0000

 - - - - - - - - - - - - - - - - - - - - - - - - - - - - -
 B1:  Climb1...           

 B1: alt.   =      0. ft
 B1: dyn.pr.=   94.06 psf
 B1: VTAS   =  281.26 ft/s
 B1: W/WMTO = 1.00000
 B1: Mach   =  0.2520
 B1: L/D    =  15.156
 B1: gamV   = 6.90842 deg
 B1: e      =  0.8152
 B1: CL     =  1.3984
 B1: CD     = 0.09227
 B1: CDi    = 0.07636
 B1: CDfuse = 0.00521
 B1: CDwing = 0.00828
 B1: CDover = 0.00000
 B1: CDhtail= 0.00157
 B1: CDvtail= 0.00090
 B1: CDnace = 0.00013
 B1: CDstrut= 0.00000
 B1: Mperp  =  0.2137
 B1: clpo   =  1.9716
 B1: clps   =  2.0302
 B1: clpt   =  1.6665
 B1: fduo   =  0.0320
 B1: fdus   =  0.0170
 B1: fdut   =  0.0040
 B1: cdpw   = 0.00350
 B1: cdfw   = 0.00850
 B1: cdw    = 0.01200
 B1: Clh    = -0.3070
 B1: ClhSh/S= -0.0530
 B1: CMwing = -6.5998
 B1: CMfuse =  0.1744
 B1: CMtail =  0.4207
 B1: cmpo   = -0.3000
 B1: cmps   = -0.3000
 B1: cmpt   = -0.0900
 B1: dh/dR  = 0.12116
 B1: xCG    =  102.05 ft
 B1: xNP    =  111.01 ft
 B1: S.M.   =   0.377
 B1: Wbuoy  =     0.0 lb
 B1: Lwing  =   85.97 %
 B1: Lfuse  =   17.82 %
 B1: Ltail  =   -3.79 %

 B1: BPR    =   7.4409    
 B1: FPR    =   1.6020    
 B1: OPR    =   46.519    
 B1: pilc   =   7.7719    
 B1: pihc   =   5.9855    
 B1: 1/piht =   3.0267    
 B1: 1/pilt =   10.095    
 B1: pid    =  0.99500    
 B1: pib    =  0.94000    
 B1: pifn   =  0.98500    
 B1: pitn   =  0.99500    
 B1: N1     =   1.0378    
 B1: N2     =   1.0673    
 B1: Nlc_c% =   96.574    
 B1: Nhc_c% =   99.973    
 B1: Nht_c% =   100.49    
 B1: Nlt_c% =   97.416    
 B1: mlc_c% =   94.407    
 B1: mhc_c% =   100.04    
 B1: mht_c% =   100.00    
 B1: mlt_c% =   100.00    
 B1: mf_c%  =   96.078    
 B1: epf    =  0.91985    
 B1: eplc   =  0.90000    
 B1: ephc   =  0.89000    
 B1: epht   =  0.90000    
 B1: eplt   =  0.89791    
 B1: etab   =  0.98500    
 B1: fo     =  0.25947E-01
 B1: ffbar  =  0.25174E-01
 B1: ff     =  0.20806E-01
 B1: fc     =  0.14757    
 B1: epsrow =  0.11285      0.38500E-01
 B1: Tmrow  =   1322.3       1316.5    

 B1: Fsp    =  0.64937    
 B1: Feng   =   145.62     kN
 B1: FengA  =   144.58     kN
 B1: mcore  =   77.560     kg/s
 B1: mcool  =   11.446     kg/s
 B1: mfuel  =   1.6137     kg/s
 B1: mofft  =   2.0125     kg/s
 B1: Pofft  =   33.333     kW
 B1: PK     =   28611.     kW
 B1: Phijet =   16144.     kW
 B1: Phiinl =   89.241     kW
 B1: Kinl   =   95.021     kW
 B1: etap   =  0.43618    
 B1: TSFC   =  0.39136     1/hr
 B1: hfuel  =   42.348     MJ/kg

 B1:  loc     Tt      pt       cpt       R    cpt/(cpt-R)
              K       kPa     J/kg K   J/kg K
       0     291.6   105.88   1006.2    287.5   1.4000
       2     291.6   105.13   1006.2    287.5   1.4000
       21    337.6   168.42   1008.9    288.0   1.3985
       7     337.6   165.90   1008.9    287.5   1.3985

       0     291.6   105.88   1006.2    287.5   1.4000
       18    291.6   105.36   1006.2    288.0   1.4000
       19    291.6   105.36   1006.2    288.0   1.4000
       25    554.8   818.81   1043.1    288.0   1.3804
       3     945.3  4900.98   1132.9    287.5   1.3401
       4    1770.2  4606.92   1301.9    288.0   1.2841
       41   1656.9  4210.82   1281.9    288.0   1.2897
       45   1319.9  1391.25   1241.6    288.0   1.3020
       49    798.7   137.82   1137.0    288.0   1.3392
       5     798.7   137.13   1137.0    288.0   1.3392

 B1:  device     power    dh/dT     epol     eta
                  kW      J/kg K                
     fan 2 -21 -26694.6   1007.5   0.9198   0.9144
     LPC 19-25 -20828.6   1020.5   0.9000   0.8689
     HPC 25-3  -32118.0   1088.6   0.8900   0.8625
     HPT 41-45  32840.5   1263.0   0.9000   0.9110
     LPT 45-49  48037.0   1194.5   0.8979   0.9220

 B1:  loc   T       p       M       u        A     Fsp    eta_p
            K      kPa             m/s      m^2
      0    288.0  101.32  0.2520   85.70  6.2291  0.6494
      2    271.9   82.21  0.6033  199.58  3.1176

      25   518.8  642.32  0.6023  273.68  0.0641

      5    739.4  101.32  0.6840  366.06  0.4430
      6    739.4  101.32  0.6840  366.06  0.4430  0.0970  0.3794

      7    293.3  101.32  0.8697  298.80  1.6071
      8    293.3  101.32  0.8697  298.80  1.6071  0.5524  0.4458

      9                             0.00  0.0000  0.0000  2.0000

 - - - - - - - - - - - - - - - - - - - - - - - - - - - - -
 B2:  Climb2...           

 B2: alt.   =   8375. ft
 B2: dyn.pr.=  259.44 psf
 B2: VTAS   =  530.18 ft/s
 B2: W/WMTO = 0.99424
 B2: Mach   =  0.4893
 B2: L/D    =  22.046
 B2: gamV   = 5.17809 deg
 B2: e      =  0.9031
 B2: CL     =  0.5050
 B2: CD     = 0.02291
 B2: CDi    = 0.00899
 B2: CDfuse = 0.00521
 B2: CDwing = 0.00632
 B2: CDover = 0.00000
 B2: CDhtail= 0.00148
 B2: CDvtail= 0.00085
 B2: CDnace = 0.00024
 B2: CDstrut= 0.00000
 B2: Mperp  =  0.4149
 B2: clpo   =  0.6062
 B2: clps   =  0.7803
 B2: clpt   =  0.8327
 B2: fduo   =  0.0320
 B2: fdus   =  0.0170
 B2: fdut   =  0.0040
 B2: cdpw   = 0.00136
 B2: cdfw   = 0.00496
 B2: cdw    = 0.00632
 B2: Clh    = -0.1300
 B2: ClhSh/S= -0.0224
 B2: CMwing = -2.4341
 B2: CMfuse =  0.0878
 B2: CMtail =  0.1781
 B2: cmpo   = -0.0900
 B2: cmps   = -0.0900
 B2: cmpt   = -0.0900
 B2: dh/dR  = 0.09062
 B2: xCG    =  102.04 ft
 B2: xNP    =  112.62 ft
 B2: S.M.   =   0.445
 B2: Wbuoy  =  -112.4 lb
 B2: Lwing  =   89.27 %
 B2: Lfuse  =   15.17 %
 B2: Ltail  =   -4.44 %

 B2: BPR    =   7.2967    
 B2: FPR    =   1.6548    
 B2: OPR    =   49.362    
 B2: pilc   =   8.1497    
 B2: pihc   =   6.0569    
 B2: 1/piht =   3.0266    
 B2: 1/pilt =   10.865    
 B2: pid    =  0.99500    
 B2: pib    =  0.94000    
 B2: pifn   =  0.98500    
 B2: pitn   =  0.99500    
 B2: N1     =   1.0645    
 B2: N2     =   1.0666    
 B2: Nlc_c% =   100.28    
 B2: Nhc_c% =   100.37    
 B2: Nht_c% =   100.44    
 B2: Nlt_c% =   99.934    
 B2: mlc_c% =   99.352    
 B2: mhc_c% =   100.80    
 B2: mht_c% =   100.00    
 B2: mlt_c% =   100.00    
 B2: mf_c%  =   100.24    
 B2: epf    =  0.91578    
 B2: eplc   =  0.90000    
 B2: ephc   =  0.89000    
 B2: epht   =  0.90000    
 B2: eplt   =  0.89963    
 B2: etab   =  0.98500    
 B2: fo     =  0.29549E-01
 B2: ffbar  =  0.25328E-01
 B2: ff     =  0.20841E-01
 B2: fc     =  0.14757    
 B2: epsrow =  0.11285      0.38500E-01
 B2: Tmrow  =   1319.3       1314.8    

 B2: Fsp    =  0.54937    
 B2: Feng   =   105.40     kN
 B2: FengA  =   102.53     kN
 B2: mcore  =   68.108     kg/s
 B2: mcool  =   10.051     kg/s
 B2: mfuel  =   1.4195     kg/s
 B2: mofft  =   2.0125     kg/s
 B2: Pofft  =   33.333     kW
 B2: PK     =   26566.     kW
 B2: Phijet =   9570.3     kW
 B2: Phiinl =   464.18     kW
 B2: Kinl   =   494.25     kW
 B2: etap   =  0.64115    
 B2: TSFC   =  0.47561     1/hr
 B2: hfuel  =   42.349     MJ/kg

 B2:  loc     Tt      pt       cpt       R    cpt/(cpt-R)
              K       kPa     J/kg K   J/kg K
       0     284.6    87.28   1005.9    287.5   1.4001
       2     284.6    85.72   1005.9    287.5   1.4001
       21    333.0   141.86   1008.5    288.0   1.3987
       7     333.0   139.73   1008.5    287.5   1.3987

       0     284.6    87.28   1005.9    287.5   1.4001
       18    284.6    86.84   1005.9    288.0   1.4001
       19    284.6    86.84   1005.9    288.0   1.4001
       25    549.8   707.72   1042.0    288.0   1.3810
       3     940.6  4286.58   1131.9    287.5   1.3404
       4    1770.2  4029.38   1302.3    288.0   1.2840
       41   1656.3  3683.73   1282.1    288.0   1.2897
       45   1319.5  1217.12   1241.8    288.0   1.3019
       49    784.4   112.02   1133.5    288.0   1.3406
       5     784.4   111.46   1133.5    288.0   1.3406

 B2:  device     power    dh/dT     epol     eta
                  kW      J/kg K                
     fan 2 -21 -24217.6   1007.2   0.9158   0.9096
     LPC 19-25 -18417.0   1019.7   0.9000   0.8680
     HPC 25-3  -28093.0   1087.5   0.8900   0.8623
     HPT 41-45  28724.9   1263.3   0.9000   0.9110
     LPT 45-49  43098.9   1193.1   0.8996   0.9241

 B2:  loc   T       p       M       u        A     Fsp    eta_p
            K      kPa             m/s      m^2
      0    271.6   74.12  0.4893  161.60  3.6755  0.5494
      2    262.3   64.44  0.6516  211.76  3.1176

      25   513.2  551.83  0.6099  275.69  0.0641

      5    706.5   74.12  0.7986  418.36  0.4430
      6    706.5   74.12  0.7986  418.36  0.4430  0.0924  0.5573

      7    277.8   74.12  0.9964  333.22  1.6071
      8    277.8   74.12  0.9964  333.22  1.6071  0.4570  0.6532

      9                             0.00  0.0000  0.0000  2.0000

 - - - - - - - - - - - - - - - - - - - - - - - - - - - - -
 B3:  Climb3...           

 B3: alt.   =  16750. ft
 B3: dyn.pr.=  259.63 psf
 B3: VTAS   =  607.51 ft/s
 B3: W/WMTO = 0.99055
 B3: Mach   =  0.5786
 B3: L/D    =  21.860
 B3: gamV   = 3.62251 deg
 B3: e      =  0.9031
 B3: CL     =  0.5050
 B3: CD     = 0.02310
 B3: CDi    = 0.00899
 B3: CDfuse = 0.00521
 B3: CDwing = 0.00644
 B3: CDover = 0.00000
 B3: CDhtail= 0.00150
 B3: CDvtail= 0.00086
 B3: CDnace = 0.00029
 B3: CDstrut= 0.00000
 B3: Mperp  =  0.4907
 B3: clpo   =  0.6062
 B3: clps   =  0.7803
 B3: clpt   =  0.8327
 B3: fduo   =  0.0320
 B3: fdus   =  0.0170
 B3: fdut   =  0.0040
 B3: cdpw   = 0.00149
 B3: cdfw   = 0.00495
 B3: cdw    = 0.00644
 B3: Clh    = -0.1300
 B3: ClhSh/S= -0.0225
 B3: CMwing = -2.4342
 B3: CMfuse =  0.0878
 B3: CMtail =  0.1782
 B3: cmpo   = -0.0900
 B3: cmps   = -0.0900
 B3: cmpt   = -0.0900
 B3: dh/dR  = 0.06331
 B3: xCG    =  102.04 ft
 B3: xNP    =  112.62 ft
 B3: S.M.   =   0.445
 B3: Wbuoy  =   497.3 lb
 B3: Lwing  =   89.27 %
 B3: Lfuse  =   15.17 %
 B3: Ltail  =   -4.45 %

 B3: BPR    =   7.0753    
 B3: FPR    =   1.7311    
 B3: OPR    =   53.315    
 B3: pilc   =   8.4239    
 B3: pihc   =   6.3290    
 B3: 1/piht =   3.0264    
 B3: 1/pilt =   11.244    
 B3: pid    =  0.99500    
 B3: pib    =  0.94000    
 B3: pifn   =  0.98500    
 B3: pitn   =  0.99500    
 B3: N1     =   1.0856    
 B3: N2     =   1.0643    
 B3: Nlc_c% =   104.59    
 B3: Nhc_c% =   101.83    
 B3: Nht_c% =   100.29    
 B3: Nlt_c% =   101.97    
 B3: mlc_c% =   105.69    
 B3: mhc_c% =   103.69    
 B3: mht_c% =   100.00    
 B3: mlt_c% =   100.00    
 B3: mf_c%  =   104.07    
 B3: epf    =  0.90991    
 B3: eplc   =  0.90000    
 B3: ephc   =  0.89000    
 B3: epht   =  0.90000    
 B3: eplt   =  0.89990    
 B3: etab   =  0.98500    
 B3: fo     =  0.35636E-01
 B3: ffbar  =  0.25845E-01
 B3: ff     =  0.21110E-01
 B3: fc     =  0.14757    
 B3: epsrow =  0.11285      0.38500E-01
 B3: Tmrow  =   1308.7       1308.4    

 B3: Fsp    =  0.55991    
 B3: Feng   =   84.590     kN
 B3: FengA  =   81.699     kN
 B3: mcore  =   56.474     kg/s
 B3: mcool  =   8.3341     kg/s
 B3: mfuel  =   1.1922     kg/s
 B3: mofft  =   2.0125     kg/s
 B3: Pofft  =   33.333     kW
 B3: PK     =   23333.     kW
 B3: Phijet =   7710.5     kW
 B3: Phiinl =   532.26     kW
 B3: Kinl   =   566.74     kW
 B3: etap   =  0.67130    
 B3: TSFC   =  0.49773     1/hr
 B3: hfuel  =   42.354     MJ/kg

 B3:  loc     Tt      pt       cpt       R    cpt/(cpt-R)
              K       kPa     J/kg K   J/kg K
       0     272.1    66.52   1005.5    287.5   1.4004
       2     272.1    64.91   1005.5    287.5   1.4004
       21    323.2   112.36   1007.9    288.0   1.3990
       7     323.2   110.68   1007.9    287.5   1.3990

       0     272.1    66.52   1005.5    287.5   1.4004
       18    272.1    66.18   1005.5    288.0   1.4004
       19    272.1    66.18   1005.5    288.0   1.4004
       25    531.8   557.53   1038.1    288.0   1.3830
       3     923.7  3528.62   1128.5    287.5   1.3418
       4    1770.2  3316.90   1303.5    288.1   1.2837
       41   1654.2  3034.69   1282.9    288.0   1.2894
       45   1318.0  1002.75   1242.5    288.0   1.3017
       49    777.5    89.18   1132.4    288.0   1.3410
       5     777.5    88.73   1132.4    288.0   1.3410

 B3:  device     power    dh/dT     epol     eta
                  kW      J/kg K                
     fan 2 -21 -20572.1   1006.7   0.9099   0.9027
     LPC 19-25 -14923.4   1017.6   0.9000   0.8674
     HPC 25-3  -23129.7   1083.5   0.8900   0.8615
     HPT 41-45  23650.0   1264.0   0.9000   0.9110
     LPT 45-49  35887.7   1193.0   0.8999   0.9246

 B3:  loc   T       p       M       u        A     Fsp    eta_p
            K      kPa             m/s      m^2
      0    255.0   53.04  0.5786  185.17  3.3965  0.5599
      2    247.3   46.48  0.7072  223.18  3.1176

      25   492.8  424.01  0.6404  283.90  0.0641

      5    681.1   53.04  0.9023  464.60  0.4430
      6    681.1   53.04  0.9023  464.60  0.4430  0.1055  0.5700

      7    269.3   58.46  1.0000  329.30  1.6071
      8    262.0   53.04  1.0812  351.14  1.6156  0.4544  0.6905

      9                             0.00  0.0000  0.0000  2.0000

 - - - - - - - - - - - - - - - - - - - - - - - - - - - - -
 B4:  Climb4...           

 B4: alt.   =  25125. ft
 B4: dyn.pr.=  259.12 psf
 B4: VTAS   =  700.83 ft/s
 B4: W/WMTO = 0.98634
 B4: Mach   =  0.6903
 B4: L/D    =  21.516
 B4: gamV   = 2.27489 deg
 B4: e      =  0.9031
 B4: CL     =  0.5050
 B4: CD     = 0.02347
 B4: CDi    = 0.00899
 B4: CDfuse = 0.00521
 B4: CDwing = 0.00671
 B4: CDover = 0.00000
 B4: CDhtail= 0.00152
 B4: CDvtail= 0.00087
 B4: CDnace = 0.00036
 B4: CDstrut= 0.00000
 B4: Mperp  =  0.5854
 B4: clpo   =  0.6063
 B4: clps   =  0.7804
 B4: clpt   =  0.8327
 B4: fduo   =  0.0320
 B4: fdus   =  0.0170
 B4: fdut   =  0.0040
 B4: cdpw   = 0.00183
 B4: cdfw   = 0.00489
 B4: cdw    = 0.00671
 B4: Clh    = -0.1302
 B4: ClhSh/S= -0.0225
 B4: CMwing = -2.4343
 B4: CMfuse =  0.0878
 B4: CMtail =  0.1784
 B4: cmpo   = -0.0900
 B4: cmps   = -0.0900
 B4: cmpt   = -0.0900
 B4: dh/dR  = 0.03973
 B4: xCG    =  102.04 ft
 B4: xNP    =  112.62 ft
 B4: S.M.   =   0.445
 B4: Wbuoy  =   985.8 lb
 B4: Lwing  =   89.28 %
 B4: Lfuse  =   15.17 %
 B4: Ltail  =   -4.45 %

 B4: BPR    =   6.9100    
 B4: FPR    =   1.7990    
 B4: OPR    =   56.447    
 B4: pilc   =   8.4753    
 B4: pihc   =   6.6601    
 B4: 1/piht =   3.0261    
 B4: 1/pilt =   11.352    
 B4: pid    =  0.99500    
 B4: pib    =  0.94000    
 B4: pifn   =  0.98500    
 B4: pitn   =  0.99500    
 B4: N1     =   1.1014    
 B4: N2     =   1.0621    
 B4: Nlc_c% =   108.32    
 B4: Nhc_c% =   103.57    
 B4: Nht_c% =   100.15    
 B4: Nlt_c% =   103.52    
 B4: mlc_c% =   110.63    
 B4: mhc_c% =   107.18    
 B4: mht_c% =   100.00    
 B4: mlt_c% =   100.00    
 B4: mf_c%  =   107.44    
 B4: epf    =  0.90468    
 B4: eplc   =  0.90000    
 B4: ephc   =  0.89000    
 B4: epht   =  0.90000    
 B4: eplt   =  0.89982    
 B4: etab   =  0.98500    
 B4: fo     =  0.43402E-01
 B4: ffbar  =  0.26419E-01
 B4: ff     =  0.21373E-01
 B4: fc     =  0.14757    
 B4: epsrow =  0.11285      0.38500E-01
 B4: Tmrow  =   1296.9       1301.4    

 B4: Fsp    =  0.56272    
 B4: Feng   =   66.734     kN
 B4: FengA  =   63.750     kN
 B4: mcore  =   46.369     kg/s
 B4: mcool  =   6.8429     kg/s
 B4: mfuel  =  0.99106     kg/s
 B4: mofft  =   2.0125     kg/s
 B4: Pofft  =   33.333     kW
 B4: PK     =   20306.     kW
 B4: Phijet =   6096.2     kW
 B4: Phiinl =   612.83     kW
 B4: Kinl   =   652.52     kW
 B4: etap   =  0.70201    
 B4: TSFC   =  0.52448     1/hr
 B4: hfuel  =   42.358     MJ/kg

 B4:  loc     Tt      pt       cpt       R    cpt/(cpt-R)
              K       kPa     J/kg K   J/kg K
       0     261.1    51.11   1005.1    287.5   1.4006
       2     261.1    49.39   1005.1    287.5   1.4006
       21    314.3    88.85   1007.4    288.0   1.3993
       7     314.3    87.52   1007.4    287.5   1.3993

       0     261.1    51.11   1005.1    287.5   1.4006
       18    261.1    50.86   1005.1    288.0   1.4006
       19    261.1    50.86   1005.1    288.0   1.4006
       25    512.0   431.04   1033.9    288.0   1.3851
       3     905.2  2870.81   1124.7    287.5   1.3434
       4    1770.2  2698.56   1304.8    288.1   1.2833
       41   1652.0  2471.02   1283.8    288.0   1.2892
       45   1316.4   816.56   1243.2    288.0   1.3015
       49    775.1    71.93   1132.6    288.0   1.3410
       5     775.1    71.57   1132.6    288.0   1.3410

 B4:  device     power    dh/dT     epol     eta
                  kW      J/kg K                
     fan 2 -21 -17157.7   1006.2   0.9047   0.8965
     LPC 19-25 -11811.9   1015.6   0.9000   0.8672
     HPC 25-3  -18821.5   1079.1   0.8900   0.8605
     HPT 41-45  19244.9   1264.8   0.9000   0.9110
     LPT 45-49  29295.9   1193.5   0.8998   0.9246

 B4:  loc   T       p       M       u        A     Fsp    eta_p
            K      kPa             m/s      m^2
      0    238.4   37.19  0.6903  213.61  3.1575  0.5627
      2    233.6   33.44  0.7674  235.36  3.1176

      25   469.6  316.41  0.6818  295.29  0.0641

      5    660.0   38.36  1.0000  507.25  0.4430
      6    654.7   37.19  1.0264  518.66  0.4432  0.1200  0.5834

      7    261.9   46.23  1.0000  324.76  1.6071
      8    246.1   37.19  1.1766  370.44  1.6456  0.4428  0.7315

      9                             0.00  0.0000  0.0000  2.0000

 - - - - - - - - - - - - - - - - - - - - - - - - - - - - -
 B5:  Climb5...           

 B5: alt.   =  33500. ft
 B5: dyn.pr.=  258.11 psf
 B5: VTAS   =  813.22 ft/s
 B5: W/WMTO = 0.98079
 B5: Mach   =  0.8302
 B5: L/D    =  20.957
 B5: gamV   = 1.18577 deg
 B5: e      =  0.9030
 B5: CL     =  0.5050
 B5: CD     = 0.02410
 B5: CDi    = 0.00899
 B5: CDfuse = 0.00521
 B5: CDwing = 0.00723
 B5: CDover = 0.00000
 B5: CDhtail= 0.00154
 B5: CDvtail= 0.00088
 B5: CDnace = 0.00043
 B5: CDstrut= 0.00000
 B5: Mperp  =  0.7040
 B5: clpo   =  0.6063
 B5: clps   =  0.7804
 B5: clpt   =  0.8328
 B5: fduo   =  0.0320
 B5: fdus   =  0.0170
 B5: fdut   =  0.0040
 B5: cdpw   = 0.00248
 B5: cdfw   = 0.00475
 B5: cdw    = 0.00723
 B5: Clh    = -0.1304
 B5: ClhSh/S= -0.0225
 B5: CMwing = -2.4345
 B5: CMfuse =  0.0878
 B5: CMtail =  0.1787
 B5: cmpo   = -0.0900
 B5: cmps   = -0.0900
 B5: cmpt   = -0.0900
 B5: dh/dR  = 0.02070
 B5: xCG    =  102.03 ft
 B5: xNP    =  112.62 ft
 B5: S.M.   =   0.446
 B5: Wbuoy  =  1367.0 lb
 B5: Lwing  =   89.28 %
 B5: Lfuse  =   15.18 %
 B5: Ltail  =   -4.46 %

 B5: BPR    =   6.7742    
 B5: FPR    =   1.8565    
 B5: OPR    =   58.619    
 B5: pilc   =   8.3761    
 B5: pihc   =   6.9984    
 B5: 1/piht =   3.0259    
 B5: 1/pilt =   11.349    
 B5: pid    =  0.99500    
 B5: pib    =  0.94000    
 B5: pifn   =  0.98500    
 B5: pitn   =  0.99500    
 B5: N1     =   1.1142    
 B5: N2     =   1.0603    
 B5: Nlc_c% =   111.41    
 B5: Nhc_c% =   105.28    
 B5: Nht_c% =   100.04    
 B5: Nlt_c% =   104.78    
 B5: mlc_c% =   114.19    
 B5: mhc_c% =   110.72    
 B5: mht_c% =   100.00    
 B5: mlt_c% =   100.00    
 B5: mf_c%  =   110.27    
 B5: epf    =  0.90025    
 B5: eplc   =  0.90000    
 B5: ephc   =  0.89000    
 B5: epht   =  0.90000    
 B5: eplt   =  0.89967    
 B5: etab   =  0.98500    
 B5: fo     =  0.52556E-01
 B5: ffbar  =  0.26956E-01
 B5: ff     =  0.21561E-01
 B5: fc     =  0.14757    
 B5: epsrow =  0.11285      0.38500E-01
 B5: Tmrow  =   1286.2       1294.9    

 B5: Fsp    =  0.56141    
 B5: Feng   =   52.757     kN
 B5: FengA  =   49.517     kN
 B5: mcore  =   38.292     kg/s
 B5: mcool  =   5.6509     kg/s
 B5: mfuel  =  0.82562     kg/s
 B5: mofft  =   2.0125     kg/s
 B5: Pofft  =   33.333     kW
 B5: PK     =   17771.     kW
 B5: Phijet =   4745.3     kW
 B5: Phiinl =   708.34     kW
 B5: Kinl   =   754.22     kW
 B5: etap   =  0.73583    
 B5: TSFC   =  0.55268     1/hr
 B5: hfuel  =   42.359     MJ/kg

 B5:  loc     Tt      pt       cpt       R    cpt/(cpt-R)
              K       kPa     J/kg K   J/kg K
       0     252.6    40.22   1004.9    287.5   1.4007
       2     252.6    38.31   1004.9    287.5   1.4007
       21    307.4    71.13   1007.0    288.0   1.3996
       7     307.4    70.06   1007.0    287.5   1.3996

       0     252.6    40.22   1004.9    287.5   1.4007
       18    252.6    40.02   1004.9    288.0   1.4007
       19    252.6    40.02   1004.9    288.0   1.4007
       25    493.8   335.19   1030.3    288.0   1.3870
       3     888.2  2345.76   1121.0    287.5   1.3449
       4    1770.2  2205.01   1306.0    288.1   1.2830
       41   1649.9  2020.63   1284.6    288.0   1.2890
       45   1315.0   667.77   1243.9    288.0   1.3013
       49    774.6    58.84   1133.1    288.0   1.3408
       5     774.6    58.55   1133.1    288.0   1.3408

 B5:  device     power    dh/dT     epol     eta
                  kW      J/kg K                
     fan 2 -21 -14304.4   1005.9   0.9002   0.8912
     LPC 19-25  -9366.1   1014.0   0.9000   0.8674
     HPC 25-3  -15381.9   1075.0   0.8900   0.8596
     HPT 41-45  15728.0   1265.6   0.9000   0.9110
     LPT 45-49  23943.3   1194.1   0.8997   0.9245

 B5:  loc   T       p       M       u        A     Fsp    eta_p
            K      kPa             m/s      m^2
      0    222.0   25.62  0.8302  247.87  2.9853  0.5614
      2    221.6   24.26  0.8346  249.36  3.1176

      25   447.2  235.32  0.7312  309.25  0.0641

      5    659.6   31.38  1.0000  507.07  0.4430
      6    625.4   25.62  1.1656  576.37  0.4526  0.1338  0.6015

      7    256.1   37.01  1.0000  321.14  1.6071
      8    230.5   25.62  1.2901  393.11  1.7072  0.4239  0.7734

      9                           163.22  0.0334  0.0037  1.2059

 - - - - - - - - - - - - - - - - - - - - - - - - - - - - -
 C1:  Cruise1...          

 C1: alt.   =  33500. ft
 C1: dyn.pr.=  258.00 psf
 C1: VTAS   =  813.04 ft/s
 C1: W/WMTO = 0.98079
 C1: Mach   =  0.8300
 C1: L/D    =  20.798
 C1: gamV   = 0.01100 deg
 C1: e      =  0.9030
 C1: CL     =  0.5050
 C1: CD     = 0.02428
 C1: CDi    = 0.00899
 C1: CDfuse = 0.00521
 C1: CDwing = 0.00723
 C1: CDover = 0.00000
 C1: CDhtail= 0.00154
 C1: CDvtail= 0.00088
 C1: CDnace = 0.00062
 C1: CDstrut= 0.00000
 C1: Mperp  =  0.7039
 C1: clpo   =  0.6063
 C1: clps   =  0.7804
 C1: clpt   =  0.8328
 C1: fduo   =  0.0320
 C1: fdus   =  0.0170
 C1: fdut   =  0.0040
 C1: cdpw   = 0.00248
 C1: cdfw   = 0.00475
 C1: cdw    = 0.00723
 C1: Clh    = -0.1304
 C1: ClhSh/S= -0.0225
 C1: CMwing = -2.4345
 C1: CMfuse =  0.0878
 C1: CMtail =  0.1787
 C1: cmpo   = -0.0900
 C1: cmps   = -0.0900
 C1: cmpt   = -0.0900
 C1: dh/dR  = 0.00019
 C1: xCG    =  102.03 ft
 C1: xNP    =  112.62 ft
 C1: S.M.   =   0.446
 C1: Wbuoy  =  1367.0 lb
 C1: Lwing  =   89.28 %
 C1: Lfuse  =   15.18 %
 C1: Ltail  =   -4.46 %

 C1: BPR    =   7.0000    
 C1: FPR    =   1.6500    
 C1: OPR    =   48.000    
 C1: pilc   =   8.0000    
 C1: pihc   =   6.0000    
 C1: 1/piht =   3.0358    
 C1: 1/pilt =   11.499    
 C1: pid    =  0.99500    
 C1: pib    =  0.94000    
 C1: pifn   =  0.98500    
 C1: pitn   =  0.99500    
 C1: N1     =   1.0000    
 C1: N2     =   1.0000    
 C1: Nlc_c% =   100.00    
 C1: Nhc_c% =   100.00    
 C1: Nht_c% =   100.00    
 C1: Nlt_c% =   100.00    
 C1: mlc_c% =   100.00    
 C1: mhc_c% =   100.00    
 C1: mht_c% =   100.00    
 C1: mlt_c% =   100.00    
 C1: mf_c%  =   100.00    
 C1: epf    =  0.91615    
 C1: eplc   =  0.90000    
 C1: ephc   =  0.89000    
 C1: epht   =  0.90000    
 C1: eplt   =  0.90000    
 C1: etab   =  0.98500    
 C1: fo     =  0.60025E-01
 C1: ffbar  =  0.21672E-01
 C1: ff     =  0.17173E-01
 C1: fc     =  0.14757    
 C1: epsrow =  0.11285      0.38500E-01
 C1: Tmrow  =   1181.0       1164.6    

 C1: Fsp    =  0.42895    
 C1: Feng   =   37.209     kN
 C1: FengA  =   34.240     kN
 C1: mcore  =   33.528     kg/s
 C1: mcool  =   4.9478     kg/s
 C1: mfuel  =  0.57577     kg/s
 C1: mofft  =   2.0125     kg/s
 C1: Pofft  =   33.333     kW
 C1: PK     =   11553.     kW
 C1: Phijet =   2367.1     kW
 C1: Phiinl =   707.87     kW
 C1: Kinl   =   753.72     kW
 C1: etap   =  0.79816    
 C1: TSFC   =  0.54649     1/hr
 C1: hfuel  =   42.675     MJ/kg

 C1:  loc     Tt      pt       cpt       R    cpt/(cpt-R)
              K       kPa     J/kg K   J/kg K
       0     252.5    40.21   1004.9    287.5   1.4007
       2     252.5    38.23   1004.9    287.5   1.4007
       21    295.3    63.07   1006.4    287.9   1.3999
       7     295.3    62.13   1006.4    287.5   1.3999

       0     252.5    40.21   1004.9    287.5   1.4007
       18    252.5    40.01   1004.9    287.9   1.4007
       19    252.5    40.01   1004.9    287.9   1.4007
       25    486.8   320.08   1029.0    287.9   1.3877
       3     838.3  1920.46   1109.7    287.5   1.3497
       4    1570.0  1805.24   1273.5    288.0   1.2922
       41   1468.7  1648.82   1254.1    287.9   1.2980
       45   1163.0   543.12   1210.2    287.9   1.3121
       49    671.9    47.23   1099.0    287.9   1.3550
       5     671.9    47.00   1099.0    287.9   1.3550

 C1:  device     power    dh/dT     epol     eta
                  kW      J/kg K                
     fan 2 -21 -10082.5   1005.7   0.9162   0.9100
     LPC 19-25  -7959.1   1013.5   0.9000   0.8681
     HPC 25-3  -11836.6   1068.4   0.8900   0.8619
     HPT 41-45  12102.9   1233.5   0.9000   0.9113
     LPT 45-49  18257.5   1158.6   0.9000   0.9256

 C1:  loc   T       p       M       u        A     Fsp    eta_p
            K      kPa             m/s      m^2
      0    222.0   25.62  0.8300  247.81  2.6904  0.4290
      2    232.8   28.77  0.6500  199.04  3.1176

      25   454.9  251.30  0.6000  255.87  0.0641

      5    572.0   25.62  0.9818  465.75  0.4430
      6    572.0   25.62  0.9818  465.75  0.4430  0.0829  0.6946

      7    246.0   32.81  1.0000  314.75  1.6071
      8    229.2   25.62  1.1997  364.50  1.6560  0.3420  0.8094

      9                           163.22  0.0334  0.0041  1.2058

 - - - - - - - - - - - - - - - - - - - - - - - - - - - - -
 C2:  Cruise2...          

 C2: alt.   =  39703. ft
 C2: dyn.pr.=  193.88 psf
 C2: VTAS   =  803.33 ft/s
 C2: W/WMTO = 0.73020
 C2: Mach   =  0.8300
 C2: L/D    =  20.429
 C2: gamV   = 0.01094 deg
 C2: e      =  0.8998
 C2: CL     =  0.5050
 C2: CD     = 0.02472
 C2: CDi    = 0.00902
 C2: CDfuse = 0.00521
 C2: CDwing = 0.00752
 C2: CDover = 0.00000
 C2: CDhtail= 0.00160
 C2: CDvtail= 0.00092
 C2: CDnace = 0.00064
 C2: CDstrut= 0.00000
 C2: Mperp  =  0.7039
 C2: clpo   =  0.6089
 C2: clps   =  0.7837
 C2: clpt   =  0.8363
 C2: fduo   =  0.0320
 C2: fdus   =  0.0170
 C2: fdut   =  0.0040
 C2: cdpw   = 0.00259
 C2: cdfw   = 0.00493
 C2: cdw    = 0.00752
 C2: Clh    = -0.1433
 C2: ClhSh/S= -0.0247
 C2: CMwing = -2.4446
 C2: CMfuse =  0.0878
 C2: CMtail =  0.1963
 C2: cmpo   = -0.0900
 C2: cmps   = -0.0900
 C2: cmpt   = -0.0900
 C2: dh/dR  = 0.00019
 C2: xCG    =  101.68 ft
 C2: xNP    =  112.62 ft
 C2: S.M.   =   0.461
 C2: Wbuoy  =  1616.6 lb
 C2: Lwing  =   89.66 %
 C2: Lfuse  =   15.24 %
 C2: Ltail  =   -4.90 %

 C2: BPR    =   6.9185    
 C2: FPR    =   1.6532    
 C2: OPR    =   47.948    
 C2: pilc   =   7.8192    
 C2: pihc   =   6.1321    
 C2: 1/piht =   3.0368    
 C2: 1/pilt =   11.512    
 C2: pid    =  0.99500    
 C2: pib    =  0.94000    
 C2: pifn   =  0.98500    
 C2: pitn   =  0.99500    
 C2: N1     =  0.98990    
 C2: N2     =  0.99189    
 C2: Nlc_c% =   100.19    
 C2: Nhc_c% =   100.72    
 C2: Nht_c% =   99.871    
 C2: Nlt_c% =   99.701    
 C2: mlc_c% =   101.34    
 C2: mhc_c% =   101.39    
 C2: mht_c% =   100.00    
 C2: mlt_c% =   100.00    
 C2: mf_c%  =   100.16    
 C2: epf    =  0.91590    
 C2: eplc   =  0.90000    
 C2: ephc   =  0.89000    
 C2: epht   =  0.90000    
 C2: eplt   =  0.90000    
 C2: etab   =  0.98500    
 C2: fo     =  0.77877E-01
 C2: ffbar  =  0.21595E-01
 C2: ff     =  0.16726E-01
 C2: fc     =  0.14757    
 C2: epsrow =  0.11285      0.38500E-01
 C2: Tmrow  =   1162.0       1146.4    

 C2: Fsp    =  0.43230    
 C2: Feng   =   28.243     kN
 C2: FengA  =   26.010     kN
 C2: mcore  =   25.842     kg/s
 C2: mcool  =   3.8136     kg/s
 C2: mfuel  =  0.43224     kg/s
 C2: mofft  =   2.0125     kg/s
 C2: Pofft  =   33.333     kW
 C2: PK     =   8655.6     kW
 C2: Phijet =   1766.0     kW
 C2: Phiinl =   525.60     kW
 C2: Kinl   =   559.64     kW
 C2: etap   =  0.79897    
 C2: TSFC   =  0.54049     1/hr
 C2: hfuel  =   42.709     MJ/kg

 C2:  loc     Tt      pt       cpt       R    cpt/(cpt-R)
              K       kPa     J/kg K   J/kg K
       0     246.6    30.22   1004.7    287.5   1.4008
       2     246.6    28.73   1004.7    287.5   1.4008
       21    288.5    47.49   1006.1    287.9   1.4001
       7     288.5    46.78   1006.1    287.5   1.4001

       0     246.6    30.22   1004.7    287.5   1.4008
       18    246.6    30.07   1004.7    287.9   1.4008
       19    246.6    30.07   1004.7    287.9   1.4008
       25    472.1   235.09   1026.4    287.9   1.3891
       3     820.1  1441.59   1105.4    287.5   1.3515
       4    1549.7  1355.09   1270.9    288.0   1.2929
       41   1448.7  1238.04   1251.3    287.9   1.2988
       45   1146.4   407.69   1207.2    287.9   1.3132
       49    661.1    35.41   1095.9    287.9   1.3563
       5     661.1    35.24   1095.9    287.9   1.3563

 C2:  device     power    dh/dT     epol     eta
                  kW      J/kg K                
     fan 2 -21  -7532.1   1005.4   0.9159   0.9097
     LPC 19-25  -5900.8   1012.3   0.9000   0.8684
     HPC 25-3   -8826.9   1064.6   0.8900   0.8614
     HPT 41-45   9025.5   1230.6   0.9000   0.9114
     LPT 45-49  13602.2   1155.3   0.9000   0.9256

 C2:  loc   T       p       M       u        A     Fsp    eta_p
            K      kPa             m/s      m^2
      0    216.7   19.25  0.8300  244.86  2.6987  0.4323
      2    227.1   21.55  0.6537  197.71  3.1176

      25   439.7  182.54  0.6138  257.47  0.0641

      5    563.0   19.25  0.9795  461.15  0.4430
      6    563.0   19.25  0.9795  461.15  0.4430  0.0805  0.6936

      7    240.3   24.70  1.0000  311.10  1.6071
      8    223.8   19.25  1.2012  360.62  1.6567  0.3428  0.8088

      9                           268.09  0.0243  0.0089  0.9547

 - - - - - - - - - - - - - - - - - - - - - - - - - - - - -
 D1:  Descent1...         

 D1: alt.   =  39703. ft
 D1: dyn.pr.=  200.27 psf
 D1: VTAS   =  816.47 ft/s
 D1: W/WMTO = 0.73020
 D1: Mach   =  0.8436
 D1: L/D    =  19.719
 D1: gamV   =-2.00000 deg
 D1: e      =  0.8999
 D1: CL     =  0.4848
 D1: CD     = 0.02459
 D1: CDi    = 0.00831
 D1: CDfuse = 0.00521
 D1: CDwing = 0.00781
 D1: CDover = 0.00000
 D1: CDhtail= 0.00159
 D1: CDvtail= 0.00091
 D1: CDnace = 0.00093
 D1: CDstrut= 0.00000
 D1: Mperp  =  0.7154
 D1: clpo   =  0.5845
 D1: clps   =  0.7523
 D1: clpt   =  0.8028
 D1: fduo   =  0.0320
 D1: fdus   =  0.0170
 D1: fdut   =  0.0040
 D1: cdpw   = 0.00293
 D1: cdfw   = 0.00488
 D1: cdw    = 0.00781
 D1: Clh    = -0.1372
 D1: ClhSh/S= -0.0237
 D1: CMwing = -2.3479
 D1: CMfuse =  0.0858
 D1: CMtail =  0.1880
 D1: cmpo   = -0.0900
 D1: cmps   = -0.0900
 D1: cmpt   = -0.0900
 D1: dh/dR  =-0.03492
 D1: xCG    =  101.68 ft
 D1: xNP    =  112.62 ft
 D1: S.M.   =   0.461
 D1: Wbuoy  =  1616.6 lb
 D1: Lwing  =   89.65 %
 D1: Lfuse  =   15.24 %
 D1: Ltail  =   -4.89 %

 D1: BPR    =   8.3627    
 D1: FPR    =   1.2704    
 D1: OPR    =   26.105    
 D1: pilc   =   5.4154    
 D1: pihc   =   4.8206    
 D1: 1/piht =   3.0616    
 D1: 1/pilt =   9.2545    
 D1: pid    =  0.99500    
 D1: pib    =  0.94000    
 D1: pifn   =  0.98500    
 D1: pitn   =  0.99500    
 D1: N1     =  0.73810    
 D1: N2     =  0.86574    
 D1: Nlc_c% =   74.553    
 D1: Nhc_c% =   92.920    
 D1: Nht_c% =   100.35    
 D1: Nlt_c% =   86.280    
 D1: mlc_c% =   66.486    
 D1: mhc_c% =   86.800    
 D1: mht_c% =   100.00    
 D1: mlt_c% =   100.00    
 D1: mf_c%  =   80.286    
 D1: epf    =  0.94538    
 D1: eplc   =  0.90000    
 D1: ephc   =  0.89000    
 D1: epht   =  0.89999    
 D1: eplt   =  0.89162    
 D1: etab   =  0.98500    
 D1: fo     =  0.11730    
 D1: ffbar  =  0.13107E-01
 D1: ff     =  0.96356E-02
 D1: fc     =  0.14757    
 D1: epsrow =  0.11285      0.38500E-01
 D1: Tmrow  =   935.33       880.72    

 D1: Fsp    =  0.14463    
 D1: Feng   =   9.0713     kN
 D1: FengA  =   6.8540     kN
 D1: mcore  =   17.157     kg/s
 D1: mcool  =   2.5319     kg/s
 D1: mfuel  =  0.16532     kg/s
 D1: mofft  =   2.0125     kg/s
 D1: Pofft  =   33.333     kW
 D1: PK     =   2410.5     kW
 D1: Phijet =   163.22     kW
 D1: Phiinl =   551.80     kW
 D1: Kinl   =   587.54     kW
 D1: etap   =  0.93654    
 D1: TSFC   =  0.64360     1/hr
 D1: hfuel  =   43.349     MJ/kg

 D1:  loc     Tt      pt       cpt       R    cpt/(cpt-R)
              K       kPa     J/kg K   J/kg K
       0     247.5    30.64   1004.7    287.5   1.4008
       2     247.5    28.82   1004.7    287.5   1.4008
       21    266.1    36.61   1005.3    287.7   1.4005
       7     266.1    36.06   1005.3    287.5   1.4005

       0     247.5    30.64   1004.7    287.5   1.4008
       18    247.5    30.49   1004.7    287.7   1.4008
       19    247.5    30.49   1004.7    287.7   1.4008
       25    422.6   165.10   1018.1    287.7   1.3935
       3     688.1   795.88   1074.2    287.5   1.3654
       4    1160.2   748.13   1198.5    287.8   1.3160
       41   1093.2   678.64   1182.7    287.7   1.3215
       45    851.1   221.66   1132.2    287.7   1.3407
       49    503.0    23.95   1047.0    287.7   1.3790
       5     503.0    23.83   1047.0    287.7   1.3790

 D1:  device     power    dh/dT     epol     eta
                  kW      J/kg K                
     fan 2 -21  -2681.1   1005.0   0.9454   0.9435
     LPC 19-25  -3031.6   1009.6   0.9000   0.8743
     HPC 25-3   -4199.5   1044.1   0.8900   0.8649
     HPT 41-45   4294.0   1158.5   0.9000   0.9121
     LPT 45-49   5804.1   1089.0   0.8916   0.9182

 D1:  loc   T       p       M       u        A     Fsp    eta_p
            K      kPa             m/s      m^2
      0    216.7   19.25  0.8436  248.86  2.0844  0.1446
      2    237.8   25.05  0.4518  139.81  3.1176

      25   403.9  140.68  0.4846  195.01  0.0641

      5    474.2   19.25  0.5642  244.99  0.4430
      6    474.2   19.25  0.5642  244.99  0.4430 -0.0110  1.0078

      7    222.4   19.25  0.9907  296.49  1.6071
      8    222.4   19.25  0.9907  296.49  1.6071  0.1442  0.9127

      9                           268.09  0.0244  0.0114  0.9628

 - - - - - - - - - - - - - - - - - - - - - - - - - - - - -
 D2:  Descent2...         

 D2: alt.   =  31266. ft
 D2: dyn.pr.=  272.64 psf
 D2: VTAS   =  802.28 ft/s
 D2: W/WMTO = 0.72959
 D2: Mach   =  0.8112
 D2: L/D    =  18.240
 D2: gamV   =-2.25000 deg
 D2: e      =  0.9006
 D2: CL     =  0.3557
 D2: CD     = 0.01950
 D2: CDi    = 0.00447
 D2: CDfuse = 0.00521
 D2: CDwing = 0.00668
 D2: CDover = 0.00000
 D2: CDhtail= 0.00153
 D2: CDvtail= 0.00088
 D2: CDnace = 0.00092
 D2: CDstrut= 0.00000
 D2: Mperp  =  0.6879
 D2: clpo   =  0.4285
 D2: clps   =  0.5515
 D2: clpt   =  0.5885
 D2: fduo   =  0.0320
 D2: fdus   =  0.0170
 D2: fdut   =  0.0040
 D2: cdpw   = 0.00185
 D2: cdfw   = 0.00483
 D2: cdw    = 0.00668
 D2: Clh    = -0.0988
 D2: ClhSh/S= -0.0171
 D2: CMwing = -1.7306
 D2: CMfuse =  0.0733
 D2: CMtail =  0.1354
 D2: cmpo   = -0.0900
 D2: cmps   = -0.0900
 D2: cmpt   = -0.0900
 D2: dh/dR  =-0.03929
 D2: xCG    =  101.68 ft
 D2: xNP    =  112.62 ft
 D2: S.M.   =   0.461
 D2: Wbuoy  =  1274.5 lb
 D2: Lwing  =   89.57 %
 D2: Lfuse  =   15.22 %
 D2: Ltail  =   -4.80 %

 D2: BPR    =   9.1654    
 D2: FPR    =   1.2061    
 D2: OPR    =   22.365    
 D2: pilc   =   4.9379    
 D2: pihc   =   4.5292    
 D2: 1/piht =   3.0659    
 D2: 1/pilt =   8.1121    
 D2: pid    =  0.99500    
 D2: pib    =  0.94000    
 D2: pifn   =  0.98500    
 D2: pitn   =  0.99500    
 D2: N1     =  0.69716    
 D2: N2     =  0.84996    
 D2: Nlc_c% =   69.239    
 D2: Nhc_c% =   91.027    
 D2: Nht_c% =   100.77    
 D2: Nlt_c% =   83.476    
 D2: mlc_c% =   57.827    
 D2: mhc_c% =   83.529    
 D2: mht_c% =   100.00    
 D2: mlt_c% =   100.00    
 D2: mf_c%  =   76.382    
 D2: epf    =  0.95033    
 D2: eplc   =  0.90000    
 D2: ephc   =  0.89000    
 D2: epht   =  0.89998    
 D2: eplt   =  0.88280    
 D2: etab   =  0.98500    
 D2: fo     =  0.96285E-01
 D2: ffbar  =  0.11703E-01
 D2: ff     =  0.88490E-02
 D2: fc     =  0.14757    
 D2: epsrow =  0.11285      0.38500E-01
 D2: Tmrow  =   909.02       846.98    

 D2: Fsp    =  0.92040E-01
 D2: Feng   =   8.9137     kN
 D2: FengA  =   5.8951     kN
 D2: mcore  =   20.901     kg/s
 D2: mcool  =   3.0845     kg/s
 D2: mfuel  =  0.18496     kg/s
 D2: mofft  =   2.0125     kg/s
 D2: Pofft  =   33.333     kW
 D2: PK     =   2325.5     kW
 D2: Phijet =   156.90     kW
 D2: Phiinl =   738.14     kW
 D2: Kinl   =   785.95     kW
 D2: etap   =  0.93729    
 D2: TSFC   =  0.73280     1/hr
 D2: hfuel  =   43.431     MJ/kg

 D2:  loc     Tt      pt       cpt       R    cpt/(cpt-R)
              K       kPa     J/kg K   J/kg K
       0     256.0    43.65   1005.0    287.5   1.4007
       2     256.0    41.13   1005.0    287.5   1.4007
       21    270.9    49.61   1005.4    287.7   1.4004
       7     270.9    48.86   1005.4    287.5   1.4004

       0     256.0    43.65   1005.0    287.5   1.4007
       18    256.0    43.43   1005.0    287.7   1.4007
       19    256.0    43.43   1005.0    287.7   1.4007
       25    424.4   214.45   1018.4    287.7   1.3933
       3     678.2   971.30   1071.7    287.5   1.3666
       4    1105.8   913.02   1186.3    287.7   1.3202
       41   1044.8   826.57   1171.2    287.7   1.3257
       45    811.2   269.60   1120.4    287.7   1.3455
       49    495.4    33.23   1043.9    287.7   1.3805
       5     495.4    33.07   1043.9    287.7   1.3805

 D2:  device     power    dh/dT     epol     eta
                  kW      J/kg K                
     fan 2 -21  -2860.5   1005.2   0.9503   0.9490
     LPC 19-25  -3554.0   1009.9   0.9000   0.8758
     HPC 25-3   -4999.8   1043.2   0.8900   0.8659
     HPT 41-45   5112.3   1147.1   0.9000   0.9123
     LPT 45-49   6512.9   1081.4   0.8828   0.9099

 D2:  loc   T       p       M       u        A     Fsp    eta_p
            K      kPa             m/s      m^2
      0    226.3   28.34  0.8112  244.53  1.9900  0.0920
      2    247.3   36.45  0.4191  132.27  3.1176

      25   407.4  185.56  0.4602  186.01  0.0641

      5    474.7   28.34  0.4776  207.53  0.4430
      6    474.7   28.34  0.4776  207.53  0.4430 -0.0180  1.0819

      7    231.8   28.34  0.9173  280.29  1.6071
      8    231.8   28.34  0.9173  280.29  1.6071  0.1069  0.9319

      9                            98.69  0.0521  0.0031  1.4249

 - - - - - - - - - - - - - - - - - - - - - - - - - - - - -
 D3:  Descent3...         

 D3: alt.   =  21836. ft
 D3: dyn.pr.=  347.41 psf
 D3: VTAS   =  766.25 ft/s
 D3: W/WMTO = 0.72881
 D3: Mach   =  0.7447
 D3: L/D    =  15.898
 D3: gamV   =-2.50000 deg
 D3: e      =  0.9013
 D3: CL     =  0.2783
 D3: CD     = 0.01751
 D3: CDi    = 0.00274
 D3: CDfuse = 0.00521
 D3: CDwing = 0.00656
 D3: CDover = 0.00000
 D3: CDhtail= 0.00147
 D3: CDvtail= 0.00085
 D3: CDnace = 0.00087
 D3: CDstrut= 0.00000
 D3: Mperp  =  0.6315
 D3: clpo   =  0.3349
 D3: clps   =  0.4311
 D3: clpt   =  0.4600
 D3: fduo   =  0.0320
 D3: fdus   =  0.0170
 D3: fdut   =  0.0040
 D3: cdpw   = 0.00178
 D3: cdfw   = 0.00477
 D3: cdw    = 0.00656
 D3: Clh    = -0.0758
 D3: ClhSh/S= -0.0131
 D3: CMwing = -1.3603
 D3: CMfuse =  0.0658
 D3: CMtail =  0.1038
 D3: cmpo   = -0.0900
 D3: cmps   = -0.0900
 D3: cmpt   = -0.0900
 D3: dh/dR  =-0.04366
 D3: xCG    =  101.67 ft
 D3: xNP    =  112.62 ft
 D3: S.M.   =   0.461
 D3: Wbuoy  =   807.7 lb
 D3: Lwing  =   89.49 %
 D3: Lfuse  =   15.21 %
 D3: Ltail  =   -4.70 %

 D3: BPR    =   9.6914    
 D3: FPR    =   1.1784    
 D3: OPR    =   20.620    
 D3: pilc   =   4.6480    
 D3: pihc   =   4.4363    
 D3: 1/piht =   3.0641    
 D3: 1/pilt =   7.2500    
 D3: pid    =  0.99500    
 D3: pib    =  0.94000    
 D3: pifn   =  0.98500    
 D3: pitn   =  0.99500    
 D3: N1     =  0.68573    
 D3: N2     =  0.86179    
 D3: Nlc_c% =   66.067    
 D3: Nhc_c% =   90.425    
 D3: Nht_c% =   101.03    
 D3: Nlt_c% =   81.138    
 D3: mlc_c% =   53.133    
 D3: mhc_c% =   82.526    
 D3: mht_c% =   100.00    
 D3: mlt_c% =   100.00    
 D3: mf_c%  =   73.651    
 D3: epf    =  0.95246    
 D3: eplc   =  0.90000    
 D3: ephc   =  0.89000    
 D3: epht   =  0.89998    
 D3: eplt   =  0.87379    
 D3: etab   =  0.98500    
 D3: fo     =  0.76203E-01
 D3: ffbar  =  0.11770E-01
 D3: ff     =  0.91364E-02
 D3: fc     =  0.14757    
 D3: epsrow =  0.11285      0.38500E-01
 D3: Tmrow  =   932.08       868.82    

 D3: Fsp    =  0.80846E-01
 D3: Feng   =   11.006     kN
 D3: FengA  =   7.1595     kN
 D3: mcore  =   26.409     kg/s
 D3: mcool  =   3.8974     kg/s
 D3: mfuel  =  0.24129     kg/s
 D3: mofft  =   2.0125     kg/s
 D3: Pofft  =   33.333     kW
 D3: PK     =   2782.4     kW
 D3: Phijet =   225.08     kW
 D3: Phiinl =   898.32     kW
 D3: Kinl   =   956.51     kW
 D3: etap   =  0.92383    
 D3: TSFC   =  0.77425     1/hr
 D3: hfuel  =   43.387     MJ/kg

 D3:  loc     Tt      pt       cpt       R    cpt/(cpt-R)
              K       kPa     J/kg K   J/kg K
       0     272.1    61.87   1005.5    287.5   1.4004
       2     272.1    58.75   1005.5    287.5   1.4004
       21    285.8    69.23   1006.0    287.7   1.4001
       7     285.8    68.19   1006.0    287.5   1.4001

       0     272.1    61.87   1005.5    287.5   1.4004
       18    272.1    61.56   1005.5    287.7   1.4004
       19    272.1    61.56   1005.5    287.7   1.4004
       25    442.1   286.15   1021.3    287.7   1.3918
       3     700.6  1269.42   1077.3    287.5   1.3640
       4    1129.9  1193.26   1190.9    287.7   1.3186
       41   1068.6  1079.81   1176.0    287.7   1.3239
       45    830.6   352.41   1125.4    287.7   1.3435
       49    524.8    48.61   1050.4    287.7   1.3772
       5     524.8    48.37   1050.4    287.7   1.3772

 D3:  device     power    dh/dT     epol     eta
                  kW      J/kg K                
     fan 2 -21  -3536.8   1005.8   0.9525   0.9513
     LPC 19-25  -4542.4   1011.4   0.9000   0.8768
     HPC 25-3   -6605.8   1047.5   0.8900   0.8664
     HPT 41-45   6754.4   1151.9   0.9000   0.9122
     LPT 45-49   8194.5   1087.5   0.8738   0.9011

 D3:  loc   T       p       M       u        A     Fsp    eta_p
            K      kPa             m/s      m^2
      0    244.9   42.85  0.7447  233.55  1.9822  0.0808
      2    263.7   52.66  0.3984  129.83  3.1176

      25   425.0  248.69  0.4532  187.00  0.0641

      5    507.7   42.85  0.4224  189.59  0.4430
      6    507.7   42.85  0.4224  189.59  0.4430 -0.0169  1.1039

      7    250.3   42.85  0.8422  267.37  1.6071
      8    250.3   42.85  0.8422  267.37  1.6071  0.0977  0.9325

      9                             0.00  0.0000  0.0000  2.0000

 - - - - - - - - - - - - - - - - - - - - - - - - - - - - -
 D4:  Descent4...         

 D4: alt.   =  11415. ft
 D4: dyn.pr.=  381.63 psf
 D4: VTAS   =  674.82 ft/s
 D4: W/WMTO = 0.72777
 D4: Mach   =  0.6298
 D4: L/D    =  14.520
 D4: gamV   =-2.75000 deg
 D4: e      =  0.9016
 D4: CL     =  0.2525
 D4: CD     = 0.01739
 D4: CDi    = 0.00225
 D4: CDfuse = 0.00521
 D4: CDwing = 0.00703
 D4: CDover = 0.00000
 D4: CDhtail= 0.00144
 D4: CDvtail= 0.00083
 D4: CDnace = 0.00081
 D4: CDstrut= 0.00000
 D4: Mperp  =  0.5341
 D4: clpo   =  0.3037
 D4: clps   =  0.3910
 D4: clpt   =  0.4172
 D4: fduo   =  0.0320
 D4: fdus   =  0.0170
 D4: fdut   =  0.0040
 D4: cdpw   = 0.00226
 D4: cdfw   = 0.00477
 D4: cdw    = 0.00703
 D4: Clh    = -0.0681
 D4: ClhSh/S= -0.0118
 D4: CMwing = -1.2368
 D4: CMfuse =  0.0633
 D4: CMtail =  0.0933
 D4: cmpo   = -0.0900
 D4: cmps   = -0.0900
 D4: cmpt   = -0.0900
 D4: dh/dR  =-0.04803
 D4: xCG    =  101.67 ft
 D4: xNP    =  112.62 ft
 D4: S.M.   =   0.461
 D4: Wbuoy  =   123.5 lb
 D4: Lwing  =   89.45 %
 D4: Lfuse  =   15.20 %
 D4: Ltail  =   -4.66 %

 D4: BPR    =   10.339    
 D4: FPR    =   1.1355    
 D4: OPR    =   17.582    
 D4: pilc   =   4.0151    
 D4: pihc   =   4.3789    
 D4: 1/piht =   3.0646    
 D4: 1/pilt =   5.8332    
 D4: pid    =  0.99500    
 D4: pib    =  0.94000    
 D4: pifn   =  0.98500    
 D4: pitn   =  0.99500    
 D4: N1     =  0.63181    
 D4: N2     =  0.86050    
 D4: Nlc_c% =   59.307    
 D4: Nhc_c% =   90.042    
 D4: Nht_c% =   101.15    
 D4: Nlt_c% =   74.972    
 D4: mlc_c% =   46.054    
 D4: mhc_c% =   81.883    
 D4: mht_c% =   100.00    
 D4: mlt_c% =   100.00    
 D4: mf_c%  =   67.273    
 D4: epf    =  0.95577    
 D4: eplc   =  0.90000    
 D4: ephc   =  0.89000    
 D4: epht   =  0.89997    
 D4: eplt   =  0.85368    
 D4: etab   =  0.98500    
 D4: fo     =  0.64984E-01
 D4: ffbar  =  0.11522E-01
 D4: ff     =  0.90732E-02
 D4: fc     =  0.14757    
 D4: epsrow =  0.11285      0.38500E-01
 D4: Tmrow  =   930.19       865.46    

 D4: Fsp    =  0.66741E-01
 D4: Feng   =   11.879     kN
 D4: FengA  =   7.6540     kN
 D4: mcore  =   30.969     kg/s
 D4: mcool  =   4.5703     kg/s
 D4: mfuel  =  0.28099     kg/s
 D4: mofft  =   2.0125     kg/s
 D4: Pofft  =   33.333     kW
 D4: PK     =   2648.4     kW
 D4: Phijet =   216.87     kW
 D4: Phiinl =   869.08     kW
 D4: Kinl   =   925.37     kW
 D4: etap   =  0.92260    
 D4: TSFC   =  0.83536     1/hr
 D4: hfuel  =   43.396     MJ/kg

 D4:  loc     Tt      pt       cpt       R    cpt/(cpt-R)
              K       kPa     J/kg K   J/kg K
       0     286.6    85.92   1006.0    287.5   1.4001
       2     286.6    82.58   1006.0    287.5   1.4001
       21    297.7    93.77   1006.5    287.7   1.3998
       7     297.7    92.37   1006.5    287.5   1.3998

       0     286.6    85.92   1006.0    287.5   1.4001
       18    286.6    85.49   1006.0    287.7   1.4001
       19    286.6    85.49   1006.0    287.7   1.4001
       25    444.6   343.24   1021.7    287.7   1.3916
       3     701.5  1503.01   1077.5    287.5   1.3639
       4    1123.2  1412.83   1189.3    287.7   1.3192
       41   1062.9  1277.97   1174.5    287.7   1.3244
       45    825.9   417.01   1123.9    287.7   1.3441
       49    554.7    71.49   1057.1    287.7   1.3740
       5     554.7    71.13   1057.1    287.7   1.3740

 D4:  device     power    dh/dT     epol     eta
                  kW      J/kg K                
     fan 2 -21  -3575.5   1006.4   0.9558   0.9550
     LPC 19-25  -4950.8   1012.0   0.9000   0.8792
     HPC 25-3   -7797.0   1047.8   0.8900   0.8666
     HPT 41-45   7972.4   1150.4   0.9000   0.9122
     LPT 45-49   8646.0   1090.3   0.8537   0.8815

 D4:  loc   T       p       M       u        A     Fsp    eta_p
            K      kPa             m/s      m^2
      0    265.6   65.81  0.6298  205.69  1.9764  0.0667
      2    279.5   75.67  0.3555  119.26  3.1176

      25   427.7  299.14  0.4487  185.69  0.0641

      5    543.1   65.81  0.3381  156.70  0.4430
      6    543.1   65.81  0.3381  156.70  0.4430 -0.0156  1.1352

      7    270.2   65.81  0.7130  235.18  1.6071
      8    270.2   65.81  0.7130  235.18  1.6071  0.0823  0.9331

      9                             0.00  0.0000  0.0000  2.0000

 - - - - - - - - - - - - - - - - - - - - - - - - - - - - -
 D5:  Descent5...         

 D5: alt.   =      0. ft
 D5: dyn.pr.=   68.75 psf
 D5: VTAS   =  240.45 ft/s
 D5: W/WMTO = 0.72610
 D5: Mach   =  0.2154
 D5: L/D    =  14.803
 D5: gamV   =-3.00000 deg
 D5: e      =  0.7996
 D5: CL     =  1.3984
 D5: CD     = 0.09447
 D5: CDi    = 0.07785
 D5: CDfuse = 0.00521
 D5: CDwing = 0.00848
 D5: CDover = 0.00000
 D5: CDhtail= 0.00161
 D5: CDvtail= 0.00093
 D5: CDnace = 0.00058
 D5: CDstrut= 0.00000
 D5: Mperp  =  0.1827
 D5: clpo   =  2.0046
 D5: clps   =  2.0641
 D5: clpt   =  1.4826
 D5: fduo   =  0.0320
 D5: fdus   =  0.0170
 D5: fdut   =  0.0040
 D5: cdpw   = 0.00350
 D5: cdfw   = 0.00850
 D5: cdw    = 0.01200
 D5: Clh    = -0.3773
 D5: ClhSh/S= -0.0652
 D5: CMwing = -6.6738
 D5: CMfuse =  0.1744
 D5: CMtail =  0.5170
 D5: cmpo   = -0.4000
 D5: cmps   = -0.4000
 D5: cmpt   = -0.0900
 D5: dh/dR  =-0.05241
 D5: xCG    =  101.67 ft
 D5: xNP    =  110.81 ft
 D5: S.M.   =   0.385
 D5: Wbuoy  =     0.0 lb
 D5: Lwing  =   86.54 %
 D5: Lfuse  =   18.12 %
 D5: Ltail  =   -4.66 %

 D5: BPR    =   8.8714    
 D5: FPR    =   1.0647    
 D5: OPR    =   10.261    
 D5: pilc   =   2.3191    
 D5: pihc   =   4.4245    
 D5: 1/piht =   3.0772    
 D5: 1/pilt =   2.8393    
 D5: pid    =  0.99500    
 D5: pib    =  0.94000    
 D5: pifn   =  0.98500    
 D5: pitn   =  0.99500    
 D5: N1     =  0.40681    
 D5: N2     =  0.79707    
 D5: Nlc_c% =   37.919    
 D5: Nhc_c% =   90.287    
 D5: Nht_c% =   100.72    
 D5: Nlt_c% =   52.104    
 D5: mlc_c% =   29.700    
 D5: mhc_c% =   82.219    
 D5: mht_c% =   100.00    
 D5: mlt_c% =   100.00    
 D5: mf_c%  =   36.080    
 D5: epf    =  0.96122    
 D5: eplc   =  0.90000    
 D5: ephc   =  0.89000    
 D5: epht   =  0.89997    
 D5: eplt   =  0.80000    
 D5: etab   =  0.98500    
 D5: fo     =  0.83318E-01
 D5: ffbar  =  0.97340E-02
 D5: ff     =  0.74865E-02
 D5: fc     =  0.14757    
 D5: epsrow =  0.11285      0.38500E-01
 D5: Tmrow  =   813.73       745.83    

 D5: Fsp    =  0.96838E-01
 D5: Feng   =   8.6137     kN
 D5: FengA  =   7.8525     kN
 D5: mcore  =   24.154     kg/s
 D5: mcool  =   3.5645     kg/s
 D5: mfuel  =  0.18083     kg/s
 D5: mofft  =   2.0125     kg/s
 D5: Pofft  =   33.333     kW
 D5: PK     =   778.87     kW
 D5: Phijet =   148.76     kW
 D5: Phiinl =   55.763     kW
 D5: Kinl   =   59.374     kW
 D5: etap   =  0.81025    
 D5: TSFC   =  0.74140     1/hr
 D5: hfuel  =   43.657     MJ/kg

 D5:  loc     Tt      pt       cpt       R    cpt/(cpt-R)
              K       kPa     J/kg K   J/kg K
       0     290.7   104.64   1006.2    287.5   1.4000
       2     290.7   103.77   1006.2    287.5   1.4000
       21    296.1   110.48   1006.4    287.7   1.3999
       7     296.1   108.83   1006.4    287.5   1.3999

       0     290.7   104.64   1006.2    287.5   1.4000
       18    290.7   104.12   1006.2    287.7   1.4000
       19    290.7   104.12   1006.2    287.7   1.4000
       25    379.4   241.46   1012.5    287.7   1.3965
       3     604.9  1068.34   1054.3    287.5   1.3749
       4     972.6  1004.24   1156.7    287.7   1.3311
       41    919.9   907.67   1143.0    287.7   1.3363
       45    708.9   294.97   1092.6    287.7   1.3574
       49    566.9   103.89   1057.7    287.7   1.3736
       5     566.9   103.37   1057.7    287.7   1.3736

 D5:  device     power    dh/dT     epol     eta
                  kW      J/kg K                
     fan 2 -21  -1178.2   1006.4   0.9612   0.9609
     LPC 19-25  -2161.9   1008.9   0.9000   0.8876
     HPC 25-3   -5149.9   1031.2   0.8900   0.8660
     HPT 41-45   5265.7   1118.3   0.9000   0.9126
     LPT 45-49   3407.5   1074.8   0.8000   0.8219

 D5:  loc   T       p       M       u        A     Fsp    eta_p
            K      kPa             m/s      m^2
      0    288.0  101.32  0.2154   73.26  2.6536  0.0968
      2    288.7  101.36  0.1837   62.61  3.1176

      25   364.7  210.15  0.4503  172.35  0.0641

      5    563.8  101.32  0.1709   80.67  0.4430
      6    563.8  101.32  0.1709   80.67  0.4430  0.0004  0.9519

      7    290.1  101.32  0.3212  109.77  1.6071
      8    290.1  101.32  0.3212  109.77  1.6071  0.0965  0.8006

      9                             0.00  0.0000  0.0000  2.0000

 - - - - - - - - - - - - - - - - - - - - - - - - - - - - -
