
 =============================================================
 TASOPT v 2.16

 -----------------------------------------------------------
 Config:  D8.0                                                            

 Case:  Baseline technology                                             
     :  (today's airplane)                                              

 Airfoil database used:  ../../air/C.air 
 Airfoil database used:  ../../air/C.air 

 -----------------------------------------------------------
 Fleet PFEI =  6.6018 KJ/kg-km

 -----------------------------------------------------------
 Airframe parameters...

 Wempty  +  80931.8  lb
 Wpay    +  38715.5  lb
 Wfuel   +  39586.9  lb
 (max)      44854.9  lb
 WMTO    = 159234.1  lb

 Whpesys +   1592.3  lb
 Wlgnose +   1751.6  lb
 Wlgmain +   5971.3  lb
 Wtotadd =   9315.2  lb

 Wfix    +   3001.2  lb
 Wapu    +   1355.0  lb
 Wpadd   +  13550.4  lb
 Wshell  +   4445.5  lb
 Wcone   +    806.1  lb
 Whbend  +    341.7  lb
 Wvbend  +    520.5  lb
 Wwindow +    625.9  lb
 Winsul  +   1024.4  lb
 Wfloor  +   1943.6  lb
 Wseat   +   3871.5  lb
 Wfuse   =  31486.0  lb

 Wcap    +  13093.6  lb
 Wweb    +    569.1  lb
 Wflap   +   2732.5  lb
 Wslat   +   1366.3  lb
 Waile   +    546.5  lb
 Wlete   +   1366.3  lb
 Wribs   +   2049.4  lb
 Wspoi   +    273.3  lb
 Wwatt   +    409.9  lb
 Wwing   =  22406.7  lb

 Wstrut  =      0.0  lb
 Whtail  =    997.4  lb
 Wvtail  =   1682.9  lb

 Webare  +   9790.4  lb
 Weadd   +    979.0  lb
 Wnace   +   2906.4  lb
 Wpylon  +   1367.6  lb
 Weng    =  15043.5  lb

 ifwcen  =   1

 neng    =       2
 dfan    =   62.793  in
 lnace   =   12.559  ft
 Snace/S =   0.5162

 w/c     =   0.500
 ho/c    =  0.1424
 hs/c    =  0.1243
 tcapo/c = 0.00318
 tcaps/c = 0.00705
 twebo/c = 0.00074
 twebs/c = 0.00152
 tcapo   = 0.60818  in  
 tcaps   = 0.94433  in  
 tcapt   = 0.33726  in  
 twebo   = 0.14131  in  
 twebs   = 0.20377  in  
 twebt   = 0.07277  in  
 So_max  = 115584.3  lb  
 Ss_max  = 101821.4  lb  
 Mo_max  = 2832813. ft-lb
 Ms_max  = 1741726. ft-lb

 Nlift   =   3.000
 Nland   =   6.000
 Vne     =   279.8 kt

 xnose   =    0.00  ft 
 xend    =  103.00  ft 
 xLEw    =   40.81  ft 
 xLEh    =  101.72  ft 
 xLEv    =   91.14  ft 

 xwing   =   56.46  ft 
 xhtail  =  106.52  ft 
 xvtail  =  100.65  ft 

 xblend1 =   29.00  ft 
 xblend2 =   75.00  ft 

 xshell1 =   21.00  ft 
 xshell2 =   84.00  ft 
 xhbend  =   69.50  ft 
 xvbend  =   84.15  ft 
 xwbox   =   48.01  ft 
 xhbox   =  105.00  ft 
 xvbox   =   97.00  ft 

 xfix    =    7.00  ft 
 xLGnose =   26.00  ft 
 xLGmain =   56.77  ft 
 xapu    =   92.00  ft 
 xhpesys =   62.00  ft 

 xeng    =   45.00  ft 
 yeng    =   18.50  ft 

 rpayfwd =    0.45
 rpayaft =    0.45
 xCGfwd  =   49.63  ft 
 xCGaft  =   55.77  ft 
 xNP     =   57.64  ft 
 mac     =  12.724  ft 
 S.M.fwd =   0.629
 S.M.aft =   0.147

 deps/da =   0.460
 dCLn/da =   3.800

 dCLh/dCL=   0.503
 dCLn/dCL=   0.352

 deltap  =   8.279  psi
 tskin   =   0.037  in  
 tfweb   =   0.040  in  
 tcone   =   0.030  in  
 tfloor  =   0.007  in  
 hfloor  =    5.12  in  
 Rfuse   =  67.520  in  
 dRfuse  =  16.929  in  
 wfb     =  36.614  in  
 cabVol  = 14589.6  ft^3

 AR      = 10.8730
 sweep   =  27.566
 lambdas =  0.7000
 lambdat =  0.2500
 co      =  17.994  ft  
 cs      =  12.596  ft  
 ct      =   4.498  ft  
 bo      =  16.339  ft  
 bs      =  38.525  ft  
 b       = 120.392  ft  
 S       = 1333.04  ft^2

 cstrut  =   0.000  ft  

 ARh     =  8.2500
 lambdah =  0.2500
 coh     =    8.21  ft  
 bh      =   42.33  ft  
 Sh      =  217.18  ft^2
 Sh/S    =   0.163
 Vh      =   0.641
 CLhCGfwd=  -0.900

 ARv     =  2.0000
 lambdav =  0.3000
 cov     =   14.66  ft  
 bv      =   19.06  ft  
 Sv      =  363.24  ft^2
 Sv/S    =   0.272
 Vv      =   0.100
 CLveout =   0.531

 xwing   =   56.46  ft 


 =============================================================
 Fleet mission   1

 wOpt = 1.00000

 -----------------------------------------------------------
 Cruise performance...

 Range =   3000. nmi
 M_CR  =  0.8000
 h_CR1 =  36.632 kft
 h_CR2 =  40.812 kft
 Wf/W  =  0.20717
 L/D   =  17.539
 PFEI  =  6.6018 KJ/kg-km

 -----------------------------------------------------------
 Takeoff performance...

 F_TO = 52150.1 lb
 V_1  =  156.77 kt
 V_2  =  169.42 kt
 CL2  =  1.2279
 l_1  =  4569.7 ft
 l_BF =  7283.8 ft
 l_TO =  5472.8 ft
 tan(gam)_BF =   4.67 %
 tan(gam)_TO =  19.46 %
 tan(gam)_CB =   5.24 %

  - - - - - - - - - - - - - - - - - - - - - - - - - - - - -
 Noise...

    x [m]   z [m]     dB
   4831.9     0.0   85.833  sideline
    909.8   763.4   69.471  cutback
     -0.0   811.1   69.044  flyover

 -----------------------------------------------------------
 Mission profile summary...

           R        h        t       VTAS     Mach    CL     L/D'    W/WMTO   W/WTO     Tt4     M2     mdotf    TSFC'     gamma
         [nmi]     [ft]     [hr]     [kt]                                               [K]            [kg/s]  [1/hr]     [deg]
 ST:     -0.90      0.0  -0.0101     0.00  0.00000  0.0000   0.000  1.00111  1.00111  1550.5  0.6246   2.1984  0.33468    0.000
 TO:      0.00      0.0   0.0000   169.42  0.25627  1.2279  16.609  1.00000  1.00000  1550.5  0.6220   2.2413  0.43733   11.332
 CB:      0.00      0.0   0.0000   169.42  0.25627  1.2279  16.609  1.00000  1.00000  1236.2  0.4024   1.0127  0.44899    3.000
 B1:      0.00      0.0   0.0000   168.10  0.25427  1.2279  16.606  1.00000  1.00000  1508.8  0.5889   2.0436  0.43351   10.123
 B2:     12.58   9158.0   0.0602   285.13  0.44540  0.5648  19.077  0.99420  0.99420  1508.8  0.6447   1.7444  0.50436    6.982
 B3:     29.16  18316.0   0.1146   331.49  0.53613  0.5648  18.846  0.98985  0.98985  1508.8  0.7061   1.4346  0.52657    4.829
 B4:     55.57  27474.0   0.1886   388.39  0.65209  0.5648  18.472  0.98502  0.98502  1508.8  0.7738   1.1668  0.55426    2.993
 B5:    105.86  36632.0   0.3082   459.81  0.80018  0.5648  17.847  0.97870  0.97870  1508.8  0.8331   0.9362  0.58502    1.443
 C1:    105.86  36632.0   0.3082   459.71  0.80000  0.5648  17.539  0.97870  0.97870  1342.2  0.6500   0.6582  0.58362    0.014
 C2:   2860.15  40812.0   6.3059   458.73  0.80000  0.5648  17.316  0.79924  0.79924  1343.4  0.6520   0.5453  0.58388    0.014
 D1:   2860.15  40812.0   6.3059   466.28  0.81317  0.5422  16.287  0.79924  0.79924  1002.3  0.4497   0.2090  0.73248   -2.500
 D2:   2895.14  31304.6   6.3827   446.80  0.76260  0.3978  14.849  0.79832  0.79832   983.8  0.4293   0.2697  0.78078   -2.625
 D3:   2930.13  21333.5   6.4633   422.59  0.69173  0.3112  12.970  0.79702  0.79702  1019.1  0.4114   0.3725  0.80062   -2.750
 D4:   2965.11  10898.7   6.5518   372.16  0.58509  0.2824  12.050  0.79521  0.79521  1018.9  0.3687   0.4452  0.85238   -2.875
 D5:   3000.10      0.0   6.7151   150.78  0.22807  1.2279  15.861  0.79283  0.79283   830.4  0.1722   0.2313  1.36848   -3.000

 -----------------------------------------------------------
 Aero, Engine parameters...

 - - - - - - - - - - - - - - - - - - - - - - - - - - - - -
 RO:  Rotation...

 RO: alt.   =      0. ft
 RO: dyn.pr.=   67.56 psf
 RO: VTAS   =  238.37 ft/s
 RO: W/WMTO = 1.00000
 RO: Mach   =  0.2136
 RO: L/D    =   0.000
 RO: gamV   = 0.00000 deg
 RO: e      =  1.0000
 RO: CL     =  0.0000
 RO: CD     = 0.02109
 RO: CDi    = 0.00000
 RO: CDfuse = 0.00778
 RO: CDwing = 0.00916
 RO: CDover = 0.00000
 RO: CDhtail= 0.00163
 RO: CDvtail= 0.00215
 RO: CDnace = 0.00038
 RO: CDstrut= 0.00000
 RO: Mperp  =  0.1893
 RO: clpo   =  0.0000
 RO: clps   =  0.0000
 RO: clpt   =  0.0000
 RO: fduo   =  0.0220
 RO: fdus   =  0.0190
 RO: fdut   =  0.0070
 RO: cdpw   = 0.00350
 RO: cdfw   = 0.00850
 RO: cdw    = 0.01200
 RO: Clh    =  0.0000
 RO: ClhSh/S=  0.0000
 RO: CMwing = -0.0701
 RO: CMfuse =  0.0100
 RO: CMtail =  0.0000
 RO: cmpo   = -0.2000
 RO: cmps   = -0.2000
 RO: cmpt   = -0.0200
 RO: dh/dR  = 0.00000
 RO: xCG    =   52.74 ft
 RO: xNP    =   56.95 ft
 RO: S.M.   =   0.331
 RO: Wbuoy  =     0.0 lb
 RO: Lwing  =    0.00 %
 RO: Lfuse  =    0.00 %
 RO: Ltail  =    0.00 %

 RO: BPR    =   5.1584    
 RO: FPR    =   1.6353    
 RO: OPR    =   34.551    
 RO: pilc   =   8.0069    
 RO: pihc   =   4.3152    
 RO: 1/piht =   2.6361    
 RO: 1/pilt =   8.3406    
 RO: pid    =  0.99500    
 RO: pib    =  0.94000    
 RO: pifn   =  0.98000    
 RO: pitn   =  0.99500    
 RO: N1     =   1.0726    
 RO: N2     =   1.0812    
 RO: Nlc_c% =   98.569    
 RO: Nhc_c% =   99.589    
 RO: Nht_c% =   100.57    
 RO: Nlt_c% =   99.447    
 RO: mlc_c% =   96.753    
 RO: mhc_c% =   99.345    
 RO: mht_c% =   100.00    
 RO: mlt_c% =   100.00    
 RO: mf_c%  =   97.861    
 RO: epf    =  0.90113    
 RO: eplc   =  0.89000    
 RO: ephc   =  0.88000    
 RO: epht   =  0.89999    
 RO: eplt   =  0.89920    
 RO: etab   =  0.98500    
 RO: fo     =  0.16401E-01
 RO: ffbar  =  0.19869E-01
 RO: ff     =  0.17794E-01
 RO: fc     =  0.88001E-01
 RO: epsrow =  0.85096E-01  0.43727E-02
 RO: Tmrow  =   1280.0       1280.0    

 RO: Fsp    =  0.71576    
 RO: Feng   =   93.861     kN
 RO: FengA  =   93.861     kN
 RO: mcore  =   62.611     kg/s
 RO: mcool  =   5.5099     kg/s
 RO: mfuel  =   1.1141     kg/s
 RO: mofft  =   1.0269     kg/s
 RO: Pofft  =   36.051     kW
 RO: PK     =   18452.     kW
 RO: Phijet =   11640.     kW
 RO: Phiinl =   0.0000     kW
 RO: Kinl   =   0.0000     kW
 RO: etap   =  0.36946    
 RO: TSFC   =  0.41920     1/hr
 RO: hfuel  =   42.702     MJ/kg

 RO:  loc     Tt      pt       cpt       R    cpt/(cpt-R)
              K       kPa     J/kg K   J/kg K
       0     290.6   104.58   1006.2    287.5   1.4000
       2     290.6   104.06   1006.2    287.5   1.4000
       21    339.6   170.17   1009.0    287.9   1.3984
       7     339.6   166.77   1009.0    287.5   1.3984

       0     290.6   104.58   1006.2    287.5   1.4000
       18    290.6   104.06   1006.2    287.9   1.4000
       19    290.6   104.06   1006.2    287.9   1.4000
       25    562.0   833.21   1044.7    287.9   1.3796
       3     875.1  3595.44   1118.1    287.5   1.3461
       4    1550.5  3379.72   1267.4    287.9   1.2939
       41   1495.1  3230.63   1256.9    287.9   1.2971
       45   1220.7  1225.52   1219.4    287.9   1.3090
       49    763.8   146.93   1122.7    287.9   1.3449
       5     763.8   146.20   1122.7    287.9   1.3449

 RO:  device     power    dh/dT     epol     eta
                  kW      J/kg K                
     fan 2 -21 -15937.2   1007.5   0.9011   0.8941
     LPC 19-25 -17348.4   1021.0   0.8900   0.8553
     HPC 25-3  -20850.8   1081.3   0.8800   0.8556
     HPT 41-45  21319.8   1239.1   0.9000   0.9099
     LPT 45-49  33658.2   1175.0   0.8992   0.9215

 RO:  loc   T       p       M       u        A     Fsp    eta_p
            K      kPa             m/s      m^2
      0    288.0  101.32  0.2136   72.63  4.3289  0.7158
      2    269.7   80.10  0.6229  205.26  1.8181

      25   526.3  657.00  0.5958  272.60  0.0520

      5    694.7  101.32  0.7542  392.28  0.3155
      6    694.7  101.32  0.7542  392.28  0.3155  0.1529  0.3124

      7    294.6  101.32  0.8747  301.17  0.8964
      8    294.6  101.32  0.8747  301.17  0.8964  0.5629  0.3886

      9                             0.00  0.0000  0.0000  2.0000

 - - - - - - - - - - - - - - - - - - - - - - - - - - - - -
 TO:  Takeoff...

 TO: alt.   =      0. ft
 TO: dyn.pr.=   97.28 psf
 TO: VTAS   =  286.04 ft/s
 TO: W/WMTO = 1.00000
 TO: Mach   =  0.2563
 TO: L/D    =  16.609
 TO: gamV   =11.33218 deg
 TO: e      =  0.8298
 TO: CL     =  1.2279
 TO: CD     = 0.07393
 TO: CDi    = 0.05319
 TO: CDfuse = 0.00778
 TO: CDwing = 0.00891
 TO: CDover = 0.00000
 TO: CDhtail= 0.00159
 TO: CDvtail= 0.00209
 TO: CDnace = 0.00037
 TO: CDstrut= 0.00000
 TO: Mperp  =  0.2272
 TO: clpo   =  1.5816
 TO: clps   =  1.7501
 TO: clpt   =  0.9775
 TO: fduo   =  0.0220
 TO: fdus   =  0.0190
 TO: fdut   =  0.0070
 TO: cdpw   = 0.00350
 TO: cdfw   = 0.00850
 TO: cdw    = 0.01200
 TO: Clh    = -0.1650
 TO: ClhSh/S= -0.0269
 TO: CMwing = -5.4463
 TO: CMfuse =  0.1330
 TO: CMtail =  0.2237
 TO: cmpo   = -0.2000
 TO: cmps   = -0.2000
 TO: cmpt   = -0.0200
 TO: dh/dR  = 0.20040
 TO: xCG    =   52.74 ft
 TO: xNP    =   56.95 ft
 TO: S.M.   =   0.331
 TO: Wbuoy  =     0.0 lb
 TO: Lwing  =   81.67 %
 TO: Lfuse  =   20.52 %
 TO: Ltail  =   -2.19 %

 TO: BPR    =   5.1760    
 TO: FPR    =   1.6302    
 TO: OPR    =   34.360    
 TO: pilc   =   7.9915    
 TO: pihc   =   4.2995    
 TO: 1/piht =   2.6362    
 TO: 1/pilt =   8.3673    
 TO: pid    =  0.99500    
 TO: pib    =  0.94000    
 TO: pifn   =  0.98000    
 TO: pitn   =  0.99500    
 TO: N1     =   1.0724    
 TO: N2     =   1.0817    
 TO: Nht_c% =   100.61    
 TO: Nlt_c% =   99.427    
 TO: mlc_c% =   96.390    
 TO: mhc_c% =   99.140    
 TO: mht_c% =   100.00    
 TO: mlt_c% =   100.00    
 TO: mf_c%  =   97.827    
 TO: epf    =  0.90153    
 TO: eplc   =  0.89000    
 TO: ephc   =  0.88000    
 TO: epht   =  0.89999    
 TO: eplt   =  0.89926    
 TO: etab   =  0.98500    
 TO: fo     =  0.16268E-01
 TO: ffbar  =  0.19821E-01
 TO: ff     =  0.17754E-01
 TO: fc     =  0.88001E-01
 TO: epsrow =  0.85096E-01  0.43727E-02
 TO: Tmrow  =   1280.9       1280.2    

 TO: Fsp    =  0.68258    
 TO: Feng   =   90.497     kN
 TO: FengA  =   90.497     kN
 TO: mcore  =   63.122     kg/s
 TO: mcool  =   5.5548     kg/s
 TO: mfuel  =   1.1207     kg/s
 TO: mofft  =   1.0269     kg/s
 TO: Pofft  =   36.051     kW
 TO: PK     =   18597.     kW
 TO: Phijet =   10718.     kW
 TO: Phiinl =   0.0000     kW
 TO: Kinl   =   0.0000     kW
 TO: etap   =  0.42411    
 TO: TSFC   =  0.43733     1/hr
 TO: hfuel  =   42.702     MJ/kg

 TO:  loc     Tt      pt       cpt       R    cpt/(cpt-R)
              K       kPa     J/kg K   J/kg K
       0     291.8   106.04   1006.2    287.5   1.4000
       2     291.8   105.51   1006.2    287.5   1.4000
       21    340.6   172.01   1009.1    287.9   1.3984
       7     340.6   168.57   1009.1    287.5   1.3984

       0     291.8   106.04   1006.2    287.5   1.4000
       18    291.8   105.51   1006.2    287.9   1.4000
       19    291.8   105.51   1006.2    287.9   1.4000
       25    563.8   843.22   1045.1    287.9   1.3794
       3     876.8  3625.42   1118.5    287.5   1.3460
       4    1550.5  3407.90   1267.3    287.9   1.2940
       41   1495.3  3257.43   1256.9    287.9   1.2971
       45   1220.8  1235.67   1219.4    287.9   1.3091
       49    763.3   147.68   1122.4    287.9   1.3450
       5     763.3   146.94   1122.4    287.9   1.3450

 TO:  device     power    dh/dT     epol     eta
                  kW      J/kg K                
     fan 2 -21 -16067.5   1007.6   0.9015   0.8945
     LPC 19-25 -17536.2   1021.2   0.8900   0.8553
     HPC 25-3  -21024.5   1081.8   0.8800   0.8557
     HPT 41-45  21497.5   1239.0   0.9000   0.9099
     LPT 45-49  33979.6   1174.8   0.8993   0.9216

 TO:  loc   T       p       M       u        A     Fsp    eta_p
            K      kPa             m/s      m^2
      0    288.0  101.32  0.2563   87.16  3.6472  0.6826
      2    270.8   81.29  0.6220  205.37  1.8181

      25   528.2  665.93  0.5938  272.18  0.0520

      5    693.3  101.32  0.7596  394.70  0.3155
      6    693.3  101.32  0.7596  394.70  0.3155  0.1467  0.3618

      7    294.5  101.32  0.8847  304.61  0.8964
      8    294.5  101.32  0.8847  304.61  0.8964  0.5359  0.4449

      9                             0.00  0.0000  0.0000  2.0000

 - - - - - - - - - - - - - - - - - - - - - - - - - - - - -
 CB:  Cutback...

 CB: alt.   =      0. ft
 CB: dyn.pr.=   97.28 psf
 CB: VTAS   =  286.04 ft/s
 CB: W/WMTO = 1.00000
 CB: Mach   =  0.2563
 CB: L/D    =  16.609
 CB: gamV   = 3.00000 deg
 CB: e      =  0.8298
 CB: CL     =  1.2279
 CB: CD     = 0.07393
 CB: CDi    = 0.05319
 CB: CDfuse = 0.00778
 CB: CDwing = 0.00891
 CB: CDover = 0.00000
 CB: CDhtail= 0.00159
 CB: CDvtail= 0.00209
 CB: CDnace = 0.00037
 CB: CDstrut= 0.00000
 CB: Mperp  =  0.2272
 CB: clpo   =  1.5816
 CB: clps   =  1.7501
 CB: clpt   =  0.9775
 CB: fduo   =  0.0220
 CB: fdus   =  0.0190
 CB: fdut   =  0.0070
 CB: cdpw   = 0.00350
 CB: cdfw   = 0.00850
 CB: cdw    = 0.01200
 CB: Clh    = -0.1650
 CB: ClhSh/S= -0.0269
 CB: CMwing = -5.4463
 CB: CMfuse =  0.1330
 CB: CMtail =  0.2237
 CB: cmpo   = -0.2000
 CB: cmps   = -0.2000
 CB: cmpt   = -0.0200
 CB: dh/dR  = 0.05241
 CB: xCG    =   52.74 ft
 CB: xNP    =   56.95 ft
 CB: S.M.   =   0.331
 CB: Wbuoy  =     0.0 lb
 CB: Lwing  =   81.67 %
 CB: Lfuse  =   20.52 %
 CB: Ltail  =   -2.19 %

 CB: BPR    =   5.7481    
 CB: FPR    =   1.3105    
 CB: OPR    =   20.445    
 CB: pilc   =   5.3916    
 CB: pihc   =   3.7921    
 CB: 1/piht =   2.6504    
 CB: 1/pilt =   6.1699    
 CB: pid    =  0.99500    
 CB: pib    =  0.94000    
 CB: pifn   =  0.98000    
 CB: pitn   =  0.99500    
 CB: N1     =  0.80740    
 CB: N2     =  0.97690    
 CB: Nlc_c% =   74.051    
 CB: Nhc_c% =   95.512    
 CB: Nht_c% =   101.60    
 CB: Nlt_c% =   84.157    
 CB: mlc_c% =   64.861    
 CB: mhc_c% =   92.260    
 CB: mht_c% =   100.00    
 CB: mlt_c% =   100.00    
 CB: mf_c%  =   73.103    
 CB: epf    =  0.92614    
 CB: eplc   =  0.89000    
 CB: ephc   =  0.88000    
 CB: epht   =  0.89996    
 CB: eplt   =  0.88118    
 CB: etab   =  0.98500    
 CB: fo     =  0.24176E-01
 CB: ffbar  =  0.13428E-01
 CB: ff     =  0.11921E-01
 CB: fc     =  0.88001E-01
 CB: epsrow =  0.85096E-01  0.43727E-02
 CB: Tmrow  =   1069.0       1022.0    

 CB: Fsp    =  0.40859    
 CB: Feng   =   39.828     kN
 CB: FengA  =   39.828     kN
 CB: mcore  =   42.475     kg/s
 CB: mcool  =   3.7378     kg/s
 CB: mfuel  =  0.50636     kg/s
 CB: mofft  =   1.0269     kg/s
 CB: Pofft  =   36.051     kW
 CB: PK     =   6250.7     kW
 CB: Phijet =   2783.3     kW
 CB: Phiinl =   0.0000     kW
 CB: Kinl   =   0.0000     kW
 CB: etap   =  0.55534    
 CB: TSFC   =  0.44899     1/hr
 CB: hfuel  =   43.205     MJ/kg

 CB:  loc     Tt      pt       cpt       R    cpt/(cpt-R)
              K       kPa     J/kg K   J/kg K
       0     291.8   106.04   1006.2    287.5   1.4000
       2     291.8   105.51   1006.2    287.5   1.4000
       21    317.1   138.27   1007.5    287.8   1.3993
       7     317.1   135.51   1007.5    287.5   1.3993

       0     291.8   106.04   1006.2    287.5   1.4000
       18    291.8   105.51   1006.2    287.8   1.4000
       19    291.8   105.51   1006.2    287.8   1.4000
       25    498.8   568.88   1031.3    287.8   1.3865
       3     752.9  2157.24   1089.7    287.5   1.3584
       4    1236.2  2027.81   1211.9    287.8   1.3114
       41   1195.9  1933.32   1202.9    287.8   1.3144
       45    965.9   729.43   1160.3    287.8   1.3298
       49    639.6   118.22   1081.2    287.8   1.3627
       5     639.6   117.63   1081.2    287.8   1.3627

 CB:  device     power    dh/dT     epol     eta
                  kW      J/kg K                
     fan 2 -21  -6236.0   1006.9   0.9261   0.9233
     LPC 19-25  -8934.4   1016.0   0.8900   0.8621
     HPC 25-3  -11159.7   1059.6   0.8800   0.8573
     HPT 41-45  11410.7   1182.5   0.9000   0.9104
     LPT 45-49  15360.1   1122.1   0.8812   0.9045

 CB:  loc   T       p       M       u        A     Fsp    eta_p
            K      kPa             m/s      m^2
      0    288.0  101.32  0.2563   87.16  2.6815  0.4086
      2    282.6   94.38  0.4024  135.72  1.8181

      25   473.1  470.55  0.5298  230.25  0.0520

      5    614.6  101.32  0.4723  232.09  0.3155
      6    614.6  101.32  0.4723  232.09  0.3155  0.0619  0.5460

      7    291.9  101.32  0.6581  225.57  0.8964
      8    291.9  101.32  0.6581  225.57  0.8964  0.3467  0.5574

      9                             0.00  0.0000  0.0000  2.0000

 - - - - - - - - - - - - - - - - - - - - - - - - - - - - -
 B1:  Climb1...           

 B1: alt.   =      0. ft
 B1: dyn.pr.=   95.77 psf
 B1: VTAS   =  283.81 ft/s
 B1: W/WMTO = 1.00000
 B1: Mach   =  0.2543
 B1: L/D    =  16.606
 B1: gamV   =10.12264 deg
 B1: e      =  0.8298
 B1: CL     =  1.2279
 B1: CD     = 0.07394
 B1: CDi    = 0.05319
 B1: CDfuse = 0.00778
 B1: CDwing = 0.00892
 B1: CDover = 0.00000
 B1: CDhtail= 0.00159
 B1: CDvtail= 0.00209
 B1: CDnace = 0.00037
 B1: CDstrut= 0.00000
 B1: Mperp  =  0.2254
 B1: clpo   =  1.5816
 B1: clps   =  1.7501
 B1: clpt   =  0.9775
 B1: fduo   =  0.0220
 B1: fdus   =  0.0190
 B1: fdut   =  0.0070
 B1: cdpw   = 0.00350
 B1: cdfw   = 0.00850
 B1: cdw    = 0.01200
 B1: Clh    = -0.1650
 B1: ClhSh/S= -0.0269
 B1: CMwing = -5.4463
 B1: CMfuse =  0.1330
 B1: CMtail =  0.2237
 B1: cmpo   = -0.2000
 B1: cmps   = -0.2000
 B1: cmpt   = -0.0200
 B1: dh/dR  = 0.17853
 B1: xCG    =   52.74 ft
 B1: xNP    =   56.95 ft
 B1: S.M.   =   0.331
 B1: Wbuoy  =     0.0 lb
 B1: Lwing  =   81.67 %
 B1: Lfuse  =   20.52 %
 B1: Ltail  =   -2.19 %

 B1: BPR    =   5.2419    
 B1: FPR    =   1.5845    
 B1: OPR    =   32.442    
 B1: pilc   =   7.6881    
 B1: pihc   =   4.2198    
 B1: 1/piht =   2.6378    
 B1: 1/pilt =   8.1771    
 B1: pid    =  0.99500    
 B1: pib    =  0.94000    
 B1: pifn   =  0.98000    
 B1: pitn   =  0.99500    
 B1: N1     =   1.0404    
 B1: N2     =   1.0685    
 B1: Nlc_c% =   95.429    
 B1: Nhc_c% =   98.865    
 B1: Nht_c% =   100.73    
 B1: Nlt_c% =   97.822    
 B1: mlc_c% =   92.345    
 B1: mhc_c% =   98.067    
 B1: mht_c% =   100.00    
 B1: mlt_c% =   100.00    
 B1: mf_c%  =   94.915    
 B1: epf    =  0.90504    
 B1: eplc   =  0.89000    
 B1: ephc   =  0.88000    
 B1: epht   =  0.89999    
 B1: eplt   =  0.89870    
 B1: etab   =  0.98500    
 B1: fo     =  0.16991E-01
 B1: ffbar  =  0.18890E-01
 B1: ff     =  0.16907E-01
 B1: fc     =  0.88001E-01
 B1: epsrow =  0.85096E-01  0.43727E-02
 B1: Tmrow  =   1253.8       1246.2    

 B1: Fsp    =  0.64881    
 B1: Feng   =   83.240     kN
 B1: FengA  =   83.240     kN
 B1: mcore  =   60.436     kg/s
 B1: mcool  =   5.3185     kg/s
 B1: mfuel  =   1.0218     kg/s
 B1: mofft  =   1.0269     kg/s
 B1: Pofft  =   36.051     kW
 B1: PK     =   16525.     kW
 B1: Phijet =   9334.8     kW
 B1: Phiinl =   0.0000     kW
 B1: Kinl   =   0.0000     kW
 B1: etap   =  0.43558    
 B1: TSFC   =  0.43351     1/hr
 B1: hfuel  =   42.767     MJ/kg

 B1:  loc     Tt      pt       cpt       R    cpt/(cpt-R)
              K       kPa     J/kg K   J/kg K
       0     291.7   105.97   1006.2    287.5   1.4000
       2     291.7   105.44   1006.2    287.5   1.4000
       21    337.3   167.07   1008.8    287.9   1.3985
       7     337.3   163.73   1008.8    287.5   1.3985

       0     291.7   105.97   1006.2    287.5   1.4000
       18    291.7   105.44   1006.2    287.9   1.4000
       19    291.7   105.44   1006.2    287.9   1.4000
       25    557.0   810.62   1043.6    287.9   1.3802
       3     862.2  3420.68   1115.1    287.5   1.3473
       4    1508.8  3215.44   1260.5    287.9   1.2960
       41   1455.7  3072.42   1250.0    287.9   1.2992
       45   1187.0  1164.75   1212.0    287.9   1.3115
       49    744.0   142.44   1116.2    287.9   1.3475
       5     744.0   141.73   1116.2    287.9   1.3475

 B1:  device     power    dh/dT     epol     eta
                  kW      J/kg K                
     fan 2 -21 -14543.4   1007.5   0.9050   0.8987
     LPC 19-25 -16363.2   1020.6   0.8900   0.8560
     HPC 25-3  -19566.0   1079.2   0.8800   0.8559
     HPT 41-45  20006.2   1232.0   0.9000   0.9099
     LPT 45-49  31255.2   1167.7   0.8987   0.9210

 B1:  loc   T       p       M       u        A     Fsp    eta_p
            K      kPa             m/s      m^2
      0    288.0  101.32  0.2543   86.47  3.5571  0.6488
      2    272.8   83.38  0.5889  195.15  1.8181

      25   523.0  645.35  0.5832  266.03  0.0520

      5    681.9  101.32  0.7196  371.07  0.3155
      6    681.9  101.32  0.7196  371.07  0.3155  0.1340  0.3780

      7    294.1  101.32  0.8573  294.94  0.8964
      8    294.1  101.32  0.8573  294.94  0.8964  0.5148  0.4534

      9                             0.00  0.0000  0.0000  2.0000

 - - - - - - - - - - - - - - - - - - - - - - - - - - - - -
 B2:  Climb2...           

 B2: alt.   =   9158. ft
 B2: dyn.pr.=  208.55 psf
 B2: VTAS   =  481.24 ft/s
 B2: W/WMTO = 0.99420
 B2: Mach   =  0.4454
 B2: L/D    =  19.077
 B2: gamV   = 6.98220 deg
 B2: e      =  0.8989
 B2: CL     =  0.5648
 B2: CD     = 0.02960
 B2: CDi    = 0.01039
 B2: CDfuse = 0.00778
 B2: CDwing = 0.00717
 B2: CDover = 0.00000
 B2: CDhtail= 0.00152
 B2: CDvtail= 0.00200
 B2: CDnace = 0.00075
 B2: CDstrut= 0.00000
 B2: Mperp  =  0.3948
 B2: clpo   =  0.6549
 B2: clps   =  0.8329
 B2: clpt   =  0.6216
 B2: fduo   =  0.0220
 B2: fdus   =  0.0190
 B2: fdut   =  0.0070
 B2: cdpw   = 0.00163
 B2: cdfw   = 0.00554
 B2: cdw    = 0.00717
 B2: Clh    = -0.1338
 B2: ClhSh/S= -0.0218
 B2: CMwing = -2.5889
 B2: CMfuse =  0.0666
 B2: CMtail =  0.1815
 B2: cmpo   = -0.0600
 B2: cmps   = -0.1100
 B2: cmpt   = -0.1100
 B2: dh/dR  = 0.12247
 B2: xCG    =   52.74 ft
 B2: xNP    =   57.64 ft
 B2: S.M.   =   0.385
 B2: Wbuoy  =   -16.9 lb
 B2: Lwing  =   85.39 %
 B2: Lfuse  =   18.47 %
 B2: Ltail  =   -3.86 %

 B2: BPR    =   5.1749    
 B2: FPR    =   1.6470    
 B2: OPR    =   35.098    
 B2: pilc   =   8.1393    
 B2: pihc   =   4.3122    
 B2: 1/piht =   2.6377    
 B2: 1/pilt =   8.6892    
 B2: pid    =  0.99500    
 B2: pib    =  0.94000    
 B2: pifn   =  0.98000    
 B2: pitn   =  0.99500    
 B2: N1     =   1.0674    
 B2: N2     =   1.0657    
 B2: Nlc_c% =   99.803    
 B2: Nhc_c% =   99.559    
 B2: Nht_c% =   100.49    
 B2: Nlt_c% =   100.39    
 B2: mlc_c% =   98.351    
 B2: mhc_c% =   99.279    
 B2: mht_c% =   100.00    
 B2: mlt_c% =   100.00    
 B2: mf_c%  =   99.795    
 B2: epf    =  0.90023    
 B2: eplc   =  0.89000    
 B2: ephc   =  0.88000    
 B2: epht   =  0.90000    
 B2: eplt   =  0.89980    
 B2: etab   =  0.98500    
 B2: fo     =  0.20134E-01
 B2: ffbar  =  0.19175E-01
 B2: ff     =  0.17101E-01
 B2: fc     =  0.88001E-01
 B2: epsrow =  0.85096E-01  0.43727E-02
 B2: Tmrow  =   1248.4       1244.8    

 B2: Fsp    =  0.58884    
 B2: Feng   =   61.072     kN
 B2: FengA  =   61.072     kN
 B2: mcore  =   51.002     kg/s
 B2: mcool  =   4.4882     kg/s
 B2: mfuel  =  0.87219     kg/s
 B2: mofft  =   1.0269     kg/s
 B2: Pofft  =   36.051     kW
 B2: PK     =   15075.     kW
 B2: Phijet =   6135.3     kW
 B2: Phiinl =   0.0000     kW
 B2: Kinl   =   0.0000     kW
 B2: etap   =  0.59425    
 B2: TSFC   =  0.50436     1/hr
 B2: hfuel  =   42.768     MJ/kg

 B2:  loc     Tt      pt       cpt       R    cpt/(cpt-R)
              K       kPa     J/kg K   J/kg K
       0     280.8    82.37   1005.8    287.5   1.4002
       2     280.8    81.96   1005.8    287.5   1.4002
       21    328.9   134.99   1008.3    287.9   1.3988
       7     328.9   132.29   1008.3    287.5   1.3988

       0     280.8    82.37   1005.8    287.5   1.4002
       18    280.8    81.96   1005.8    287.9   1.4002
       19    280.8    81.96   1005.8    287.9   1.4002
       25    546.3   667.10   1041.3    287.9   1.3814
       3     852.1  2876.67   1112.8    287.5   1.3483
       4    1508.8  2704.07   1261.1    287.9   1.2958
       41   1454.9  2584.50   1250.5    287.9   1.2991
       45   1186.4   979.82   1212.4    287.9   1.3114
       49    733.0   112.76   1113.8    287.9   1.3486
       5     733.0   112.20   1113.8    287.9   1.3486

 B2:  device     power    dh/dT     epol     eta
                  kW      J/kg K                
     fan 2 -21 -12794.6   1007.0   0.9002   0.8930
     LPC 19-25 -13805.5   1019.2   0.8900   0.8549
     HPC 25-3  -16454.9   1076.8   0.8800   0.8555
     HPT 41-45  16825.1   1232.5   0.9000   0.9099
     LPT 45-49  26905.2   1166.8   0.8998   0.9225

 B2:  loc   T       p       M       u        A     Fsp    eta_p
            K      kPa             m/s      m^2
      0    270.1   71.91  0.4454  146.68  2.3131  0.5888
      2    259.2   61.97  0.6447  208.27  1.8181

      25   511.6  526.35  0.5947  268.42  0.0520

      5    652.6   71.91  0.8337  421.04  0.3155
      6    652.6   71.91  0.8337  421.04  0.3155  0.1343  0.5167

      7    276.3   71.91  0.9753  325.30  0.8964
      8    276.3   71.91  0.9753  325.30  0.8964  0.4546  0.6215

      9                             0.00  0.0000  0.0000  2.0000

 - - - - - - - - - - - - - - - - - - - - - - - - - - - - -
 B3:  Climb3...           

 B3: alt.   =  18316. ft
 B3: dyn.pr.=  208.90 psf
 B3: VTAS   =  559.47 ft/s
 B3: W/WMTO = 0.98985
 B3: Mach   =  0.5361
 B3: L/D    =  18.846
 B3: gamV   = 4.82869 deg
 B3: e      =  0.8989
 B3: CL     =  0.5648
 B3: CD     = 0.02997
 B3: CDi    = 0.01039
 B3: CDfuse = 0.00778
 B3: CDwing = 0.00731
 B3: CDover = 0.00000
 B3: CDhtail= 0.00154
 B3: CDvtail= 0.00203
 B3: CDnace = 0.00092
 B3: CDstrut= 0.00000
 B3: Mperp  =  0.4753
 B3: clpo   =  0.6549
 B3: clps   =  0.8329
 B3: clpt   =  0.6216
 B3: fduo   =  0.0220
 B3: fdus   =  0.0190
 B3: fdut   =  0.0070
 B3: cdpw   = 0.00177
 B3: cdfw   = 0.00554
 B3: cdw    = 0.00731
 B3: Clh    = -0.1339
 B3: ClhSh/S= -0.0218
 B3: CMwing = -2.5890
 B3: CMfuse =  0.0666
 B3: CMtail =  0.1816
 B3: cmpo   = -0.0600
 B3: cmps   = -0.1100
 B3: cmpt   = -0.1100
 B3: dh/dR  = 0.08448
 B3: xCG    =   52.74 ft
 B3: xNP    =   57.64 ft
 B3: S.M.   =   0.385
 B3: Wbuoy  =   202.0 lb
 B3: Lwing  =   85.39 %
 B3: Lfuse  =   18.47 %
 B3: Ltail  =   -3.86 %

 B3: BPR    =   5.0456    
 B3: FPR    =   1.7300    
 B3: OPR    =   38.301    
 B3: pilc   =   8.5171    
 B3: pihc   =   4.4970    
 B3: 1/piht =   2.6375    
 B3: 1/pilt =   8.9223    
 B3: pid    =  0.99500    
 B3: pib    =  0.94000    
 B3: pifn   =  0.98000    
 B3: pitn   =  0.99500    
 B3: N1     =   1.0889    
 B3: N2     =   1.0607    
 B3: Nlc_c% =   104.53    
 B3: Nhc_c% =   100.93    
 B3: Nht_c% =   100.06    
 B3: Nlt_c% =   102.45    
 B3: mlc_c% =   105.12    
 B3: mhc_c% =   101.70    
 B3: mht_c% =   100.00    
 B3: mlt_c% =   100.00    
 B3: mf_c%  =   104.00    
 B3: epf    =  0.89384    
 B3: eplc   =  0.89000    
 B3: ephc   =  0.88000    
 B3: epht   =  0.90000    
 B3: eplt   =  0.89990    
 B3: etab   =  0.98500    
 B3: fo     =  0.25013E-01
 B3: ffbar  =  0.19699E-01
 B3: ff     =  0.17473E-01
 B3: fc     =  0.88001E-01
 B3: epsrow =  0.85096E-01  0.43727E-02
 B3: Tmrow  =   1238.4       1242.1    

 B3: Fsp    =  0.60942    
 B3: Feng   =   48.108     kN
 B3: FengA  =   48.103     kN
 B3: mcore  =   41.053     kg/s
 B3: mcool  =   3.6127     kg/s
 B3: mfuel  =  0.71731     kg/s
 B3: mofft  =   1.0269     kg/s
 B3: Pofft  =   36.051     kW
 B3: PK     =   13144.     kW
 B3: Phijet =   4960.8     kW
 B3: Phiinl =   0.0000     kW
 B3: Kinl   =   0.0000     kW
 B3: etap   =  0.62416    
 B3: TSFC   =  0.52657     1/hr
 B3: hfuel  =   42.771     MJ/kg

 B3:  loc     Tt      pt       cpt       R    cpt/(cpt-R)
              K       kPa     J/kg K   J/kg K
       0     266.4    60.43   1005.3    287.5   1.4005
       2     266.4    60.12   1005.3    287.5   1.4005
       21    317.4   104.01   1007.5    287.9   1.3992
       7     317.4   101.93   1007.5    287.5   1.3992

       0     266.4    60.43   1005.3    287.5   1.4005
       18    266.4    60.12   1005.3    287.9   1.4005
       19    266.4    60.12   1005.3    287.9   1.4005
       25    526.6   512.08   1037.0    287.9   1.3836
       3     833.5  2302.80   1108.5    287.5   1.3501
       4    1508.8  2164.63   1262.3    287.9   1.2955
       41   1453.5  2069.95   1251.4    287.9   1.2988
       45   1185.5   784.81   1213.3    287.9   1.3111
       49    728.0    87.96   1113.3    287.9   1.3488
       5     728.0    87.52   1113.3    287.9   1.3488

 B3:  device     power    dh/dT     epol     eta
                  kW      J/kg K                
     fan 2 -21 -10632.8   1006.4   0.8938   0.8853
     LPC 19-25 -10864.8   1016.9   0.8900   0.8540
     HPC 25-3  -13173.1   1072.3   0.8800   0.8546
     HPT 41-45  13469.5   1233.4   0.9000   0.9099
     LPT 45-49  21751.1   1167.0   0.8999   0.9228

 B3:  loc   T       p       M       u        A     Fsp    eta_p
            K      kPa             m/s      m^2
      0    251.9   49.71  0.5361  170.53  2.1157  0.6094
      2    242.2   43.10  0.7061  220.51  1.8181

      25   490.4  396.31  0.6188  273.68  0.0520

      5    627.8   49.71  0.9469  469.52  0.3155
      6    627.8   49.71  0.9469  469.52  0.3155  0.1536  0.5329

      7    264.5   53.84  1.0000  326.32  0.8964
      8    258.5   49.71  1.0669  344.22  0.8996  0.4558  0.6626

      9                             0.00  0.0000  0.0000  2.0000

 - - - - - - - - - - - - - - - - - - - - - - - - - - - - -
 B4:  Climb4...           

 B4: alt.   =  27474. ft
 B4: dyn.pr.=  208.60 psf
 B4: VTAS   =  655.51 ft/s
 B4: W/WMTO = 0.98502
 B4: Mach   =  0.6521
 B4: L/D    =  18.472
 B4: gamV   = 2.99305 deg
 B4: e      =  0.8989
 B4: CL     =  0.5648
 B4: CD     = 0.03057
 B4: CDi    = 0.01039
 B4: CDfuse = 0.00778
 B4: CDwing = 0.00765
 B4: CDover = 0.00000
 B4: CDhtail= 0.00156
 B4: CDvtail= 0.00206
 B4: CDnace = 0.00114
 B4: CDstrut= 0.00000
 B4: Mperp  =  0.5781
 B4: clpo   =  0.6549
 B4: clps   =  0.8329
 B4: clpt   =  0.6216
 B4: fduo   =  0.0220
 B4: fdus   =  0.0190
 B4: fdut   =  0.0070
 B4: cdpw   = 0.00217
 B4: cdfw   = 0.00548
 B4: cdw    = 0.00765
 B4: Clh    = -0.1340
 B4: ClhSh/S= -0.0218
 B4: CMwing = -2.5890
 B4: CMfuse =  0.0666
 B4: CMtail =  0.1817
 B4: cmpo   = -0.0600
 B4: cmps   = -0.1100
 B4: cmpt   = -0.1100
 B4: dh/dR  = 0.05229
 B4: xCG    =   52.74 ft
 B4: xNP    =   57.64 ft
 B4: S.M.   =   0.385
 B4: Wbuoy  =   372.9 lb
 B4: Lwing  =   85.39 %
 B4: Lfuse  =   18.47 %
 B4: Ltail  =   -3.87 %

 B4: BPR    =   4.9657    
 B4: FPR    =   1.8042    
 B4: OPR    =   40.997    
 B4: pilc   =   8.6848    
 B4: pihc   =   4.7205    
 B4: 1/piht =   2.6373    
 B4: 1/pilt =   8.9446    
 B4: pid    =  0.99500    
 B4: pib    =  0.94000    
 B4: pifn   =  0.98000    
 B4: pitn   =  0.99500    
 B4: N1     =   1.1038    
 B4: N2     =   1.0556    
 B4: Nlc_c% =   108.58    
 B4: Nhc_c% =   102.55    
 B4: Nht_c% =   99.634    
 B4: Nlt_c% =   103.90    
 B4: mlc_c% =   110.58    
 B4: mhc_c% =   104.62    
 B4: mht_c% =   100.00    
 B4: mlt_c% =   100.00    
 B4: mf_c%  =   107.67    
 B4: epf    =  0.88812    
 B4: eplc   =  0.89000    
 B4: ephc   =  0.88000    
 B4: epht   =  0.90000    
 B4: eplt   =  0.89978    
 B4: etab   =  0.98500    
 B4: fo     =  0.31417E-01
 B4: ffbar  =  0.20269E-01
 B4: ff     =  0.17849E-01
 B4: fc     =  0.88001E-01
 B4: epsrow =  0.85096E-01  0.43727E-02
 B4: Tmrow  =   1227.6       1239.3    

 B4: Fsp    =  0.62217    
 B4: Feng   =   37.171     kN
 B4: FengA  =   37.117     kN
 B4: mcore  =   32.685     kg/s
 B4: mcool  =   2.8763     kg/s
 B4: mfuel  =  0.58338     kg/s
 B4: mofft  =   1.0269     kg/s
 B4: Pofft  =   36.051     kW
 B4: PK     =   11337.     kW
 B4: Phijet =   3933.0     kW
 B4: Phiinl =   0.0000     kW
 B4: Kinl   =   0.0000     kW
 B4: etap   =  0.65513    
 B4: TSFC   =  0.55426     1/hr
 B4: hfuel  =   42.774     MJ/kg

 B4:  loc     Tt      pt       cpt       R    cpt/(cpt-R)
              K       kPa     J/kg K   J/kg K
       0     253.6    44.63   1004.9    287.5   1.4007
       2     253.6    44.40   1004.9    287.5   1.4007
       21    306.7    80.11   1006.9    287.9   1.3996
       7     306.7    78.51   1006.9    287.5   1.3996

       0     253.6    44.63   1004.9    287.5   1.4007
       18    253.6    44.40   1004.9    287.9   1.4007
       19    253.6    44.40   1004.9    287.9   1.4007
       25    505.2   385.62   1032.6    287.9   1.3858
       3     813.4  1820.35   1103.8    287.5   1.3522
       4    1508.8  1711.13   1263.6    287.9   1.2951
       41   1452.1  1637.16   1252.3    287.9   1.2985
       45   1184.5   620.77   1214.1    287.9   1.3108
       49    727.3    69.40   1113.9    287.9   1.3486
       5     727.3    69.05   1113.9    287.9   1.3486

 B4:  device     power    dh/dT     epol     eta
                  kW      J/kg K                
     fan 2 -21  -8661.4   1005.9   0.8881   0.8785
     LPC 19-25  -8344.5   1014.8   0.8900   0.8535
     HPC 25-3  -10413.9   1067.5   0.8800   0.8536
     HPT 41-45  10648.2   1234.3   0.9000   0.9099
     LPT 45-49  17214.1   1167.8   0.8998   0.9228

 B4:  loc   T       p       M       u        A     Fsp    eta_p
            K      kPa             m/s      m^2
      0    233.8   33.55  0.6521  199.80  1.9503  0.6222
      2    226.5   29.88  0.7738  233.69  1.8181

      25   466.9  290.71  0.6505  280.94  0.0520

      5    617.2   36.92  1.0000  491.83  0.3155
      6    601.8   33.55  1.0800  524.82  0.3172  0.1739  0.5515

      7    255.5   41.47  1.0000  320.78  0.8964
      8    240.5   33.55  1.1721  364.81  0.9168  0.4483  0.7078

      9                             0.00  0.0000  0.0000  2.0000

 - - - - - - - - - - - - - - - - - - - - - - - - - - - - -
 B5:  Climb5...           

 B5: alt.   =  36632. ft
 B5: dyn.pr.=  207.77 psf
 B5: VTAS   =  776.04 ft/s
 B5: W/WMTO = 0.97870
 B5: Mach   =  0.8002
 B5: L/D    =  17.847
 B5: gamV   = 1.44331 deg
 B5: e      =  0.8989
 B5: CL     =  0.5648
 B5: CD     = 0.03164
 B5: CDi    = 0.01039
 B5: CDfuse = 0.00778
 B5: CDwing = 0.00836
 B5: CDover = 0.00000
 B5: CDhtail= 0.00159
 B5: CDvtail= 0.00210
 B5: CDnace = 0.00143
 B5: CDstrut= 0.00000
 B5: Mperp  =  0.7093
 B5: clpo   =  0.6549
 B5: clps   =  0.8329
 B5: clpt   =  0.6216
 B5: fduo   =  0.0220
 B5: fdus   =  0.0190
 B5: fdut   =  0.0070
 B5: cdpw   = 0.00304
 B5: cdfw   = 0.00532
 B5: cdw    = 0.00836
 B5: Clh    = -0.1342
 B5: ClhSh/S= -0.0219
 B5: CMwing = -2.5891
 B5: CMfuse =  0.0666
 B5: CMtail =  0.1819
 B5: cmpo   = -0.0600
 B5: cmps   = -0.1100
 B5: cmpt   = -0.1100
 B5: dh/dR  = 0.02520
 B5: xCG    =   52.73 ft
 B5: xNP    =   57.64 ft
 B5: S.M.   =   0.385
 B5: Wbuoy  =   504.8 lb
 B5: Lwing  =   85.40 %
 B5: Lfuse  =   18.47 %
 B5: Ltail  =   -3.87 %

 B5: BPR    =   4.9334    
 B5: FPR    =   1.8534    
 B5: OPR    =   42.506    
 B5: pilc   =   8.6556    
 B5: pihc   =   4.9108    
 B5: 1/piht =   2.6371    
 B5: 1/pilt =   8.9424    
 B5: pid    =  0.99500    
 B5: pib    =  0.94000    
 B5: pifn   =  0.98000    
 B5: pitn   =  0.99500    
 B5: N1     =   1.1123    
 B5: N2     =   1.0519    
 B5: Nlc_c% =   111.22    
 B5: Nhc_c% =   103.90    
 B5: Nht_c% =   99.327    
 B5: Nlt_c% =   104.72    
 B5: mlc_c% =   113.80    
 B5: mhc_c% =   107.10    
 B5: mht_c% =   100.00    
 B5: mlt_c% =   100.00    
 B5: mf_c%  =   110.08    
 B5: epf    =  0.88434    
 B5: eplc   =  0.89000    
 B5: ephc   =  0.88000    
 B5: epht   =  0.89999    
 B5: eplt   =  0.89968    
 B5: etab   =  0.98500    
 B5: fo     =  0.39638E-01
 B5: ffbar  =  0.20713E-01
 B5: ff     =  0.18069E-01
 B5: fc     =  0.88001E-01
 B5: epsrow =  0.85096E-01  0.43727E-02
 B5: Tmrow  =   1219.2       1237.1    

 B5: Fsp    =  0.62190    
 B5: Feng   =   28.258     kN
 B5: FengA  =   28.047     kN
 B5: mcore  =   25.906     kg/s
 B5: mcool  =   2.2798     kg/s
 B5: mfuel  =  0.46810     kg/s
 B5: mofft  =   1.0269     kg/s
 B5: Pofft  =   36.051     kW
 B5: PK     =   9623.2     kW
 B5: Phijet =   2965.3     kW
 B5: Phiinl =   0.0000     kW
 B5: Kinl   =   0.0000     kW
 B5: etap   =  0.69458    
 B5: TSFC   =  0.58502     1/hr
 B5: hfuel  =   42.776     MJ/kg

 B5:  loc     Tt      pt       cpt       R    cpt/(cpt-R)
              K       kPa     J/kg K   J/kg K
       0     245.4    33.81   1004.7    287.5   1.4008
       2     245.4    33.64   1004.7    287.5   1.4008
       21    299.6    62.35   1006.6    287.9   1.3998
       7     299.6    61.10   1006.6    287.5   1.3998

       0     245.4    33.81   1004.7    287.5   1.4008
       18    245.4    33.64   1004.7    287.9   1.4008
       19    245.4    33.64   1004.7    287.9   1.4008
       25    488.8   291.19   1029.4    287.9   1.3875
       3     797.9  1429.98   1100.2    287.5   1.3537
       4    1508.8  1344.18   1264.6    287.9   1.2948
       41   1450.9  1286.60   1253.1    287.9   1.2983
       45   1183.7   487.88   1214.8    287.9   1.3106
       49    727.1    54.56   1114.4    287.9   1.3483
       5     727.1    54.29   1114.4    287.9   1.3483

 B5:  device     power    dh/dT     epol     eta
                  kW      J/kg K                
     fan 2 -21  -6964.4   1005.6   0.8843   0.8739
     LPC 19-25  -6388.3   1013.4   0.8900   0.8535
     HPC 25-3   -8181.0   1063.8   0.8800   0.8528
     HPT 41-45   8365.0   1235.0   0.9000   0.9099
     LPT 45-49  13524.1   1168.4   0.8997   0.9227

 B5:  loc   T       p       M       u        A     Fsp    eta_p
            K      kPa             m/s      m^2
      0    217.6   22.20  0.8002  236.54  1.8275  0.6219
      2    215.5   21.34  0.8331  245.42  1.8181

      25   448.3  213.96  0.6803  288.08  0.0520

      5    617.1   29.03  1.0000  491.74  0.3155
      6    574.5   22.20  1.2156  577.78  0.3269  0.1875  0.5809

      7    249.7   32.27  1.0000  317.07  0.8964
      8    224.3   22.20  1.2949  389.20  0.9540  0.4294  0.7560

      9                           223.15  0.0134  0.0050  1.0291

 - - - - - - - - - - - - - - - - - - - - - - - - - - - - -
 C1:  Cruise1...          

 C1: alt.   =  36632. ft
 C1: dyn.pr.=  207.67 psf
 C1: VTAS   =  775.87 ft/s
 C1: W/WMTO = 0.97870
 C1: Mach   =  0.8000
 C1: L/D    =  17.539
 C1: gamV   = 0.01431 deg
 C1: e      =  0.8989
 C1: CL     =  0.5648
 C1: CD     = 0.03220
 C1: CDi    = 0.01039
 C1: CDfuse = 0.00778
 C1: CDwing = 0.00835
 C1: CDover = 0.00000
 C1: CDhtail= 0.00159
 C1: CDvtail= 0.00210
 C1: CDnace = 0.00200
 C1: CDstrut= 0.00000
 C1: Mperp  =  0.7092
 C1: clpo   =  0.6549
 C1: clps   =  0.8329
 C1: clpt   =  0.6216
 C1: fduo   =  0.0220
 C1: fdus   =  0.0190
 C1: fdut   =  0.0070
 C1: cdpw   = 0.00303
 C1: cdfw   = 0.00532
 C1: cdw    = 0.00835
 C1: Clh    = -0.1342
 C1: ClhSh/S= -0.0219
 C1: CMwing = -2.5892
 C1: CMfuse =  0.0666
 C1: CMtail =  0.1819
 C1: cmpo   = -0.0600
 C1: cmps   = -0.1100
 C1: cmpt   = -0.1100
 C1: dh/dR  = 0.00025
 C1: xCG    =   52.73 ft
 C1: xNP    =   57.64 ft
 C1: S.M.   =   0.385
 C1: Wbuoy  =   504.8 lb
 C1: Lwing  =   85.40 %
 C1: Lfuse  =   18.47 %
 C1: Ltail  =   -3.87 %

 C1: BPR    =   5.1000    
 C1: FPR    =   1.6500    
 C1: OPR    =   35.000    
 C1: pilc   =   8.0000    
 C1: pihc   =   4.3750    
 C1: 1/piht =   2.6447    
 C1: 1/pilt =   9.0474    
 C1: pid    =  0.99500    
 C1: pib    =  0.94000    
 C1: pifn   =  0.98000    
 C1: pitn   =  0.99500    
 C1: N1     =   1.0000    
 C1: N2     =   1.0000    
 C1: Nlc_c% =   100.00    
 C1: Nhc_c% =   100.00    
 C1: Nht_c% =   100.00    
 C1: Nlt_c% =   100.00    
 C1: mlc_c% =   100.00    
 C1: mhc_c% =   100.00    
 C1: mht_c% =   100.00    
 C1: mlt_c% =   100.00    
 C1: mf_c%  =   100.00    
 C1: epf    =  0.90000    
 C1: eplc   =  0.89000    
 C1: ephc   =  0.88000    
 C1: epht   =  0.90000    
 C1: eplt   =  0.90000    
 C1: etab   =  0.98500    
 C1: fo     =  0.45114E-01
 C1: ffbar  =  0.16678E-01
 C1: ff     =  0.14458E-01
 C1: fc     =  0.88001E-01
 C1: epsrow =  0.85096E-01  0.43727E-02
 C1: Tmrow  =   1118.1       1103.0    

 C1: Fsp    =  0.48518    
 C1: Feng   =   19.913     kN
 C1: FengA  =   19.852     kN
 C1: mcore  =   22.761     kg/s
 C1: mcool  =   2.0030     kg/s
 C1: mfuel  =  0.32908     kg/s
 C1: mofft  =   1.0269     kg/s
 C1: Pofft  =   36.051     kW
 C1: PK     =   6241.2     kW
 C1: Phijet =   1550.3     kW
 C1: Phiinl =   0.0000     kW
 C1: Kinl   =   0.0000     kW
 C1: etap   =  0.75454    
 C1: TSFC   =  0.58362     1/hr
 C1: hfuel  =   43.047     MJ/kg

 C1:  loc     Tt      pt       cpt       R    cpt/(cpt-R)
              K       kPa     J/kg K   J/kg K
       0     245.4    33.80   1004.7    287.5   1.4008
       2     245.4    33.64   1004.7    287.5   1.4008
       21    287.8    55.50   1006.1    287.8   1.4001
       7     287.8    54.39   1006.1    287.5   1.4001

       0     245.4    33.80   1004.7    287.5   1.4008
       18    245.4    33.64   1004.7    287.8   1.4008
       19    245.4    33.64   1004.7    287.8   1.4008
       25    476.8   269.09   1027.2    287.8   1.3886
       3     753.1  1177.25   1089.8    287.5   1.3583
       4    1342.2  1106.62   1234.3    287.9   1.3041
       41   1293.6  1057.47   1224.0    287.8   1.3074
       45   1049.3   399.84   1182.6    287.8   1.3217
       49    633.9    44.19   1084.2    287.8   1.3614
       5     633.9    43.97   1084.2    287.8   1.3614

 C1:  device     power    dh/dT     epol     eta
                  kW      J/kg K                
     fan 2 -21  -4940.4   1005.4   0.9000   0.8927
     LPC 19-25  -5333.0   1012.6   0.8900   0.8549
     HPC 25-3   -6348.9   1057.3   0.8800   0.8547
     HPT 41-45   6491.7   1204.6   0.9000   0.9102
     LPT 45-49  10413.6   1136.0   0.9000   0.9236

 C1:  loc   T       p       M       u        A     Fsp    eta_p
            K      kPa             m/s      m^2
      0    217.6   22.20  0.8000  236.49  1.6511  0.4852
      2    226.3   25.32  0.6500  196.22  1.8181

      25   445.5  211.24  0.6000  253.29  0.0520

      5    535.2   23.43  1.0000  459.85  0.3155
      6    527.4   22.20  1.0456  477.46  0.3161  0.1255  0.6625

      7    239.7   28.72  1.0000  310.73  0.8964
      8    222.7   22.20  1.2076  361.68  0.9257  0.3541  0.7907

      9                           223.15  0.0134  0.0056  1.0290

 - - - - - - - - - - - - - - - - - - - - - - - - - - - - -
 C2:  Cruise2...          

 C2: alt.   =  40812. ft
 C2: dyn.pr.=  171.02 psf
 C2: VTAS   =  774.23 ft/s
 C2: W/WMTO = 0.79924
 C2: Mach   =  0.8000
 C2: L/D    =  17.316
 C2: gamV   = 0.01447 deg
 C2: e      =  0.8976
 C2: CL     =  0.5648
 C2: CD     = 0.03262
 C2: CDi    = 0.01040
 C2: CDfuse = 0.00778
 C2: CDwing = 0.00860
 C2: CDover = 0.00000
 C2: CDhtail= 0.00164
 C2: CDvtail= 0.00216
 C2: CDnace = 0.00204
 C2: CDstrut= 0.00000
 C2: Mperp  =  0.7092
 C2: clpo   =  0.6559
 C2: clps   =  0.8342
 C2: clpt   =  0.6226
 C2: fduo   =  0.0220
 C2: fdus   =  0.0190
 C2: fdut   =  0.0070
 C2: cdpw   = 0.00313
 C2: cdfw   = 0.00547
 C2: cdw    = 0.00860
 C2: Clh    = -0.1395
 C2: ClhSh/S= -0.0227
 C2: CMwing = -2.5929
 C2: CMfuse =  0.0666
 C2: CMtail =  0.1891
 C2: cmpo   = -0.0600
 C2: cmps   = -0.1100
 C2: cmpt   = -0.1100
 C2: dh/dR  = 0.00025
 C2: xCG    =   52.66 ft
 C2: xNP    =   57.64 ft
 C2: S.M.   =   0.391
 C2: Wbuoy  =   560.9 lb
 C2: Lwing  =   85.52 %
 C2: Lfuse  =   18.50 %
 C2: Ltail  =   -4.02 %

 C2: BPR    =   5.0701    
 C2: FPR    =   1.6513    
 C2: OPR    =   34.975    
 C2: pilc   =   7.9200    
 C2: pihc   =   4.4161    
 C2: 1/piht =   2.6446    
 C2: 1/pilt =   9.0463    
 C2: pid    =  0.99500    
 C2: pib    =  0.94000    
 C2: pifn   =  0.98000    
 C2: pitn   =  0.99500    
 C2: N1     =  0.99865    
 C2: N2     =  0.99940    
 C2: Nlc_c% =   100.08    
 C2: Nhc_c% =   100.31    
 C2: Nht_c% =   99.908    
 C2: Nlt_c% =   99.830    
 C2: mlc_c% =   100.66    
 C2: mhc_c% =   100.54    
 C2: mht_c% =   100.00    
 C2: mlt_c% =   100.00    
 C2: mf_c%  =   100.07    
 C2: epf    =  0.89990    
 C2: eplc   =  0.89000    
 C2: ephc   =  0.88000    
 C2: epht   =  0.90000    
 C2: eplt   =  0.90000    
 C2: etab   =  0.98500    
 C2: fo     =  0.54311E-01
 C2: ffbar  =  0.16812E-01
 C2: ff     =  0.14420E-01
 C2: fc     =  0.88001E-01
 C2: epsrow =  0.85096E-01  0.43727E-02
 C2: Tmrow  =   1117.0       1103.4    

 C2: Fsp    =  0.48710    
 C2: Feng   =   16.491     kN
 C2: FengA  =   16.439     kN
 C2: mcore  =   18.907     kg/s
 C2: mcool  =   1.6639     kg/s
 C2: mfuel  =  0.27264     kg/s
 C2: mofft  =   1.0269     kg/s
 C2: Pofft  =   36.051     kW
 C2: PK     =   5157.4     kW
 C2: Phijet =   1281.0     kW
 C2: Phiinl =   0.0000     kW
 C2: Kinl   =   0.0000     kW
 C2: etap   =  0.75456    
 C2: TSFC   =  0.58388     1/hr
 C2: hfuel  =   43.046     MJ/kg

 C2:  loc     Tt      pt       cpt       R    cpt/(cpt-R)
              K       kPa     J/kg K   J/kg K
       0     244.4    27.84   1004.7    287.5   1.4009
       2     244.4    27.70   1004.7    287.5   1.4009
       21    286.6    45.74   1006.0    287.8   1.4001
       7     286.6    44.83   1006.0    287.5   1.4001

       0     244.4    27.84   1004.7    287.5   1.4009
       18    244.4    27.70   1004.7    287.8   1.4009
       19    244.4    27.70   1004.7    287.8   1.4009
       25    473.4   219.38   1026.6    287.8   1.3890
       3     750.0   968.79   1089.0    287.5   1.3587
       4    1343.4   910.66   1234.8    287.9   1.3040
       41   1294.4   870.32   1224.4    287.8   1.3073
       45   1050.1   329.09   1183.0    287.8   1.3215
       49    634.4    36.38   1084.5    287.8   1.3613
       5     634.4    36.20   1084.5    287.8   1.3613

 C2:  device     power    dh/dT     epol     eta
                  kW      J/kg K                
     fan 2 -21  -4070.1   1005.3   0.8999   0.8926
     LPC 19-25  -4382.3   1012.3   0.8900   0.8551
     HPC 25-3   -5227.0   1056.5   0.8800   0.8545
     HPT 41-45   5344.5   1204.9   0.9000   0.9102
     LPT 45-49   8574.2   1136.3   0.9000   0.9236

 C2:  loc   T       p       M       u        A     Fsp    eta_p
            K      kPa             m/s      m^2
      0    216.7   18.28  0.8000  235.99  1.6538  0.4871
      2    225.2   20.81  0.6520  196.36  1.8181

      25   441.7  171.49  0.6054  254.50  0.0520

      5    535.7   19.28  1.0000  460.05  0.3155
      6    528.0   18.28  1.0453  477.54  0.3161  0.1243  0.6615

      7    238.8   23.67  1.0000  310.11  0.8964
      8    221.8   18.28  1.2083  361.10  0.9259  0.3543  0.7905

      9                           282.29  0.0121  0.0086  0.9107

 - - - - - - - - - - - - - - - - - - - - - - - - - - - - -
 D1:  Descent1...         

 D1: alt.   =  40812. ft
 D1: dyn.pr.=  176.70 psf
 D1: VTAS   =  786.97 ft/s
 D1: W/WMTO = 0.79924
 D1: Mach   =  0.8132
 D1: L/D    =  16.287
 D1: gamV   =-2.50000 deg
 D1: e      =  0.8971
 D1: CL     =  0.5422
 D1: CD     = 0.03329
 D1: CDi    = 0.00959
 D1: CDfuse = 0.00778
 D1: CDwing = 0.00922
 D1: CDover = 0.00000
 D1: CDhtail= 0.00163
 D1: CDvtail= 0.00215
 D1: CDnace = 0.00291
 D1: CDstrut= 0.00000
 D1: Mperp  =  0.7209
 D1: clpo   =  0.6300
 D1: clps   =  0.8012
 D1: clpt   =  0.5980
 D1: fduo   =  0.0220
 D1: fdus   =  0.0190
 D1: fdut   =  0.0070
 D1: cdpw   = 0.00381
 D1: cdfw   = 0.00541
 D1: cdw    = 0.00922
 D1: Clh    = -0.1358
 D1: ClhSh/S= -0.0221
 D1: CMwing = -2.4922
 D1: CMfuse =  0.0643
 D1: CMtail =  0.1842
 D1: cmpo   = -0.0600
 D1: cmps   = -0.1100
 D1: cmpt   = -0.1100
 D1: dh/dR  =-0.04366
 D1: xCG    =   52.66 ft
 D1: xNP    =   57.64 ft
 D1: S.M.   =   0.391
 D1: Wbuoy  =   560.9 lb
 D1: Lwing  =   85.57 %
 D1: Lfuse  =   18.51 %
 D1: Ltail  =   -4.08 %

 D1: BPR    =   6.1113    
 D1: FPR    =   1.2740    
 D1: OPR    =   19.588    
 D1: pilc   =   5.4378    
 D1: pihc   =   3.6021    
 D1: 1/piht =   2.6643    
 D1: 1/pilt =   7.7626    
 D1: pid    =  0.99500    
 D1: pib    =  0.94000    
 D1: pifn   =  0.98000    
 D1: pitn   =  0.99500    
 D1: N1     =  0.74854    
 D1: N2     =  0.88373    
 D1: Nlc_c% =   74.872    
 D1: Nhc_c% =   93.953    
 D1: Nht_c% =   102.01    
 D1: Nlt_c% =   87.039    
 D1: mlc_c% =   67.216    
 D1: mhc_c% =   89.597    
 D1: mht_c% =   100.00    
 D1: mlt_c% =   100.00    
 D1: mf_c%  =   80.545    
 D1: epf    =  0.92895    
 D1: eplc   =  0.89000    
 D1: ephc   =  0.88000    
 D1: epht   =  0.89994    
 D1: eplt   =  0.89473    
 D1: etab   =  0.98500    
 D1: fo     =  0.80420E-01
 D1: ffbar  =  0.98401E-02
 D1: ff     =  0.81828E-02
 D1: fc     =  0.88001E-01
 D1: epsrow =  0.85096E-01  0.43727E-02
 D1: Tmrow  =   895.68       826.28    

 D1: Fsp    =  0.18808    
 D1: Feng   =   5.0376     kN
 D1: FengA  =   5.0376     kN
 D1: mcore  =   12.769     kg/s
 D1: mcool  =   1.1237     kg/s
 D1: mfuel  =  0.10448     kg/s
 D1: mofft  =   1.0269     kg/s
 D1: Pofft  =   36.051     kW
 D1: PK     =   1348.7     kW
 D1: Phijet =   146.35     kW
 D1: Phiinl =   0.0000     kW
 D1: Kinl   =   0.0000     kW
 D1: etap   =  0.89595    
 D1: TSFC   =  0.73248     1/hr
 D1: hfuel  =   43.590     MJ/kg

 D1:  loc     Tt      pt       cpt       R    cpt/(cpt-R)
              K       kPa     J/kg K   J/kg K
       0     245.3    28.21   1004.7    287.5   1.4008
       2     245.3    28.07   1004.7    287.5   1.4008
       21    264.3    35.75   1005.2    287.7   1.4005
       7     264.3    35.04   1005.2    287.5   1.4005

       0     245.3    28.21   1004.7    287.5   1.4008
       18    245.3    28.07   1004.7    287.7   1.4008
       19    245.3    28.07   1004.7    287.7   1.4008
       25    421.9   152.61   1018.0    287.7   1.3935
       3     631.8   549.73   1060.5    287.5   1.3719
       4    1002.3   516.75   1162.8    287.7   1.3288
       41    970.9   491.89   1155.0    287.7   1.3317
       45    776.1   184.63   1110.3    287.7   1.3497
       49    474.1    23.78   1038.4    287.7   1.3832
       5     474.1    23.67   1038.4    287.7   1.3832

 D1:  device     power    dh/dT     epol     eta
                  kW      J/kg K                
     fan 2 -21  -1489.3   1004.9   0.9290   0.9265
     LPC 19-25  -2275.7   1009.5   0.8900   0.8617
     HPC 25-3   -2558.8   1037.8   0.8800   0.8577
     HPT 41-45   2616.4   1133.5   0.8999   0.9109
     LPT 45-49   3839.5   1073.2   0.8947   0.9190

 D1:  loc   T       p       M       u        A     Fsp    eta_p
            K      kPa             m/s      m^2
      0    216.7   18.28  0.8132  239.87  1.2872  0.1881
      2    235.8   24.42  0.4497  138.58  1.8181

      25   401.5  128.17  0.5065  203.28  0.0520

      5    441.3   18.28  0.6216  260.76  0.3155
      6    441.3   18.28  0.6216  260.76  0.3155  0.0010  0.9583

      7    220.2   18.50  1.0000  297.79  0.8964
      8    219.4   18.28  1.0104  300.38  0.8965  0.1763  0.8880

      9                           282.29  0.0122  0.0108  0.9188

 - - - - - - - - - - - - - - - - - - - - - - - - - - - - -
 D2:  Descent2...         

 D2: alt.   =  31305. ft
 D2: dyn.pr.=  240.53 psf
 D2: VTAS   =  754.08 ft/s
 D2: W/WMTO = 0.79832
 D2: Mach   =  0.7626
 D2: L/D    =  14.849
 D2: gamV   =-2.62500 deg
 D2: e      =  0.8926
 D2: CL     =  0.3978
 D2: CD     = 0.02679
 D2: CDi    = 0.00519
 D2: CDfuse = 0.00778
 D2: CDwing = 0.00747
 D2: CDover = 0.00000
 D2: CDhtail= 0.00156
 D2: CDvtail= 0.00205
 D2: CDnace = 0.00275
 D2: CDstrut= 0.00000
 D2: Mperp  =  0.6760
 D2: clpo   =  0.4647
 D2: clps   =  0.5909
 D2: clpt   =  0.4410
 D2: fduo   =  0.0220
 D2: fdus   =  0.0190
 D2: fdut   =  0.0070
 D2: cdpw   = 0.00208
 D2: cdfw   = 0.00539
 D2: cdw    = 0.00747
 D2: Clh    = -0.1126
 D2: ClhSh/S= -0.0183
 D2: CMwing = -1.8489
 D2: CMfuse =  0.0499
 D2: CMtail =  0.1526
 D2: cmpo   = -0.0600
 D2: cmps   = -0.1100
 D2: cmpt   = -0.1100
 D2: dh/dR  =-0.04585
 D2: xCG    =   52.66 ft
 D2: xNP    =   57.64 ft
 D2: S.M.   =   0.391
 D2: Wbuoy  =   431.6 lb
 D2: Lwing  =   86.00 %
 D2: Lfuse  =   18.61 %
 D2: Ltail  =   -4.61 %

 D2: BPR    =   6.4447    
 D2: FPR    =   1.2354    
 D2: OPR    =   18.023    
 D2: pilc   =   5.1615    
 D2: pihc   =   3.4917    
 D2: 1/piht =   2.6656    
 D2: 1/pilt =   7.1527    
 D2: pid    =  0.99500    
 D2: pib    =  0.94000    
 D2: pifn   =  0.98000    
 D2: pitn   =  0.99500    
 D2: N1     =  0.72762    
 D2: N2     =  0.88063    
 D2: Nlc_c% =   71.737    
 D2: Nhc_c% =   93.066    
 D2: Nht_c% =   102.54    
 D2: Nlt_c% =   85.394    
 D2: mlc_c% =   61.922    
 D2: mhc_c% =   88.129    
 D2: mht_c% =   100.00    
 D2: mlt_c% =   100.00    
 D2: mf_c%  =   78.249    
 D2: epf    =  0.93192    
 D2: eplc   =  0.89000    
 D2: ephc   =  0.88000    
 D2: epht   =  0.89991    
 D2: eplt   =  0.89050    
 D2: etab   =  0.98500    
 D2: fo     =  0.60123E-01
 D2: ffbar  =  0.92688E-02
 D2: ff     =  0.78959E-02
 D2: fc     =  0.88001E-01
 D2: epsrow =  0.85096E-01  0.43727E-02
 D2: Tmrow  =   887.78       812.46    

 D2: Fsp    =  0.15917    
 D2: Feng   =   6.0998     kN
 D2: FengA  =   6.0998     kN
 D2: mcore  =   17.079     kg/s
 D2: mcool  =   1.5030     kg/s
 D2: mfuel  =  0.13486     kg/s
 D2: mofft  =   1.0269     kg/s
 D2: Pofft  =   36.051     kW
 D2: PK     =   1574.5     kW
 D2: Phijet =   179.61     kW
 D2: Phiinl =   0.0000     kW
 D2: Kinl   =   0.0000     kW
 D2: etap   =  0.89045    
 D2: TSFC   =  0.78078     1/hr
 D2: hfuel  =   43.614     MJ/kg

 D2:  loc     Tt      pt       cpt       R    cpt/(cpt-R)
              K       kPa     J/kg K   J/kg K
       0     252.5    41.55   1004.9    287.5   1.4007
       2     252.5    41.34   1004.9    287.5   1.4007
       21    269.4    51.08   1005.4    287.7   1.4004
       7     269.4    50.05   1005.4    287.5   1.4004

       0     252.5    41.55   1004.9    287.5   1.4007
       18    252.5    41.34   1004.9    287.7   1.4007
       19    252.5    41.34   1004.9    287.7   1.4007
       25    426.9   213.39   1018.8    287.7   1.3931
       3     633.0   745.09   1060.7    287.5   1.3718
       4     983.8   700.38   1158.1    287.7   1.3305
       41    954.1   666.28   1150.6    287.7   1.3334
       45    761.9   249.96   1106.0    287.7   1.3515
       49    475.3    34.95   1038.0    287.7   1.3834
       5     475.3    34.77   1038.0    287.7   1.3834

 D2:  device     power    dh/dT     epol     eta
                  kW      J/kg K                
     fan 2 -21  -1873.0   1005.2   0.9319   0.9298
     LPC 19-25  -3008.8   1009.9   0.8900   0.8626
     HPC 25-3   -3435.6   1038.5   0.8800   0.8583
     HPT 41-45   3512.9   1129.0   0.8999   0.9109
     LPT 45-49   4967.6   1070.9   0.8905   0.9148

 D2:  loc   T       p       M       u        A     Fsp    eta_p
            K      kPa             m/s      m^2
      0    226.2   28.29  0.7626  229.84  1.2688  0.1592
      2    243.5   36.42  0.4293  134.42  1.8181

      25   407.3  180.59  0.4950  200.04  0.0520

      5    448.8   28.29  0.5535  234.14  0.3155
      6    448.8   28.29  0.5535  234.14  0.3155 -0.0035  0.9907

      7    228.8   28.29  0.9406  285.56  0.8964
      8    228.8   28.29  0.9406  285.56  0.8964  0.1600  0.8919

      9                           100.18  0.0259  0.0027  1.3929

 - - - - - - - - - - - - - - - - - - - - - - - - - - - - -
 D3:  Descent3...         

 D3: alt.   =  21334. ft
 D3: dyn.pr.=  306.26 psf
 D3: VTAS   =  713.22 ft/s
 D3: W/WMTO = 0.79702
 D3: Mach   =  0.6917
 D3: L/D    =  12.970
 D3: gamV   =-2.75000 deg
 D3: e      =  0.8876
 D3: CL     =  0.3112
 D3: CD     = 0.02400
 D3: CDi    = 0.00320
 D3: CDfuse = 0.00778
 D3: CDwing = 0.00699
 D3: CDover = 0.00000
 D3: CDhtail= 0.00150
 D3: CDvtail= 0.00198
 D3: CDnace = 0.00255
 D3: CDstrut= 0.00000
 D3: Mperp  =  0.6132
 D3: clpo   =  0.3654
 D3: clps   =  0.4648
 D3: clpt   =  0.3469
 D3: fduo   =  0.0220
 D3: fdus   =  0.0190
 D3: fdut   =  0.0070
 D3: cdpw   = 0.00168
 D3: cdfw   = 0.00531
 D3: cdw    = 0.00699
 D3: Clh    = -0.0986
 D3: ClhSh/S= -0.0161
 D3: CMwing = -1.4630
 D3: CMfuse =  0.0412
 D3: CMtail =  0.1337
 D3: cmpo   = -0.0600
 D3: cmps   = -0.1100
 D3: cmpt   = -0.1100
 D3: dh/dR  =-0.04803
 D3: xCG    =   52.66 ft
 D3: xNP    =   57.64 ft
 D3: S.M.   =   0.391
 D3: Wbuoy  =   263.4 lb
 D3: Lwing  =   86.46 %
 D3: Lfuse  =   18.70 %
 D3: Ltail  =   -5.16 %

 D3: BPR    =   6.6535    
 D3: FPR    =   1.2123    
 D3: OPR    =   16.965    
 D3: pilc   =   4.9184    
 D3: pihc   =   3.4492    
 D3: 1/piht =   2.6633    
 D3: 1/pilt =   6.5602    
 D3: pid    =  0.99500    
 D3: pib    =  0.94000    
 D3: pifn   =  0.98000    
 D3: pitn   =  0.99500    
 D3: N1     =  0.72451    
 D3: N2     =  0.89913    
 D3: Nlc_c% =   69.147    
 D3: Nhc_c% =   92.735    
 D3: Nht_c% =   102.85    
 D3: Nlt_c% =   83.453    
 D3: mlc_c% =   58.224    
 D3: mhc_c% =   87.594    
 D3: mht_c% =   100.00    
 D3: mlt_c% =   100.00    
 D3: mf_c%  =   75.960    
 D3: epf    =  0.93370    
 D3: eplc   =  0.89000    
 D3: ephc   =  0.88000    
 D3: epht   =  0.89988    
 D3: eplt   =  0.88474    
 D3: etab   =  0.98500    
 D3: fo     =  0.45558E-01
 D3: ffbar  =  0.95370E-02
 D3: ff     =  0.82632E-02
 D3: fc     =  0.88001E-01
 D3: epsrow =  0.85096E-01  0.43727E-02
 D3: Tmrow  =   919.02       843.24    

 D3: Fsp    =  0.15154    
 D3: Feng   =   8.2157     kN
 D3: FengA  =   8.2157     kN
 D3: mcore  =   22.540     kg/s
 D3: mcool  =   1.9835     kg/s
 D3: mfuel  =  0.18625     kg/s
 D3: mofft  =   1.0269     kg/s
 D3: Pofft  =   36.051     kW
 D3: PK     =   2035.1     kW
 D3: Phijet =   257.88     kW
 D3: Phiinl =   0.0000     kW
 D3: Kinl   =   0.0000     kW
 D3: etap   =  0.87761    
 D3: TSFC   =  0.80062     1/hr
 D3: hfuel  =   43.546     MJ/kg

 D3:  loc     Tt      pt       cpt       R    cpt/(cpt-R)
              K       kPa     J/kg K   J/kg K
       0     269.4    60.24   1005.4    287.5   1.4004
       2     269.4    59.94   1005.4    287.5   1.4004
       21    285.8    72.67   1006.0    287.7   1.4001
       7     285.8    71.21   1006.0    287.5   1.4001

       0     269.4    60.24   1005.4    287.5   1.4004
       18    269.4    59.94   1005.4    287.7   1.4004
       19    269.4    59.94   1005.4    287.7   1.4004
       25    448.2   294.81   1022.3    287.7   1.3912
       3     660.8  1016.86   1067.4    287.5   1.3686
       4    1019.1   955.85   1165.6    287.7   1.3277
       41    988.7   909.22   1158.0    287.7   1.3305
       45    790.9   341.39   1113.5    287.7   1.3483
       49    506.8    52.04   1044.7    287.7   1.3800
       5     506.8    51.78   1044.7    287.7   1.3800

 D3:  device     power    dh/dT     epol     eta
                  kW      J/kg K                
     fan 2 -21  -2467.8   1005.8   0.9337   0.9319
     LPC 19-25  -4077.1   1011.6   0.8900   0.8635
     HPC 25-3   -4772.4   1043.6   0.8800   0.8587
     HPT 41-45   4879.7   1136.7   0.8999   0.9108
     LPT 45-49   6647.4   1078.5   0.8847   0.9089

 D3:  loc   T       p       M       u        A     Fsp    eta_p
            K      kPa             m/s      m^2
      0    245.9   43.78  0.6917  217.39  1.2787  0.1515
      2    260.6   53.35  0.4114  133.26  1.8181

      25   428.0  250.17  0.4912  203.37  0.0520

      5    483.9   43.78  0.4985  218.68  0.3155
      6    483.9   43.78  0.4985  218.68  0.3155 -0.0029  0.9970

      7    248.7   43.78  0.8633  273.21  0.8964
      8    248.7   43.78  0.8633  273.21  0.8964  0.1544  0.8862

      9                             0.00  0.0000  0.0000  2.0000

 - - - - - - - - - - - - - - - - - - - - - - - - - - - - -
 D4:  Descent4...         

 D4: alt.   =  10899. ft
 D4: dyn.pr.=  336.16 psf
 D4: VTAS   =  628.12 ft/s
 D4: W/WMTO = 0.79521
 D4: Mach   =  0.5851
 D4: L/D    =  12.050
 D4: gamV   =-2.87500 deg
 D4: e      =  0.8851
 D4: CL     =  0.2824
 D4: CD     = 0.02343
 D4: CDi    = 0.00264
 D4: CDfuse = 0.00778
 D4: CDwing = 0.00723
 D4: CDover = 0.00000
 D4: CDhtail= 0.00147
 D4: CDvtail= 0.00194
 D4: CDnace = 0.00238
 D4: CDstrut= 0.00000
 D4: Mperp  =  0.5187
 D4: clpo   =  0.3324
 D4: clps   =  0.4227
 D4: clpt   =  0.3155
 D4: fduo   =  0.0220
 D4: fdus   =  0.0190
 D4: fdut   =  0.0070
 D4: cdpw   = 0.00194
 D4: cdfw   = 0.00529
 D4: cdw    = 0.00723
 D4: Clh    = -0.0940
 D4: ClhSh/S= -0.0153
 D4: CMwing = -1.3343
 D4: CMfuse =  0.0383
 D4: CMtail =  0.1275
 D4: cmpo   = -0.0600
 D4: cmps   = -0.1100
 D4: cmpt   = -0.1100
 D4: dh/dR  =-0.05022
 D4: xCG    =   52.66 ft
 D4: xNP    =   57.64 ft
 D4: S.M.   =   0.391
 D4: Wbuoy  =    28.6 lb
 D4: Lwing  =   86.67 %
 D4: Lfuse  =   18.75 %
 D4: Ltail  =   -5.42 %

 D4: BPR    =   6.9472    
 D4: FPR    =   1.1660    
 D4: OPR    =   14.641    
 D4: pilc   =   4.2946    
 D4: pihc   =   3.4091    
 D4: 1/piht =   2.6633    
 D4: 1/pilt =   5.4769    
 D4: pid    =  0.99500    
 D4: pib    =  0.94000    
 D4: pifn   =  0.98000    
 D4: pitn   =  0.99500    
 D4: N1     =  0.67516    
 D4: N2     =  0.90131    
 D4: Nlc_c% =   62.673    
 D4: Nhc_c% =   92.414    
 D4: Nht_c% =   103.08    
 D4: Nlt_c% =   77.761    
 D4: mlc_c% =   51.240    
 D4: mhc_c% =   87.068    
 D4: mht_c% =   100.00    
 D4: mlt_c% =   100.00    
 D4: mf_c%  =   69.798    
 D4: epf    =  0.93727    
 D4: eplc   =  0.89000    
 D4: ephc   =  0.88000    
 D4: epht   =  0.89987    
 D4: eplt   =  0.86916    
 D4: etab   =  0.98500    
 D4: fo     =  0.37881E-01
 D4: ffbar  =  0.93939E-02
 D4: ff     =  0.82114E-02
 D4: fc     =  0.88001E-01
 D4: epsrow =  0.85096E-01  0.43727E-02
 D4: Tmrow  =   921.69       843.86    

 D4: Fsp    =  0.13083    
 D4: Feng   =   9.2225     kN
 D4: FengA  =   9.2225     kN
 D4: mcore  =   27.108     kg/s
 D4: mcool  =   2.3855     kg/s
 D4: mfuel  =  0.22259     kg/s
 D4: mofft  =   1.0269     kg/s
 D4: Pofft  =   36.051     kW
 D4: PK     =   2019.3     kW
 D4: Phijet =   261.79     kW
 D4: Phiinl =   0.0000     kW
 D4: Kinl   =   0.0000     kW
 D4: etap   =  0.87440    
 D4: TSFC   =  0.85238     1/hr
 D4: hfuel  =   43.543     MJ/kg

 D4:  loc     Tt      pt       cpt       R    cpt/(cpt-R)
              K       kPa     J/kg K   J/kg K
       0     284.8    84.64   1005.9    287.5   1.4001
       2     284.8    84.22   1005.9    287.5   1.4001
       21    298.5    98.20   1006.5    287.7   1.3998
       7     298.5    96.23   1006.5    287.5   1.3998

       0     284.8    84.64   1005.9    287.5   1.4001
       18    284.8    84.22   1005.9    287.7   1.4001
       19    284.8    84.22   1005.9    287.7   1.4001
       25    453.6   361.69   1023.2    287.7   1.3908
       3     665.9  1233.05   1068.7    287.5   1.3680
       4    1018.9  1159.07   1165.3    287.7   1.3278
       41    989.0  1102.29   1157.8    287.7   1.3306
       45    791.1   413.88   1113.3    287.7   1.3484
       49    533.5    75.57   1050.5    287.7   1.3771
       5     533.5    75.19   1050.5    287.7   1.3771

 D4:  device     power    dh/dT     epol     eta
                  kW      J/kg K                
     fan 2 -21  -2586.5   1006.4   0.9373   0.9359
     LPC 19-25  -4630.9   1012.5   0.8900   0.8659
     HPC 25-3   -5786.3   1044.7   0.8800   0.8589
     HPT 41-45   5916.5   1136.6   0.8999   0.9108
     LPT 45-49   7326.7   1081.5   0.8692   0.8937

 D4:  loc   T       p       M       u        A     Fsp    eta_p
            K      kPa             m/s      m^2
      0    266.6   67.17  0.5851  191.45  1.2812  0.1308
      2    277.3   76.67  0.3687  123.20  1.8181

      25   433.4  307.72  0.4873  202.97  0.0520

      5    517.3   67.17  0.4077  184.69  0.3155
      6    517.3   67.17  0.4077  184.69  0.3155 -0.0047  1.0180

      7    269.3   67.17  0.7355  242.18  0.8964
      8    269.3   67.17  0.7355  242.18  0.8964  0.1355  0.8830

      9                             0.00  0.0000  0.0000  2.0000

 - - - - - - - - - - - - - - - - - - - - - - - - - - - - -
 D5:  Descent5...         

 D5: alt.   =      0. ft
 D5: dyn.pr.=   77.05 psf
 D5: VTAS   =  254.57 ft/s
 D5: W/WMTO = 0.79283
 D5: Mach   =  0.2281
 D5: L/D    =  15.861
 D5: gamV   =-3.00000 deg
 D5: e      =  0.8079
 D5: CL     =  1.2279
 D5: CD     = 0.07741
 D5: CDi    = 0.05463
 D5: CDfuse = 0.00778
 D5: CDwing = 0.00907
 D5: CDover = 0.00000
 D5: CDhtail= 0.00161
 D5: CDvtail= 0.00213
 D5: CDnace = 0.00219
 D5: CDstrut= 0.00000
 D5: Mperp  =  0.2022
 D5: clpo   =  1.6176
 D5: clps   =  1.7898
 D5: clpt   =  0.8331
 D5: fduo   =  0.0220
 D5: fdus   =  0.0190
 D5: fdut   =  0.0070
 D5: cdpw   = 0.00350
 D5: cdfw   = 0.00850
 D5: cdw    = 0.01200
 D5: Clh    = -0.2286
 D5: ClhSh/S= -0.0372
 D5: CMwing = -5.5242
 D5: CMfuse =  0.1330
 D5: CMtail =  0.3100
 D5: cmpo   = -0.3500
 D5: cmps   = -0.3500
 D5: cmpt   = -0.0200
 D5: dh/dR  =-0.05241
 D5: xCG    =   52.65 ft
 D5: xNP    =   56.79 ft
 D5: S.M.   =   0.325
 D5: Wbuoy  =     0.0 lb
 D5: Lwing  =   82.05 %
 D5: Lfuse  =   20.99 %
 D5: Ltail  =   -3.03 %

 D5: BPR    =   6.0354    
 D5: FPR    =   1.0543    
 D5: OPR    =   7.2054    
 D5: pilc   =   2.1312    
 D5: pihc   =   3.3809    
 D5: 1/piht =   2.6767    
 D5: 1/pilt =   2.4112    
 D5: pid    =  0.99500    
 D5: pib    =  0.94000    
 D5: pifn   =  0.98000    
 D5: pitn   =  0.99500    
 D5: N1     =  0.38315    
 D5: N2     =  0.81249    
 D5: Nlc_c% =   35.188    
 D5: Nhc_c% =   92.135    
 D5: Nht_c% =   102.92    
 D5: Nlt_c% =   49.121    
 D5: mlc_c% =   28.771    
 D5: mhc_c% =   86.565    
 D5: mht_c% =   100.00    
 D5: mlt_c% =   100.00    
 D5: mf_c%  =   34.048    
 D5: epf    =  0.94587    
 D5: eplc   =  0.89000    
 D5: ephc   =  0.88000    
 D5: epht   =  0.89987    
 D5: eplt   =  0.80000    
 D5: etab   =  0.98500    
 D5: fo     =  0.54944E-01
 D5: ffbar  =  0.72190E-02
 D5: ff     =  0.61871E-02
 D5: fc     =  0.88001E-01
 D5: epsrow =  0.85096E-01  0.43727E-02
 D5: Tmrow  =   770.57       683.87    

 D5: Fsp    =  0.66732E-01
 D5: Feng   =   2.9841     kN
 D5: FengA  =   2.9841     kN
 D5: mcore  =   18.689     kg/s
 D5: mcool  =   1.6447     kg/s
 D5: mfuel  =  0.11563     kg/s
 D5: mofft  =   1.0269     kg/s
 D5: Pofft  =   36.051     kW
 D5: PK     =   272.62     kW
 D5: Phijet =   41.850     kW
 D5: Phiinl =   0.0000     kW
 D5: Kinl   =   0.0000     kW
 D5: etap   =  0.84904    
 D5: TSFC   =   1.3685     1/hr
 D5: hfuel  =   43.875     MJ/kg

 D5:  loc     Tt      pt       cpt       R    cpt/(cpt-R)
              K       kPa     J/kg K   J/kg K
       0     291.0   105.05   1006.2    287.5   1.4000
       2     291.0   104.52   1006.2    287.5   1.4000
       21    295.7   110.20   1006.4    287.6   1.3999
       7     295.7   107.99   1006.4    287.5   1.3999

       0     291.0   105.05   1006.2    287.5   1.4000
       18    291.0   104.52   1006.2    287.6   1.4000
       19    291.0   104.52   1006.2    287.6   1.4000
       25    370.8   222.76   1011.7    287.6   1.3970
       3     546.9   753.13   1041.4    287.5   1.3813
       4     830.4   707.94   1120.6    287.6   1.3453
       41    806.2   672.66   1113.6    287.6   1.3482
       45    638.4   251.30   1072.2    287.6   1.3666
       49    527.3   104.22   1046.3    287.6   1.3791
       5     527.3   103.70   1046.3    287.6   1.3791

 D5:  device     power    dh/dT     epol     eta
                  kW      J/kg K                
     fan 2 -21   -531.6   1006.4   0.9459   0.9455
     LPC 19-25  -1504.4   1008.6   0.8900   0.8778
     HPC 25-3   -3188.2   1024.8   0.8800   0.8586
     HPT 41-45   3260.0   1093.1   0.8999   0.9112
     LPT 45-49   2093.0   1059.1   0.8000   0.8188

 D5:  loc   T       p       M       u        A     Fsp    eta_p
            K      kPa             m/s      m^2
      0    288.0  101.32  0.2281   77.56  1.3822  0.0667
      2    289.3  102.38  0.1722   58.74  1.8181

      25   354.4  190.03  0.4823  182.03  0.0520

      5    523.9  101.32  0.1838   83.80  0.3155
      6    523.9  101.32  0.1838   83.80  0.3155  0.0009  0.9613

      7    290.3  101.32  0.3033  103.66  0.8964
      8    290.3  101.32  0.3033  103.66  0.8964  0.0658  0.8560

      9                             0.00  0.0000  0.0000  2.0000

 - - - - - - - - - - - - - - - - - - - - - - - - - - - - -
