
 =============================================================
 TASOPT v 2.16

 -----------------------------------------------------------
 Config:  D8.2                                                            

 Case:  Baseline technology                                             
     :  (aluminum airplane)                                             

 Airfoil database used:  ../../air/C.air 
 Airfoil database used:  ../../air/C.air 

 -----------------------------------------------------------
 Fleet PFEI =  4.4793 KJ/kg-km

 -----------------------------------------------------------
 Airframe parameters...

 Wempty  +  69083.6  lb
 Wpay    +  38715.5  lb
 Wfuel   +  26959.1  lb
 (max)      36074.1  lb
 WMTO    = 134758.2  lb

 Whpesys +   1347.6  lb
 Wlgnose +   1010.7  lb
 Wlgmain +   4042.7  lb
 Wtotadd =   6401.0  lb

 Wfix    +   3001.2  lb
 Wapu    +   1355.0  lb
 Wpadd   +  13550.4  lb
 Wshell  +   4497.0  lb
 Wcone   +    253.2  lb
 Whbend  +    359.7  lb
 Wvbend  +      5.5  lb
 Wwindow +    625.9  lb
 Winsul  +   1024.4  lb
 Wfloor  +   1943.5  lb
 Wseat   +   3871.5  lb
 Wfuse   =  30487.4  lb

 Wcap    +  12302.4  lb
 Wweb    +    514.2  lb
 Wflap   +   2563.3  lb
 Wslat   +      0.0  lb
 Waile   +    512.7  lb
 Wlete   +   1281.7  lb
 Wribs   +   1922.5  lb
 Wspoi   +    256.3  lb
 Wwatt   +    384.5  lb
 Wwing   =  19737.5  lb

 Wstrut  =      0.0  lb
 Whtail  =   1578.5  lb
 Wvtail  =    376.4  lb

 Webare  +   8168.2  lb
 Weadd   +    816.8  lb
 Wnace   +   1017.6  lb
 Wpylon  +    500.1  lb
 Weng    =  10502.8  lb

 ifwcen  =   1

 neng    =       2
 dfan    =   58.933  in
 lnace   =    4.420  ft
 Snace/S =   0.1825

 w/c     =   0.500
 ho/c    =  0.1473
 hs/c    =  0.1238
 tcapo/c = 0.00597
 tcaps/c = 0.00557
 twebo/c = 0.00113
 twebs/c = 0.00125
 tcapo   = 0.94241  in  
 tcaps   = 0.74755  in  
 tcapt   = 0.13192  in  
 twebo   = 0.17860  in  
 twebs   = 0.16800  in  
 twebt   = 0.02965  in  
 So_max  = 124738.8  lb  
 Ss_max  =  83778.3  lb  
 Mo_max  = 3262387. ft-lb
 Ms_max  = 1554854. ft-lb

 Nlift   =   3.000
 Nland   =   6.000
 Vne     =   279.8 kt

 xnose   =    0.00  ft 
 xend    =  106.00  ft 
 xLEw    =   52.39  ft 
 xLEh    =  107.23  ft 
 xLEv    =   99.76  ft 

 xwing   =   62.34  ft 
 xhtail  =  110.86  ft 
 xvtail  =  105.22  ft 

 xblend1 =   29.00  ft 
 xblend2 =   75.00  ft 

 xshell1 =   21.00  ft 
 xshell2 =   84.00  ft 
 xhbend  =   77.02  ft 
 xvbend  =   55.52  ft 
 xwbox   =   57.80  ft 
 xhbox   =  110.00  ft 
 xvbox   =  103.00  ft 

 xfix    =    8.00  ft 
 xLGnose =   26.00  ft 
 xLGmain =   64.37  ft 
 xapu    =   35.00  ft 
 xhpesys =   30.00  ft 

 xeng    =  102.00  ft 
 yeng    =    3.40  ft 

 rpayfwd =    0.56
 rpayaft =    0.33
 xCGfwd  =   56.02  ft 
 xCGaft  =   63.37  ft 
 xNP     =   63.94  ft 
 mac     =  10.404  ft 
 S.M.fwd =   0.761
 S.M.aft =   0.055

 deps/da =   0.510
 dCLn/da =   0.000

 dCLh/dCL=   0.467
 dCLn/dCL=   0.000

 deltap  =   8.378  psi
 tskin   =   0.038  in  
 tfweb   =   0.041  in  
 tcone   =   0.006  in  
 tfloor  =   0.007  in  
 hfloor  =    5.12  in  
 Rfuse   =  67.520  in  
 dRfuse  =  16.929  in  
 wfb     =  36.614  in  
 cabVol  = 14589.6  ft^3

 AR      = 15.7490
 sweep   =  13.237
 lambdas =  0.8500
 lambdat =  0.1500
 co      =  13.524  ft  
 cs      =  11.495  ft  
 ct      =   2.029  ft  
 bo      =  16.339  ft  
 bs      =  49.015  ft  
 b       = 140.042  ft  
 S       = 1245.27  ft^2

 cstrut  =   0.000  ft  

 ARh     = 12.0000
 lambdah =  0.3000
 coh     =    6.93  ft  
 bh      =   54.08  ft  
 Sh      =  243.76  ft^2
 Sh/S    =   0.196
 Vh      =   0.913
 CLhCGfwd=  -0.850

 ARv     =  2.2000
 lambdav =  0.3000
 cov     =    8.10  ft  
 bv      =   11.59  ft  
 Sv      =  122.03  ft^2
 Sv/S    =   0.098
 Vv      =   0.030
 CLveout =   0.326

 xwing   =   62.34  ft 


 -----------------------------------------------------------
 Fuselage BL+Wake development...

      s       x       r       b    uinv/V    ue/V     Me      Hk    Rtheta      Cf/2      CD     delta*   theta   D/rV    P/rV2   K/rV3   Q/rV   Phi/rV3   b CD    b Cf/2
     [ft]    [ft]    [ft]    [ft]                                                         [ft]    [ft]   [ft^2]  [ft^2]  [ft^2]  [ft^2]  [ft^2]    [ft]     [ft] 
     0.00    0.00    0.00    0.00  0.0000  0.0000  0.0000  0.000   0.00      0.000000  0.000000  0.0000  0.0000  0.0000  0.0000  0.0000  0.0000  0.0000  0.000000  0.000000
     0.69    0.29    0.63    3.96  0.4271  0.4236  0.2928  1.414   344.      0.003083  0.002505  0.0004  0.0005  0.0008  0.0004  0.0002  0.0000  0.0003  0.000924  0.002684
     1.89    1.16    1.45    9.10  0.6843  0.6816  0.4777  1.372  0.160E+04  0.001968  0.001763  0.0017  0.0014  0.0118  0.0070  0.0042  0.0007  0.0043  0.005815  0.009523
     3.57    2.59    2.33   14.69  0.8313  0.8284  0.5870  1.296  0.327E+04  0.001821  0.001528  0.0032  0.0025  0.0420  0.0274  0.0205  0.0033  0.0209  0.013825  0.019880
     5.76    4.58    3.25   20.44  0.9185  0.9168  0.6547  1.316  0.574E+04  0.001513  0.001367  0.0057  0.0041  0.1107  0.0730  0.0602  0.0103  0.0605  0.022446  0.027088
     8.44    7.10    4.15   26.16  0.9745  0.9728  0.6985  1.282  0.872E+04  0.001446  0.001266  0.0084  0.0059  0.2172  0.1488  0.1313  0.0223  0.1319  0.030913  0.036289
    11.58   10.12    5.02   31.65  1.0139  1.0129  0.7303  1.283  0.123E+05  0.001328  0.001192  0.0119  0.0081  0.3789  0.2618  0.2404  0.0418  0.2416  0.038934  0.042816
    15.17   13.61    5.83   36.73  1.0434  1.0425  0.7540  1.271  0.163E+05  0.001268  0.001135  0.0157  0.0106  0.5892  0.4132  0.3917  0.0684  0.3940  0.046176  0.049487
    19.15   17.54    6.54   41.21  1.0681  1.0674  0.7741  1.266  0.209E+05  0.001212  0.001089  0.0201  0.0133  0.8520  0.6037  0.5870  0.1034  0.5908  0.052632  0.054858
    23.50   21.85    7.11   44.85  1.0887  1.0882  0.7911  1.260  0.260E+05  0.001166  0.001050  0.0250  0.0164  1.1616  0.8308  0.8250  0.1463  0.8310  0.057855  0.059020
    28.17   26.50    7.50   47.31  1.1134  1.1104  0.8093  1.253  0.317E+05  0.001131  0.001017  0.0303  0.0198  1.4975  1.0843  1.1010  0.1964  1.1104  0.061942  0.062033
    33.11   31.44    7.58   47.90  1.0474  1.0504  0.7604  1.289  0.445E+05  0.000994  0.000991  0.0442  0.0287  2.1654  1.4761  1.4024  0.2504  1.3959  0.053582  0.051142
    38.29   36.62    7.58   47.96  1.0288  1.0299  0.7439  1.268  0.546E+05  0.000993  0.000953  0.0538  0.0357  2.6154  1.7867  1.6745  0.2894  1.6622  0.049139  0.049747
    43.65   41.98    7.58   48.01  1.0218  1.0223  0.7378  1.256  0.636E+05  0.000986  0.000929  0.0623  0.0418  3.0226  2.0724  1.9348  0.3291  1.9201  0.047086  0.048900
    49.13   47.46    7.58   48.06  1.0191  1.0195  0.7355  1.249  0.721E+05  0.000976  0.000911  0.0704  0.0475  3.4122  2.3477  2.1906  0.3692  2.1749  0.045906  0.048245
    54.67   53.00    7.58   48.11  1.0189  1.0193  0.7354  1.243  0.802E+05  0.000966  0.000896  0.0780  0.0528  3.7856  2.6144  2.4430  0.4094  2.4273  0.045192  0.047781
    60.21   58.54    7.58   48.16  1.0211  1.0215  0.7372  1.238  0.879E+05  0.000958  0.000884  0.0850  0.0578  4.1346  2.8697  2.6915  0.4493  2.6768  0.044858  0.047582
    65.69   64.02    7.58   48.19  1.0266  1.0274  0.7418  1.233  0.946E+05  0.000954  0.000874  0.0910  0.0619  4.4407  3.1060  2.9349  0.4888  2.9231  0.044999  0.047818
    71.05   69.38    7.58   48.22  1.0387  1.0407  0.7525  1.224  0.996E+05  0.000959  0.000866  0.0948  0.0647  4.6572  3.3049  3.1718  0.5275  3.1672  0.046051  0.048985
    76.23   74.56    7.58   48.20  1.0801  1.0785  0.7832  1.203  0.996E+05  0.000993  0.000868  0.0925  0.0632  4.6084  3.3949  3.3994  0.5654  3.4167  0.050299  0.053333
    81.17   79.50    7.42   47.83  1.1246  1.1170  0.8148  1.191  0.100E+06  0.001010  0.000871  0.0916  0.0624  4.5878  3.4891  3.6334  0.6107  3.6749  0.054405  0.056488
    85.85   84.15    6.92   46.76  1.1130  1.1069  0.8064  1.211  0.112E+06  0.000954  0.000848  0.1034  0.0702  5.0467  3.7912  3.8865  0.6631  3.9197  0.050669  0.051540
    90.23   88.46    6.15   45.13  1.0840  1.0756  0.7808  1.239  0.131E+06  0.000884  0.000834  0.1223  0.0833  5.6977  4.1720  4.1194  0.7099  4.1282  0.044954  0.044307
    94.27   92.39    5.20   43.12  1.0481  1.0312  0.7450  1.273  0.157E+06  0.000808  0.000843  0.1494  0.1023  6.5359  4.6143  4.3235  0.7516  4.2968  0.039189  0.036440
    97.92   95.88    4.14   40.98  1.0103  0.9732  0.6988  1.321  0.193E+06  0.000715  0.000898  0.1917  0.1313  7.7516  5.1646  4.5029  0.7957  4.4289  0.034373  0.028144
   101.12   98.90    3.07   39.00  0.9639  0.9008  0.6423  1.402  0.247E+06  0.000592  0.001080  0.2650  0.1779  9.7708  5.9096  4.6662  0.8593  4.5330  0.032308  0.019673
   103.83  101.42    2.08   37.43  0.8956  0.8309  0.5889  1.518  0.317E+06  0.000459  0.001471  0.3779  0.2428 12.7202  6.7907  4.8118  0.9514  4.6201  0.034196  0.012840
   106.00  103.41    1.22   36.26  0.7957  0.7822  0.5522  1.632  0.384E+06  0.000360  0.001949  0.5043  0.3089 15.7879  7.5650  4.9301  1.0476  4.6959  0.037327  0.008819
   107.58  104.84    0.56   35.35  0.6614  0.7566  0.5330  1.698  0.432E+06  0.000312  0.002256  0.5983  0.3570 17.8309  8.0508  5.0130  1.1096  4.7561  0.038483  0.007030
   108.54  105.71    0.14   34.62  0.4713  0.7526  0.5301  1.683  0.448E+06  0.000319  0.002187  0.6338  0.3717 18.4317  8.1345  5.0514  1.1044  4.7937  0.036020  0.006974
   108.85  106.00    0.04   34.35  0.2835  0.7601  0.5356  1.637  0.439E+06  0.000349  0.001973  0.6296  0.3616 18.3003  7.9885  5.0530  1.0695  4.8055  0.033128  0.007704

   109.14  106.29    0.02   34.29  0.5190  0.7625  0.5375  1.613  0.436E+06  0.000000  0.003439  0.6259  0.3582 18.1993  7.9416  5.0632  1.0524  4.8200  0.058140  0.000000
   110.01  107.16    0.02   34.16  0.6973  0.7640  0.5386  1.561  0.436E+06  0.000000  0.002941  0.6056  0.3570 17.5689  7.9140  5.1087  1.0194  4.8694  0.049800  0.000000
   111.44  108.59    0.02   33.79  0.8091  0.7774  0.5486  1.465  0.422E+06  0.000000  0.002066  0.5457  0.3407 15.8481  7.6911  5.1604  0.9539  4.9317  0.036269  0.000000
   113.43  110.58    0.02   33.21  0.8796  0.8099  0.5730  1.350  0.389E+06  0.000000  0.001156  0.4539  0.3036 13.3260  7.2188  5.1949  0.8750  4.9888  0.022251  0.000000
   115.95  113.10    0.02   32.64  0.9227  0.8594  0.6106  1.251  0.345E+06  0.000000  0.000549  0.3627  0.2569 10.8768  6.6218  5.2033  0.8110  5.0309  0.012161  0.000000
   118.97  116.12    0.02   32.24  0.9489  0.9100  0.6495  1.186  0.307E+06  0.000000  0.000265  0.2991  0.2192  9.1700  6.1165  5.1962  0.7736  5.0587  0.006730  0.000000
   122.46  119.61    0.02   32.02  0.9651  0.9462  0.6776  1.149  0.284E+06  0.000000  0.000151  0.2643  0.1970  8.2269  5.8027  5.1896  0.7554  5.0776  0.004220  0.000000
   126.38  123.54    0.02   31.91  0.9754  0.9669  0.6939  1.128  0.272E+06  0.000000  0.000103  0.2470  0.1858  7.7493  5.6367  5.1889  0.7462  5.0917  0.003028  0.000000
   130.69  127.85    0.02   31.85  0.9822  0.9783  0.7028  1.116  0.266E+06  0.000000  0.000079  0.2379  0.1800  7.4963  5.5500  5.1923  0.7406  5.1033  0.002376  0.000000
   135.35  132.50    0.02   31.82  0.9868  0.9849  0.7080  1.107  0.262E+06  0.000000  0.000064  0.2326  0.1769  7.3467  5.5014  5.1976  0.7365  5.1134  0.001959  0.000000
   140.29  137.44    0.02   31.80  0.9900  0.9889  0.7112  1.100  0.260E+06  0.000000  0.000054  0.2292  0.1749  7.2484  5.4717  5.2036  0.7333  5.1223  0.001664  0.000000
   145.47  142.62    0.02   31.78  0.9923  0.9916  0.7134  1.095  0.259E+06  0.000000  0.000046  0.2268  0.1737  7.1782  5.4522  5.2097  0.7306  5.1304  0.001440  0.000000
   150.83  147.98    0.02   31.77  0.9939  0.9935  0.7148  1.090  0.258E+06  0.000000  0.000040  0.2250  0.1729  7.1255  5.4389  5.2156  0.7282  5.1376  0.001264  0.000000
   156.31  153.46    0.02   31.76  0.9951  0.9948  0.7159  1.086  0.257E+06  0.000000  0.000036  0.2236  0.1723  7.0843  5.4296  5.2212  0.7261  5.1441  0.001122  0.000000
   161.85  159.00    0.02   31.76  0.9960  0.9957  0.7166  1.083  0.257E+06  0.000000  0.000032  0.2225  0.1719  7.0516  5.4229  5.2264  0.7243  5.1500  0.001007  0.000000
   167.39  164.54    0.02   31.75  0.9966  0.9963  0.7171  1.080  0.257E+06  0.000000  0.000029  0.2217  0.1716  7.0270  5.4190  5.2313  0.7226  5.1553  0.000913  0.000000

 =============================================================
 Fleet mission   1

 wOpt = 1.00000

 -----------------------------------------------------------
 Cruise performance...

 Range =   3000. nmi
 M_CR  =  0.7200
 h_CR1 =  38.478 kft
 h_CR2 =  41.681 kft
 Wf/W  =  0.16671
 L/D   =  21.477
 PFEI  =  4.4793 KJ/kg-km

 -----------------------------------------------------------
 Takeoff performance...

 F_TO = 43835.2 lb
 V_1  =  137.72 kt
 V_2  =  150.23 kt
 CL2  =  1.4148
 l_1  =  3446.9 ft
 l_BF =  5579.6 ft
 l_TO =  4201.1 ft
 tan(gam)_BF =   6.42 %
 tan(gam)_TO =  21.35 %
 tan(gam)_CB =   5.24 %

  - - - - - - - - - - - - - - - - - - - - - - - - - - - - -
 Noise...

    x [m]   z [m]     dB
   5219.5     0.0   84.460  sideline
   1058.5   888.2   65.583  cutback
     -0.0   943.7   63.895  flyover

 -----------------------------------------------------------
 Mission profile summary...

           R        h        t       VTAS     Mach    CL     L/D'    W/WMTO   W/WTO     Tt4     M2     mdotf    TSFC'     gamma
         [nmi]     [ft]     [hr]     [kt]                                               [K]            [kg/s]  [1/hr]     [deg]
 ST:     -0.69      0.0  -0.0088     0.00  0.00000  0.0000   0.000  1.00087  1.00087  1750.0  0.5889   1.6752  0.30340    0.000
 TO:      0.00      0.0   0.0000   150.23  0.22724  1.4148  20.557  1.00000  1.00000  1750.0  0.5885   1.7043  0.38440   12.339
 CB:      0.00      0.0   0.0000   150.23  0.22724  1.4148  20.557  1.00000  1.00000  1319.0  0.3583   0.6487  0.37872    3.000
 B1:      0.00      0.0   0.0000   148.87  0.22518  1.4148  20.551  1.00000  1.00000  1690.0  0.5533   1.5198  0.37793   10.903
 B2:     11.51   9619.5   0.0629   247.29  0.38695  0.6899  22.955  0.99472  0.99472  1690.0  0.6086   1.2665  0.43197    7.503
 B3:     27.36  19239.0   0.1226   290.09  0.47088  0.6899  22.748  0.99067  0.99067  1690.0  0.6665   1.0154  0.45422    5.102
 B4:     52.84  28858.5   0.2039   343.16  0.57955  0.6899  22.413  0.98629  0.98629  1690.0  0.7286   0.7989  0.48220    3.101
 B5:    103.28  38478.0   0.3386   413.10  0.72014  0.6899  21.590  0.98066  0.98066  1690.0  0.7685   0.6033  0.51419    1.367
 C1:    103.28  38478.0   0.3386   413.02  0.72000  0.6899  21.477  0.98066  0.98066  1450.0  0.6000   0.3905  0.49971    0.011
 C2:   2825.41  41681.3   6.9307   412.85  0.72000  0.6899  21.244  0.83914  0.83914  1458.4  0.6016   0.3393  0.50145    0.011
 D1:   2825.41  41681.3   6.9307   420.13  0.73270  0.6623  20.510  0.83914  0.83914  1052.1  0.4112   0.1197  0.60484   -2.000
 D2:   2869.08  32129.3   7.0373   400.41  0.68587  0.4860  18.798  0.83830  0.83830  1011.5  0.3830   0.1488  0.64714   -2.125
 D3:   2912.76  21998.5   7.1498   377.41  0.61944  0.3802  16.509  0.83713  0.83713  1043.2  0.3590   0.2037  0.67217   -2.250
 D4:   2956.43  11288.7   7.2738   330.66  0.52060  0.3449  15.072  0.83546  0.83546  1048.0  0.3155   0.2492  0.70669   -2.375
 D5:   3000.10      0.0   7.4993   137.09  0.20737  1.4148  20.060  0.83329  0.83329   845.9  0.1371   0.1281  1.46448   -2.500

 -----------------------------------------------------------
 Aero, Engine parameters...

 - - - - - - - - - - - - - - - - - - - - - - - - - - - - -
 RO:  Rotation...

 RO: alt.   =      0. ft
 RO: dyn.pr.=   53.12 psf
 RO: VTAS   =  211.36 ft/s
 RO: W/WMTO = 1.00000
 RO: Mach   =  0.1894
 RO: L/D    =   0.000
 RO: gamV   = 0.00000 deg
 RO: e      =  1.0000
 RO: CL     =  0.0000
 RO: CD     = 0.02228
 RO: CDi    = 0.00000
 RO: CDfuse = 0.00866
 RO: CDwing = 0.01063
 RO: CDover = 0.00000
 RO: CDhtail= 0.00230
 RO: CDvtail= 0.00090
 RO: CDnace = 0.00012
 RO: CDstrut= 0.00000
 RO: Mperp  =  0.1843
 RO: clpo   =  0.0000
 RO: clps   =  0.0000
 RO: clpt   =  0.0000
 RO: fduo   =  0.0340
 RO: fdus   =  0.0170
 RO: fdut   =  0.0040
 RO: cdpw   = 0.00350
 RO: cdfw   = 0.00850
 RO: cdw    = 0.01200
 RO: Clh    =  0.0000
 RO: ClhSh/S=  0.0000
 RO: CMwing = -0.1861
 RO: CMfuse =  0.0625
 RO: CMtail =  0.0000
 RO: cmpo   = -0.3000
 RO: cmps   = -0.3000
 RO: cmpt   = -0.0900
 RO: dh/dR  = 0.00000
 RO: xCG    =   58.82 ft
 RO: xNP    =   63.73 ft
 RO: S.M.   =   0.473
 RO: Wbuoy  =     0.0 lb
 RO: Lwing  =    0.00 %
 RO: Lfuse  =    0.00 %
 RO: Ltail  =    0.00 %

 RO: BPR    =   7.4334    
 RO: FPR    =   1.6188    
 RO: OPR    =   36.293    
 RO: pilc   =   8.2808    
 RO: pihc   =   4.3827    
 RO: 1/piht =   2.3583    
 RO: 1/pilt =   9.0525    
 RO: pid    =  0.99500    
 RO: pib    =  0.94000    
 RO: pifn   =  0.98500    
 RO: pitn   =  0.99500    
 RO: N1     =   1.1027    
 RO: N2     =   1.1050    
 RO: Nlc_c% =   100.16    
 RO: Nhc_c% =   100.10    
 RO: Nht_c% =   100.55    
 RO: Nlt_c% =   99.953    
 RO: mlc_c% =   97.593    
 RO: mhc_c% =   100.27    
 RO: mht_c% =   100.00    
 RO: mlt_c% =   100.00    
 RO: mf_c%  =   99.016    
 RO: epf    =  0.92085    
 RO: eplc   =  0.92000    
 RO: ephc   =  0.89000    
 RO: epht   =  0.90999    
 RO: eplt   =  0.91937    
 RO: etab   =  0.98500    
 RO: fo     =  0.25328E-01
 RO: ffbar  =  0.26802E-01
 RO: ff     =  0.21914E-01
 RO: fc     =  0.15704    
 RO: epsrow =  0.11780      0.41375E-01  0.19413E-02
 RO: Tmrow  =   1280.0       1280.0       1280.0    

 RO: Fsp    =  0.72442    
 RO: Feng   =   80.821     kN
 RO: FengA  =   80.367     kN
 RO: mcore  =   38.680     kg/s
 RO: mcool  =   6.0744     kg/s
 RO: mfuel  =  0.84764     kg/s
 RO: mofft  =  0.97969     kg/s
 RO: Pofft  =   33.276     kW
 RO: PK     =   15372.     kW
 RO: Phijet =   10170.     kW
 RO: Phiinl =   29.250     kW
 RO: Kinl   =   30.756     kW
 RO: etap   =  0.33861    
 RO: TSFC   =  0.37039     1/hr
 RO: hfuel  =   42.391     MJ/kg

 RO:  loc     Tt      pt       cpt       R    cpt/(cpt-R)
              K       kPa     J/kg K   J/kg K
       0     290.1   103.88   1006.1    287.5   1.4000
       2     290.1   103.22   1006.1    287.5   1.4000
       21    336.8   167.10   1008.8    288.0   1.3985
       7     336.8   164.59   1008.8    287.5   1.3985

       0     290.1   103.88   1006.1    287.5   1.4000
       18    290.1   103.36   1006.1    288.0   1.4000
       19    290.1   103.36   1006.1    288.0   1.4000
       25    554.9   855.91   1043.1    288.0   1.3804
       3     864.4  3751.24   1115.7    287.5   1.3471
       4    1750.0  3526.17   1304.1    288.1   1.2835
       41   1621.4  3197.36   1281.1    288.0   1.2900
       45   1357.5  1355.81   1249.5    288.0   1.2995
       49    834.8   149.77   1148.2    288.0   1.3348
       5     834.8   149.02   1148.2    288.0   1.3348

 RO:  device     power    dh/dT     epol     eta
                  kW      J/kg K                
     fan 2 -21 -13528.2   1007.4   0.9208   0.9153
     LPC 19-25 -10451.2   1020.4   0.9200   0.8942
     HPC 25-3  -12596.4   1079.2   0.8900   0.8673
     HPT 41-45  12879.8   1266.0   0.9100   0.9178
     LPT 45-49  24255.3   1204.0   0.9194   0.9377

 RO:  loc   T       p       M       u        A     Fsp    eta_p
            K      kPa             m/s      m^2
      0    288.0  101.32  0.1894   64.40  4.1301  0.7244
      2    271.2   81.64  0.5887  194.54  1.6015

      25   518.5  669.80  0.6054  275.01  0.0305

      5    757.2  101.32  0.7770  420.46  0.1973
      6    757.2  101.32  0.7770  420.46  0.1973  0.1236  0.2657

      7    293.2  101.32  0.8622  296.20  0.8076
      8    293.2  101.32  0.8622  296.20  0.8076  0.6008  0.3572

      9                             0.00  0.0000  0.0000  2.0000

 - - - - - - - - - - - - - - - - - - - - - - - - - - - - -
 TO:  Takeoff...

 TO: alt.   =      0. ft
 TO: dyn.pr.=   76.49 psf
 TO: VTAS   =  253.64 ft/s
 TO: W/WMTO = 1.00000
 TO: Mach   =  0.2272
 TO: L/D    =  20.557
 TO: gamV   =12.33877 deg
 TO: e      =  0.8623
 TO: CL     =  1.4148
 TO: CD     = 0.06882
 TO: CDi    = 0.04692
 TO: CDfuse = 0.00866
 TO: CDwing = 0.01034
 TO: CDover = 0.00000
 TO: CDhtail= 0.00224
 TO: CDvtail= 0.00087
 TO: CDnace = 0.00012
 TO: CDstrut= 0.00000
 TO: Mperp  =  0.2212
 TO: clpo   =  1.4878
 TO: clps   =  1.5379
 TO: clpt   =  1.2624
 TO: fduo   =  0.0340
 TO: fdus   =  0.0170
 TO: fdut   =  0.0040
 TO: cdpw   = 0.00350
 TO: cdfw   = 0.00850
 TO: cdw    = 0.01200
 TO: Clh    = -0.1924
 TO: ClhSh/S= -0.0377
 TO: CMwing = -8.6806
 TO: CMfuse =  0.2835
 TO: CMtail =  0.3988
 TO: cmpo   = -0.3000
 TO: cmps   = -0.3000
 TO: cmpt   = -0.0900
 TO: dh/dR  = 0.21874
 TO: xCG    =   58.82 ft
 TO: xNP    =   63.73 ft
 TO: S.M.   =   0.473
 TO: Wbuoy  =     0.0 lb
 TO: Lwing  =   86.03 %
 TO: Lfuse  =   16.64 %
 TO: Ltail  =   -2.66 %

 TO: BPR    =   7.4475    
 TO: FPR    =   1.6155    
 TO: OPR    =   36.147    
 TO: pilc   =   8.2729    
 TO: pihc   =   4.3694    
 TO: 1/piht =   2.3583    
 TO: 1/pilt =   9.0746    
 TO: pid    =  0.99500    
 TO: pib    =  0.94000    
 TO: pifn   =  0.98500    
 TO: pitn   =  0.99500    
 TO: N1     =   1.1030    
 TO: N2     =   1.1054    
 TO: Nlc_c% =   100.03    
 TO: Nhc_c% =   100.00    
 TO: Nht_c% =   100.58    
 TO: Nlt_c% =   99.973    
 TO: mlc_c% =   97.329    
 TO: mhc_c% =   100.10    
 TO: mht_c% =   100.00    
 TO: mlt_c% =   100.00    
 TO: mf_c%  =   99.032    
 TO: epf    =  0.92110    
 TO: eplc   =  0.92000    
 TO: ephc   =  0.89000    
 TO: epht   =  0.90999    
 TO: eplt   =  0.91941    
 TO: etab   =  0.98500    
 TO: fo     =  0.25160E-01
 TO: ffbar  =  0.26760E-01
 TO: ff     =  0.21884E-01
 TO: fc     =  0.15704    
 TO: epsrow =  0.11780      0.41375E-01  0.19413E-02
 TO: Tmrow  =   1280.9       1280.5       1280.2    

 TO: Fsp    =  0.69399    
 TO: Feng   =   78.290     kN
 TO: FengA  =   77.636     kN
 TO: mcore  =   38.939     kg/s
 TO: mcool  =   6.1150     kg/s
 TO: mfuel  =  0.85215     kg/s
 TO: mofft  =  0.97969     kg/s
 TO: Pofft  =   33.276     kW
 TO: PK     =   15478.     kW
 TO: Phijet =   9433.0     kW
 TO: Phiinl =   50.544     kW
 TO: Kinl   =   53.147     kW
 TO: etap   =  0.39089    
 TO: TSFC   =  0.38440     1/hr
 TO: hfuel  =   42.391     MJ/kg

 TO:  loc     Tt      pt       cpt       R    cpt/(cpt-R)
              K       kPa     J/kg K   J/kg K
       0     291.0   105.02   1006.2    287.5   1.4000
       2     291.0   104.25   1006.2    287.5   1.4000
       21    337.6   168.42   1008.9    288.0   1.3985
       7     337.6   165.90   1008.9    287.5   1.3985

       0     291.0   105.02   1006.2    287.5   1.4000
       18    291.0   104.50   1006.2    288.0   1.4000
       19    291.0   104.50   1006.2    288.0   1.4000
       25    556.4   864.48   1043.5    288.0   1.3803
       3     865.9  3777.26   1116.0    287.5   1.3470
       4    1750.0  3550.62   1304.0    288.1   1.2836
       41   1621.6  3219.36   1281.0    288.0   1.2900
       45   1357.6  1365.13   1249.4    288.0   1.2995
       49    834.4   150.43   1148.1    288.0   1.3348
       5     834.4   149.68   1148.1    288.0   1.3348

 TO:  device     power    dh/dT     epol     eta
                  kW      J/kg K                
     fan 2 -21 -13620.1   1007.5   0.9211   0.9156
     LPC 19-25 -10547.0   1020.5   0.9200   0.8942
     HPC 25-3  -12683.8   1079.6   0.8900   0.8674
     HPT 41-45  12969.1   1266.0   0.9100   0.9178
     LPT 45-49  24444.8   1203.9   0.9194   0.9378

 TO:  loc   T       p       M       u        A     Fsp    eta_p
            K      kPa             m/s      m^2
      0    288.0  101.32  0.2272   77.28  3.4706  0.6940
      2    272.1   82.46  0.5885  194.79  1.6015

      25   520.1  677.45  0.6037  274.63  0.0305

      5    755.9  101.32  0.7816  422.63  0.1973
      6    755.9  101.32  0.7816  422.63  0.1973  0.1197  0.3092

      7    293.3  101.32  0.8697  298.81  0.8076
      8    293.3  101.32  0.8697  298.81  0.8076  0.5743  0.4110

      9                             0.00  0.0000  0.0000  2.0000

 - - - - - - - - - - - - - - - - - - - - - - - - - - - - -
 CB:  Cutback...

 CB: alt.   =      0. ft
 CB: dyn.pr.=   76.49 psf
 CB: VTAS   =  253.64 ft/s
 CB: W/WMTO = 1.00000
 CB: Mach   =  0.2272
 CB: L/D    =  20.557
 CB: gamV   = 3.00000 deg
 CB: e      =  0.8623
 CB: CL     =  1.4148
 CB: CD     = 0.06882
 CB: CDi    = 0.04692
 CB: CDfuse = 0.00866
 CB: CDwing = 0.01034
 CB: CDover = 0.00000
 CB: CDhtail= 0.00224
 CB: CDvtail= 0.00087
 CB: CDnace = 0.00012
 CB: CDstrut= 0.00000
 CB: Mperp  =  0.2212
 CB: clpo   =  1.4878
 CB: clps   =  1.5379
 CB: clpt   =  1.2624
 CB: fduo   =  0.0340
 CB: fdus   =  0.0170
 CB: fdut   =  0.0040
 CB: cdpw   = 0.00350
 CB: cdfw   = 0.00850
 CB: cdw    = 0.01200
 CB: Clh    = -0.1924
 CB: ClhSh/S= -0.0377
 CB: CMwing = -8.6806
 CB: CMfuse =  0.2835
 CB: CMtail =  0.3988
 CB: cmpo   = -0.3000
 CB: cmps   = -0.3000
 CB: cmpt   = -0.0900
 CB: dh/dR  = 0.05241
 CB: xCG    =   58.82 ft
 CB: xNP    =   63.73 ft
 CB: S.M.   =   0.473
 CB: Wbuoy  =     0.0 lb
 CB: Lwing  =   86.03 %
 CB: Lfuse  =   16.64 %
 CB: Ltail  =   -2.66 %

 CB: BPR    =   8.4389    
 CB: FPR    =   1.2650    
 CB: OPR    =   19.051    
 CB: pilc   =   5.1400    
 CB: pihc   =   3.7064    
 CB: 1/piht =   2.3723    
 CB: 1/pilt =   6.1598    
 CB: pid    =  0.99500    
 CB: pib    =  0.94000    
 CB: pifn   =  0.98500    
 CB: pitn   =  0.99500    
 CB: N1     =  0.78550    
 CB: N2     =  0.97520    
 CB: Nlc_c% =   71.236    
 CB: Nhc_c% =   94.791    
 CB: Nht_c% =   101.89    
 CB: Nlt_c% =   82.244    
 CB: mlc_c% =   60.031    
 CB: mhc_c% =   90.998    
 CB: mht_c% =   100.00    
 CB: mlt_c% =   100.00    
 CB: mf_c%  =   69.272    
 CB: epf    =  0.94810    
 CB: eplc   =  0.92000    
 CB: ephc   =  0.89000    
 CB: epht   =  0.90995    
 CB: eplt   =  0.89441    
 CB: etab   =  0.98500    
 CB: fo     =  0.40792E-01
 CB: ffbar  =  0.16835E-01
 CB: ff     =  0.13505E-01
 CB: fc     =  0.15704    
 CB: epsrow =  0.11780      0.41375E-01  0.19413E-02
 CB: Tmrow  =   1026.2       984.11       957.37    

 CB: Fsp    =  0.38383    
 CB: Feng   =   30.246     kN
 CB: FengA  =   29.592     kN
 CB: mcore  =   24.017     kg/s
 CB: mcool  =   3.7716     kg/s
 CB: mfuel  =  0.32434     kg/s
 CB: mofft  =  0.97969     kg/s
 CB: Pofft  =   33.276     kW
 CB: PK     =   4283.5     kW
 CB: Phijet =   1948.0     kW
 CB: Phiinl =   50.544     kW
 CB: Kinl   =   53.147     kW
 CB: etap   =  0.54568    
 CB: TSFC   =  0.37872     1/hr
 CB: hfuel  =   43.095     MJ/kg

 CB:  loc     Tt      pt       cpt       R    cpt/(cpt-R)
              K       kPa     J/kg K   J/kg K
       0     291.0   105.02   1006.2    287.5   1.4000
       2     291.0   104.16   1006.2    287.5   1.4000
       21    312.3   131.76   1007.2    287.8   1.3994
       7     312.3   129.79   1007.2    287.5   1.3994

       0     291.0   105.02   1006.2    287.5   1.4000
       18    291.0   104.50   1006.2    287.8   1.4000
       19    291.0   104.50   1006.2    287.8   1.4000
       25    481.9   537.11   1028.1    287.8   1.3882
       3     720.5  1990.73   1082.1    287.5   1.3618
       4    1319.0  1871.29   1231.3    287.9   1.3051
       41   1229.8  1687.55   1212.3    287.8   1.3113
       45   1017.4   711.35   1174.2    287.8   1.3247
       49    673.1   115.48   1092.7    287.8   1.3575
       5     673.1   114.91   1092.7    287.8   1.3575

 CB:  device     power    dh/dT     epol     eta
                  kW      J/kg K                
     fan 2 -21  -4356.1   1006.8   0.9481   0.9463
     LPC 19-25  -4653.8   1014.7   0.9200   0.9002
     HPC 25-3   -5793.2   1054.0   0.8900   0.8695
     HPT 41-45   5923.5   1194.2   0.9100   0.9183
     LPT 45-49   9134.5   1135.4   0.8944   0.9151

 CB:  loc   T       p       M       u        A     Fsp    eta_p
            K      kPa             m/s      m^2
      0    288.0  101.32  0.2272   77.28  2.3918  0.3838
      2    283.7   95.32  0.3583  121.07  1.6015

      25   457.9  447.41  0.5193  222.18  0.0305

      5    651.1  101.32  0.4337  218.95  0.1973
      6    651.1  101.32  0.4337  218.95  0.1973  0.0423  0.5218

      7    291.0  101.32  0.6055  207.21  0.8076
      8    291.0  101.32  0.6055  207.21  0.8076  0.3416  0.5433

      9                             0.00  0.0000  0.0000  2.0000

 - - - - - - - - - - - - - - - - - - - - - - - - - - - - -
 B1:  Climb1...           

 B1: alt.   =      0. ft
 B1: dyn.pr.=   75.11 psf
 B1: VTAS   =  251.34 ft/s
 B1: W/WMTO = 1.00000
 B1: Mach   =  0.2252
 B1: L/D    =  20.551
 B1: gamV   =10.90260 deg
 B1: e      =  0.8623
 B1: CL     =  1.4148
 B1: CD     = 0.06884
 B1: CDi    = 0.04692
 B1: CDfuse = 0.00866
 B1: CDwing = 0.01036
 B1: CDover = 0.00000
 B1: CDhtail= 0.00224
 B1: CDvtail= 0.00088
 B1: CDnace = 0.00012
 B1: CDstrut= 0.00000
 B1: Mperp  =  0.2192
 B1: clpo   =  1.4878
 B1: clps   =  1.5379
 B1: clpt   =  1.2624
 B1: fduo   =  0.0340
 B1: fdus   =  0.0170
 B1: fdut   =  0.0040
 B1: cdpw   = 0.00350
 B1: cdfw   = 0.00850
 B1: cdw    = 0.01200
 B1: Clh    = -0.1924
 B1: ClhSh/S= -0.0377
 B1: CMwing = -8.6806
 B1: CMfuse =  0.2835
 B1: CMtail =  0.3988
 B1: cmpo   = -0.3000
 B1: cmps   = -0.3000
 B1: cmpt   = -0.0900
 B1: dh/dR  = 0.19262
 B1: xCG    =   58.82 ft
 B1: xNP    =   63.73 ft
 B1: S.M.   =   0.473
 B1: Wbuoy  =     0.0 lb
 B1: Lwing  =   86.03 %
 B1: Lfuse  =   16.64 %
 B1: Ltail  =   -2.66 %

 B1: BPR    =   7.5728    
 B1: FPR    =   1.5623    
 B1: OPR    =   33.611    
 B1: pilc   =   7.8903    
 B1: pihc   =   4.2599    
 B1: 1/piht =   2.3600    
 B1: 1/pilt =   8.8305    
 B1: pid    =  0.99500    
 B1: pib    =  0.94000    
 B1: pifn   =  0.98500    
 B1: pitn   =  0.99500    
 B1: N1     =   1.0634    
 B1: N2     =   1.0884    
 B1: Nlc_c% =   96.447    
 B1: Nhc_c% =   99.172    
 B1: Nht_c% =   100.73    
 B1: Nlt_c% =   98.114    
 B1: mlc_c% =   92.236    
 B1: mhc_c% =   98.612    
 B1: mht_c% =   100.00    
 B1: mlt_c% =   100.00    
 B1: mf_c%  =   95.429    
 B1: epf    =  0.92520    
 B1: eplc   =  0.92000    
 B1: ephc   =  0.89000    
 B1: epht   =  0.90999    
 B1: eplt   =  0.91879    
 B1: etab   =  0.98500    
 B1: fo     =  0.26564E-01
 B1: ffbar  =  0.25238E-01
 B1: ff     =  0.20604E-01
 B1: fc     =  0.15704    
 B1: epsrow =  0.11780      0.41375E-01  0.19413E-02
 B1: Tmrow  =   1246.9       1240.1       1235.2    

 B1: Fsp    =  0.65441    
 B1: Feng   =   71.009     kN
 B1: FengA  =   70.367     kN
 B1: mcore  =   36.881     kg/s
 B1: mcool  =   5.7918     kg/s
 B1: mfuel  =  0.75990     kg/s
 B1: mofft  =  0.97969     kg/s
 B1: Pofft  =   33.276     kW
 B1: PK     =   13449.     kW
 B1: Phijet =   8015.3     kW
 B1: Phiinl =   49.182     kW
 B1: Kinl   =   51.714     kW
 B1: etap   =  0.40435    
 B1: TSFC   =  0.37793     1/hr
 B1: hfuel  =   42.484     MJ/kg

 B1:  loc     Tt      pt       cpt       R    cpt/(cpt-R)
              K       kPa     J/kg K   J/kg K
       0     290.9   104.95   1006.2    287.5   1.4000
       2     290.9   104.19   1006.2    287.5   1.4000
       21    333.8   162.77   1008.6    288.0   1.3987
       7     333.8   160.33   1008.6    287.5   1.3987

       0     290.9   104.95   1006.2    287.5   1.4000
       18    290.9   104.43   1006.2    288.0   1.4000
       19    290.9   104.43   1006.2    288.0   1.4000
       25    548.4   823.97   1041.7    288.0   1.3811
       3     848.0  3510.00   1111.9    287.5   1.3487
       4    1690.0  3299.40   1294.6    288.0   1.2862
       41   1567.2  2989.59   1272.3    288.0   1.2925
       45   1310.2  1266.79   1239.7    288.0   1.3026
       49    807.3   143.46   1138.9    288.0   1.3384
       5     807.3   142.74   1138.9    288.0   1.3384

 B1:  device     power    dh/dT     epol     eta
                  kW      J/kg K                
     fan 2 -21 -12077.6   1007.3   0.9252   0.9204
     LPC 19-25  -9686.3   1019.9   0.9200   0.8948
     HPC 25-3  -11580.0   1076.6   0.8900   0.8677
     HPT 41-45  11840.5   1256.8   0.9100   0.9179
     LPT 45-49  22017.4   1194.2   0.9188   0.9372

 B1:  loc   T       p       M       u        A     Fsp    eta_p
            K      kPa             m/s      m^2
      0    288.0  101.32  0.2252   76.58  3.3664  0.6544
      2    274.1   84.62  0.5533  183.82  1.6015

      25   514.3  653.14  0.5887  266.38  0.0305

      5    739.8  101.32  0.7297  390.65  0.1973
      6    739.8  101.32  0.7297  390.65  0.1973  0.1069  0.3278

      7    292.9  101.32  0.8370  287.36  0.8076
      8    292.9  101.32  0.8370  287.36  0.8076  0.5475  0.4208

      9                             0.00  0.0000  0.0000  2.0000

 - - - - - - - - - - - - - - - - - - - - - - - - - - - - -
 B2:  Climb2...           

 B2: alt.   =   9619. ft
 B2: dyn.pr.=  154.60 psf
 B2: VTAS   =  417.37 ft/s
 B2: W/WMTO = 0.99472
 B2: Mach   =  0.3869
 B2: L/D    =  22.955
 B2: gamV   = 7.50276 deg
 B2: e      =  0.9053
 B2: CL     =  0.6899
 B2: CD     = 0.03005
 B2: CDi    = 0.01063
 B2: CDfuse = 0.00866
 B2: CDwing = 0.00794
 B2: CDover = 0.00000
 B2: CDhtail= 0.00215
 B2: CDvtail= 0.00084
 B2: CDnace = 0.00016
 B2: CDstrut= 0.00000
 B2: Mperp  =  0.3767
 B2: clpo   =  0.6699
 B2: clps   =  0.7467
 B2: clpt   =  0.7742
 B2: fduo   =  0.0340
 B2: fdus   =  0.0170
 B2: fdut   =  0.0040
 B2: cdpw   = 0.00209
 B2: cdfw   = 0.00585
 B2: cdw    = 0.00794
 B2: Clh    = -0.0457
 B2: ClhSh/S= -0.0090
 B2: CMwing = -4.1643
 B2: CMfuse =  0.1703
 B2: CMtail =  0.0948
 B2: cmpo   = -0.0900
 B2: cmps   = -0.0900
 B2: cmpt   = -0.0900
 B2: dh/dR  = 0.13170
 B2: xCG    =   58.80 ft
 B2: xNP    =   63.94 ft
 B2: S.M.   =   0.493
 B2: Wbuoy  =    -4.6 lb
 B2: Lwing  =   85.94 %
 B2: Lfuse  =   15.36 %
 B2: Ltail  =   -1.30 %

 B2: BPR    =   7.3652    
 B2: FPR    =   1.6318    
 B2: OPR    =   36.927    
 B2: pilc   =   8.4046    
 B2: pihc   =   4.3936    
 B2: 1/piht =   2.3599    
 B2: 1/pilt =   9.3421    
 B2: pid    =  0.99500    
 B2: pib    =  0.94000    
 B2: pifn   =  0.98500    
 B2: pitn   =  0.99500    
 B2: N1     =   1.0920    
 B2: N2     =   1.0843    
 B2: Nlc_c% =   101.47    
 B2: Nhc_c% =   100.18    
 B2: Nht_c% =   100.41    
 B2: Nlt_c% =   100.81    
 B2: mlc_c% =   99.572    
 B2: mhc_c% =   100.39    
 B2: mht_c% =   100.00    
 B2: mlt_c% =   100.00    
 B2: mf_c%  =   101.01    
 B2: epf    =  0.91986    
 B2: eplc   =  0.92000    
 B2: ephc   =  0.89000    
 B2: epht   =  0.91000    
 B2: eplt   =  0.91979    
 B2: etab   =  0.98500    
 B2: fo     =  0.32199E-01
 B2: ffbar  =  0.25670E-01
 B2: ff     =  0.20812E-01
 B2: fc     =  0.15704    
 B2: epsrow =  0.11780      0.41375E-01  0.19413E-02
 B2: Tmrow  =   1238.1       1234.8       1233.6    

 B2: Fsp    =  0.60288    
 B2: Feng   =   51.770     kN
 B2: FengA  =   50.448     kN
 B2: mcore  =   30.426     kg/s
 B2: mcool  =   4.7781     kg/s
 B2: mfuel  =  0.63323     kg/s
 B2: mofft  =  0.97969     kg/s
 B2: Pofft  =   33.276     kW
 B2: PK     =   11824.     kW
 B2: Phijet =   5248.6     kW
 B2: Phiinl =   168.16     kW
 B2: Kinl   =   176.82     kW
 B2: etap   =  0.55698    
 B2: TSFC   =  0.43197     1/hr
 B2: hfuel  =   42.484     MJ/kg

 B2:  loc     Tt      pt       cpt       R    cpt/(cpt-R)
              K       kPa     J/kg K   J/kg K
       0     277.2    78.29   1005.7    287.5   1.4003
       2     277.2    77.09   1005.7    287.5   1.4003
       21    322.7   125.79   1007.9    288.0   1.3991
       7     322.7   123.90   1007.9    287.5   1.3991

       0     277.2    78.29   1005.7    287.5   1.4003
       18    277.2    77.90   1005.7    288.0   1.4003
       19    277.2    77.90   1005.7    288.0   1.4003
       25    533.4   654.72   1038.5    288.0   1.3828
       3     833.7  2876.59   1108.6    287.5   1.3501
       4    1690.0  2703.99   1295.5    288.1   1.2859
       41   1565.4  2451.46   1272.9    288.0   1.2924
       45   1308.8  1038.81   1240.2    288.0   1.3024
       49    795.6   111.20   1136.5    288.0   1.3394
       5     795.6   110.64   1136.5    288.0   1.3394

 B2:  device     power    dh/dT     epol     eta
                  kW      J/kg K                
     fan 2 -21 -10268.1   1006.8   0.9199   0.9141
     LPC 19-25  -7935.9   1017.9   0.9200   0.8939
     HPC 25-3   -9490.2   1073.1   0.8900   0.8671
     HPT 41-45   9703.7   1257.3   0.9100   0.9179
     LPT 45-49  18421.5   1193.4   0.9198   0.9385

 B2:  loc   T       p       M       u        A     Fsp    eta_p
            K      kPa             m/s      m^2
      0    269.1   70.63  0.3869  127.21  2.1871  0.6029
      2    258.0   60.02  0.6086  196.18  1.6015

      25   498.2  511.96  0.6060  270.03  0.0305

      5    709.3   70.63  0.8400  440.86  0.1973
      6    709.3   70.63  0.8400  440.86  0.1973  0.1122  0.4479

      7    274.8   70.63  0.9333  310.43  0.8076
      8    274.8   70.63  0.9333  310.43  0.8076  0.4907  0.5814

      9                             0.00  0.0000  0.0000  2.0000

 - - - - - - - - - - - - - - - - - - - - - - - - - - - - -
 B3:  Climb3...           

 B3: alt.   =  19239. ft
 B3: dyn.pr.=  155.05 psf
 B3: VTAS   =  489.60 ft/s
 B3: W/WMTO = 0.99067
 B3: Mach   =  0.4709
 B3: L/D    =  22.748
 B3: gamV   = 5.10206 deg
 B3: e      =  0.9052
 B3: CL     =  0.6899
 B3: CD     = 0.03033
 B3: CDi    = 0.01063
 B3: CDfuse = 0.00866
 B3: CDwing = 0.00813
 B3: CDover = 0.00000
 B3: CDhtail= 0.00219
 B3: CDvtail= 0.00085
 B3: CDnace = 0.00020
 B3: CDstrut= 0.00000
 B3: Mperp  =  0.4584
 B3: clpo   =  0.6700
 B3: clps   =  0.7468
 B3: clpt   =  0.7743
 B3: fduo   =  0.0340
 B3: fdus   =  0.0170
 B3: fdut   =  0.0040
 B3: cdpw   = 0.00227
 B3: cdfw   = 0.00586
 B3: cdw    = 0.00813
 B3: Clh    = -0.0462
 B3: ClhSh/S= -0.0091
 B3: CMwing = -4.1649
 B3: CMfuse =  0.1703
 B3: CMtail =  0.0959
 B3: cmpo   = -0.0900
 B3: cmps   = -0.0900
 B3: cmpt   = -0.0900
 B3: dh/dR  = 0.08928
 B3: xCG    =   58.80 ft
 B3: xNP    =   63.94 ft
 B3: S.M.   =   0.494
 B3: Wbuoy  =   221.4 lb
 B3: Lwing  =   85.95 %
 B3: Lfuse  =   15.36 %
 B3: Ltail  =   -1.31 %

 B3: BPR    =   7.1049    
 B3: FPR    =   1.7173    
 B3: OPR    =   40.616    
 B3: pilc   =   8.7899    
 B3: pihc   =   4.6208    
 B3: 1/piht =   2.3597    
 B3: 1/pilt =   9.5767    
 B3: pid    =  0.99500    
 B3: pib    =  0.94000    
 B3: pifn   =  0.98500    
 B3: pitn   =  0.99500    
 B3: N1     =   1.1143    
 B3: N2     =   1.0783    
 B3: Nlc_c% =   106.67    
 B3: Nhc_c% =   101.85    
 B3: Nht_c% =   99.940    
 B3: Nlt_c% =   102.96    
 B3: mlc_c% =   107.39    
 B3: mhc_c% =   103.40    
 B3: mht_c% =   100.00    
 B3: mlt_c% =   100.00    
 B3: mf_c%  =   105.81    
 B3: epf    =  0.91327    
 B3: eplc   =  0.92000    
 B3: ephc   =  0.89000    
 B3: epht   =  0.91000    
 B3: eplt   =  0.91985    
 B3: etab   =  0.98500    
 B3: fo     =  0.40765E-01
 B3: ffbar  =  0.26333E-01
 B3: ff     =  0.21124E-01
 B3: fc     =  0.15704    
 B3: epsrow =  0.11780      0.41375E-01  0.19413E-02
 B3: Tmrow  =   1224.5       1226.6       1231.2    

 B3: Fsp    =  0.61796    
 B3: Feng   =   39.472     kN
 B3: FengA  =   38.146     kN
 B3: mcore  =   24.033     kg/s
 B3: mcool  =   3.7741     kg/s
 B3: mfuel  =  0.50768     kg/s
 B3: mofft  =  0.97969     kg/s
 B3: Pofft  =   33.276     kW
 B3: PK     =   9929.3     kW
 B3: Phijet =   4050.2     kW
 B3: Phiinl =   197.83     kW
 B3: Kinl   =   208.02     kW
 B3: etap   =  0.59323    
 B3: TSFC   =  0.45422     1/hr
 B3: hfuel  =   42.484     MJ/kg

 B3:  loc     Tt      pt       cpt       R    cpt/(cpt-R)
              K       kPa     J/kg K   J/kg K
       0     261.2    55.65   1005.1    287.5   1.4006
       2     261.2    54.43   1005.1    287.5   1.4006
       21    309.3    93.47   1007.1    288.0   1.3995
       7     309.3    92.06   1007.1    287.5   1.3995

       0     261.2    55.65   1005.1    287.5   1.4006
       18    261.2    55.38   1005.1    288.0   1.4006
       19    261.2    55.38   1005.1    288.0   1.4006
       25    510.3   486.75   1033.6    288.0   1.3853
       3     811.7  2249.18   1103.4    287.5   1.3523
       4    1690.0  2114.23   1297.1    288.1   1.2855
       41   1562.5  1918.42   1273.9    288.0   1.2921
       45   1306.6   812.99   1241.0    288.0   1.3022
       49    789.9    84.89   1135.8    288.0   1.3396
       5     789.9    84.47   1135.8    288.0   1.3396

 B3:  device     power    dh/dT     epol     eta
                  kW      J/kg K                
     fan 2 -21  -8271.6   1006.1   0.9133   0.9064
     LPC 19-25  -6080.3   1015.5   0.9200   0.8932
     HPC 25-3   -7420.2   1067.9   0.8900   0.8662
     HPT 41-45   7587.1   1258.2   0.9100   0.9179
     LPT 45-49  14530.5   1193.6   0.9199   0.9387

 B3:  loc   T       p       M       u        A     Fsp    eta_p
            K      kPa             m/s      m^2
      0    250.1   47.83  0.4709  149.23  1.9577  0.6180
      2    239.8   40.40  0.6665  207.13  1.6015

      25   473.1  371.01  0.6373  277.01  0.0305

      5    682.6   47.83  0.9521  490.72  0.1973
      6    682.6   47.83  0.9521  490.72  0.1973  0.1292  0.4664

      7    257.7   48.63  1.0000  322.15  0.8076
      8    256.5   47.83  1.0141  325.93  0.8077  0.4888  0.6281

      9                             0.00  0.0000  0.0000  2.0000

 - - - - - - - - - - - - - - - - - - - - - - - - - - - - -
 B4:  Climb4...           

 B4: alt.   =  28858. ft
 B4: dyn.pr.=  154.97 psf
 B4: VTAS   =  579.16 ft/s
 B4: W/WMTO = 0.98629
 B4: Mach   =  0.5795
 B4: L/D    =  22.413
 B4: gamV   = 3.10147 deg
 B4: e      =  0.9052
 B4: CL     =  0.6899
 B4: CD     = 0.03078
 B4: CDi    = 0.01063
 B4: CDfuse = 0.00866
 B4: CDwing = 0.00847
 B4: CDover = 0.00000
 B4: CDhtail= 0.00222
 B4: CDvtail= 0.00087
 B4: CDnace = 0.00027
 B4: CDstrut= 0.00000
 B4: Mperp  =  0.5641
 B4: clpo   =  0.6701
 B4: clps   =  0.7469
 B4: clpt   =  0.7744
 B4: fduo   =  0.0340
 B4: fdus   =  0.0170
 B4: fdut   =  0.0040
 B4: cdpw   = 0.00264
 B4: cdfw   = 0.00582
 B4: cdw    = 0.00847
 B4: Clh    = -0.0469
 B4: ClhSh/S= -0.0092
 B4: CMwing = -4.1656
 B4: CMfuse =  0.1703
 B4: CMtail =  0.0972
 B4: cmpo   = -0.0900
 B4: cmps   = -0.0900
 B4: cmpt   = -0.0900
 B4: dh/dR  = 0.05418
 B4: xCG    =   58.79 ft
 B4: xNP    =   63.94 ft
 B4: S.M.   =   0.495
 B4: Wbuoy  =   394.9 lb
 B4: Lwing  =   85.96 %
 B4: Lfuse  =   15.37 %
 B4: Ltail  =   -1.33 %

 B4: BPR    =   6.8973    
 B4: FPR    =   1.8010    
 B4: OPR    =   43.675    
 B4: pilc   =   8.8825    
 B4: pihc   =   4.9169    
 B4: 1/piht =   2.3596    
 B4: 1/pilt =   9.5955    
 B4: pid    =  0.99500    
 B4: pib    =  0.94000    
 B4: pifn   =  0.98500    
 B4: pitn   =  0.99500    
 B4: N1     =   1.1308    
 B4: N2     =   1.0719    
 B4: Nlc_c% =   111.41    
 B4: Nhc_c% =   103.97    
 B4: Nht_c% =   99.453    
 B4: Nlt_c% =   104.58    
 B4: mlc_c% =   113.76    
 B4: mhc_c% =   107.30    
 B4: mht_c% =   100.00    
 B4: mlt_c% =   100.00    
 B4: mf_c%  =   110.08    
 B4: epf    =  0.90682    
 B4: eplc   =  0.92000    
 B4: ephc   =  0.89000    
 B4: epht   =  0.90999    
 B4: eplt   =  0.91969    
 B4: etab   =  0.98500    
 B4: fo     =  0.52541E-01
 B4: ffbar  =  0.27102E-01
 B4: ff     =  0.21422E-01
 B4: fc     =  0.15704    
 B4: epsrow =  0.11780      0.41375E-01  0.19413E-02
 B4: Tmrow  =   1209.0       1217.3       1228.3    

 B4: Fsp    =  0.62268    
 B4: Feng   =   29.255     kN
 B4: FengA  =   27.919     kN
 B4: mcore  =   18.646     kg/s
 B4: mcool  =   2.9282     kg/s
 B4: mfuel  =  0.39943     kg/s
 B4: mofft  =  0.97969     kg/s
 B4: Pofft  =   33.276     kW
 B4: PK     =   8169.9     kW
 B4: Phijet =   3018.0     kW
 B4: Phiinl =   233.91     kW
 B4: Kinl   =   245.96     kW
 B4: etap   =  0.63211    
 B4: TSFC   =  0.48220     1/hr
 B4: hfuel  =   42.486     MJ/kg

 B4:  loc     Tt      pt       cpt       R    cpt/(cpt-R)
              K       kPa     J/kg K   J/kg K
       0     246.5    39.61   1004.7    287.5   1.4008
       2     246.5    38.29   1004.7    287.5   1.4008
       21    296.8    68.96   1006.4    288.0   1.3999
       7     296.8    67.92   1006.4    287.5   1.3999

       0     246.5    39.61   1004.7    287.5   1.4008
       18    246.5    39.41   1004.7    288.0   1.4008
       19    246.5    39.41   1004.7    288.0   1.4008
       25    484.0   350.06   1028.5    288.0   1.3880
       3     786.6  1721.21   1097.6    287.5   1.3549
       4    1690.0  1617.94   1298.8    288.1   1.2850
       41   1559.3  1469.53   1274.9    288.0   1.2918
       45   1304.1   622.80   1241.9    288.0   1.3019
       49    788.3    64.91   1136.4    288.0   1.3394
       5     788.3    64.58   1136.4    288.0   1.3394

 B4:  device     power    dh/dT     epol     eta
                  kW      J/kg K                
     fan 2 -21  -6498.8   1005.6   0.9068   0.8988
     LPC 19-25  -4485.4   1013.1   0.9200   0.8930
     HPC 25-3   -5678.3   1062.0   0.8900   0.8650
     HPT 41-45   5806.0   1259.2   0.9100   0.9179
     LPT 45-49  11128.7   1194.3   0.9197   0.9386

 B4:  loc   T       p       M       u        A     Fsp    eta_p
            K      kPa             m/s      m^2
      0    231.0   31.56  0.5795  176.53  1.7516  0.6227
      2    222.8   26.89  0.7286  218.28  1.6015

      25   443.6  256.49  0.6835  287.91  0.0305

      5    671.7   34.63  1.0000  511.44  0.1973
      6    655.6   31.56  1.0779  545.02  0.1983  0.1461  0.4893

      7    247.3   35.87  1.0000  315.57  0.8076
      8    238.4   31.56  1.1061  342.73  0.8148  0.4765  0.6799

      9                             0.00  0.0000  0.0000  2.0000

 - - - - - - - - - - - - - - - - - - - - - - - - - - - - -
 B5:  Climb5...           

 B5: alt.   =  38478. ft
 B5: dyn.pr.=  154.51 psf
 B5: VTAS   =  697.20 ft/s
 B5: W/WMTO = 0.98066
 B5: Mach   =  0.7201
 B5: L/D    =  21.590
 B5: gamV   = 1.36698 deg
 B5: e      =  0.9051
 B5: CL     =  0.6899
 B5: CD     = 0.03195
 B5: CDi    = 0.01063
 B5: CDfuse = 0.00866
 B5: CDwing = 0.00947
 B5: CDover = 0.00000
 B5: CDhtail= 0.00227
 B5: CDvtail= 0.00089
 B5: CDnace = 0.00037
 B5: CDstrut= 0.00000
 B5: Mperp  =  0.7010
 B5: clpo   =  0.6703
 B5: clps   =  0.7471
 B5: clpt   =  0.7746
 B5: fduo   =  0.0340
 B5: fdus   =  0.0170
 B5: fdut   =  0.0040
 B5: cdpw   = 0.00381
 B5: cdfw   = 0.00566
 B5: cdw    = 0.00947
 B5: Clh    = -0.0477
 B5: ClhSh/S= -0.0093
 B5: CMwing = -4.1666
 B5: CMfuse =  0.1703
 B5: CMtail =  0.0989
 B5: cmpo   = -0.0900
 B5: cmps   = -0.0900
 B5: cmpt   = -0.0900
 B5: dh/dR  = 0.02386
 B5: xCG    =   58.78 ft
 B5: xNP    =   63.94 ft
 B5: S.M.   =   0.496
 B5: Wbuoy  =   530.3 lb
 B5: Lwing  =   85.98 %
 B5: Lfuse  =   15.37 %
 B5: Ltail  =   -1.35 %

 B5: BPR    =   6.7318    
 B5: FPR    =   1.8462    
 B5: OPR    =   44.631    
 B5: pilc   =   8.6969    
 B5: pihc   =   5.1318    
 B5: 1/piht =   2.3594    
 B5: 1/pilt =   9.5935    
 B5: pid    =  0.99500    
 B5: pib    =  0.94000    
 B5: pifn   =  0.98500    
 B5: pitn   =  0.99500    
 B5: N1     =   1.1393    
 B5: N2     =   1.0681    
 B5: Nlc_c% =   113.93    
 B5: Nhc_c% =   105.46    
 B5: Nht_c% =   99.168    
 B5: Nlt_c% =   105.43    
 B5: mlc_c% =   116.72    
 B5: mhc_c% =   110.12    
 B5: mht_c% =   100.00    
 B5: mlt_c% =   100.00    
 B5: mf_c%  =   112.36    
 B5: epf    =  0.90334    
 B5: eplc   =  0.92000    
 B5: ephc   =  0.89000    
 B5: epht   =  0.90999    
 B5: eplt   =  0.91957    
 B5: etab   =  0.98500    
 B5: fo     =  0.69466E-01
 B5: ffbar  =  0.27651E-01
 B5: ff     =  0.21388E-01
 B5: fc     =  0.15704    
 B5: epsrow =  0.11780      0.41375E-01  0.19413E-02
 B5: Tmrow  =   1199.1       1211.3       1226.5    

 B5: Fsp    =  0.60279    
 B5: Feng   =   20.718     kN
 B5: FengA  =   19.340     kN
 B5: mcore  =   14.103     kg/s
 B5: mcool  =   2.2148     kg/s
 B5: mfuel  =  0.30164     kg/s
 B5: mofft  =  0.97969     kg/s
 B5: Pofft  =   33.276     kW
 B5: PK     =   6413.8     kW
 B5: Phijet =   2024.7     kW
 B5: Phiinl =   280.75     kW
 B5: Kinl   =   295.21     kW
 B5: etap   =  0.68644    
 B5: TSFC   =  0.51419     1/hr
 B5: hfuel  =   42.488     MJ/kg

 B5:  loc     Tt      pt       cpt       R    cpt/(cpt-R)
              K       kPa     J/kg K   J/kg K
       0     239.3    28.77   1004.6    287.5   1.4009
       2     239.3    27.28   1004.6    287.5   1.4009
       21    290.6    50.37   1006.2    288.0   1.4000
       7     290.6    49.61   1006.2    287.5   1.4000

       0     239.3    28.77   1004.6    287.5   1.4009
       18    239.3    28.62   1004.6    288.0   1.4009
       19    239.3    28.62   1004.6    288.0   1.4009
       25    467.1   248.93   1025.5    288.0   1.3895
       3     770.5  1277.43   1093.8    287.5   1.3565
       4    1690.0  1200.78   1299.8    288.1   1.2847
       41   1557.3  1091.32   1275.6    288.0   1.2916
       45   1302.5   462.53   1242.5    288.0   1.3017
       49    787.6    48.21   1136.9    288.0   1.3393
       5     787.6    47.97   1136.9    288.0   1.3393

 B5:  device     power    dh/dT     epol     eta
                  kW      J/kg K                
     fan 2 -21  -4893.4   1005.3   0.9033   0.8946
     LPC 19-25  -3250.2   1011.8   0.9200   0.8932
     HPC 25-3   -4214.1   1058.2   0.8900   0.8642
     HPT 41-45   4308.9   1259.8   0.9100   0.9178
     LPT 45-49   8259.5   1194.8   0.9196   0.9385

 B5:  loc   T       p       M       u        A     Fsp    eta_p
            K      kPa             m/s      m^2
      0    216.8   20.38  0.7201  212.51  1.5662  0.6028
      2    214.0   18.45  0.7685  225.62  1.6015

      25   423.8  176.12  0.7223  297.57  0.0305

      5    671.1   25.72  1.0000  511.20  0.1973
      6    631.4   20.38  1.1888  590.50  0.2029  0.1532  0.5293

      7    242.1   26.20  1.0000  312.25  0.8076
      8    225.3   20.38  1.2027  362.29  0.8329  0.4419  0.7394

      9                           251.28  0.0118  0.0077  0.9164

 - - - - - - - - - - - - - - - - - - - - - - - - - - - - -
 C1:  Cruise1...          

 C1: alt.   =  38478. ft
 C1: dyn.pr.=  154.45 psf
 C1: VTAS   =  697.07 ft/s
 C1: W/WMTO = 0.98066
 C1: Mach   =  0.7200
 C1: L/D    =  21.477
 C1: gamV   = 0.01110 deg
 C1: e      =  0.9051
 C1: CL     =  0.6899
 C1: CD     = 0.03212
 C1: CDi    = 0.01063
 C1: CDfuse = 0.00866
 C1: CDwing = 0.00947
 C1: CDover = 0.00000
 C1: CDhtail= 0.00227
 C1: CDvtail= 0.00089
 C1: CDnace = 0.00054
 C1: CDstrut= 0.00000
 C1: Mperp  =  0.7009
 C1: clpo   =  0.6703
 C1: clps   =  0.7471
 C1: clpt   =  0.7746
 C1: fduo   =  0.0340
 C1: fdus   =  0.0170
 C1: fdut   =  0.0040
 C1: cdpw   = 0.00381
 C1: cdfw   = 0.00566
 C1: cdw    = 0.00947
 C1: Clh    = -0.0478
 C1: ClhSh/S= -0.0094
 C1: CMwing = -4.1667
 C1: CMfuse =  0.1703
 C1: CMtail =  0.0991
 C1: cmpo   = -0.0900
 C1: cmps   = -0.0900
 C1: cmpt   = -0.0900
 C1: dh/dR  = 0.00019
 C1: xCG    =   58.77 ft
 C1: xNP    =   63.94 ft
 C1: S.M.   =   0.496
 C1: Wbuoy  =   530.3 lb
 C1: Lwing  =   85.99 %
 C1: Lfuse  =   15.37 %
 C1: Ltail  =   -1.36 %

 C1: BPR    =   6.9674    
 C1: FPR    =   1.6047    
 C1: OPR    =   35.000    
 C1: pilc   =   8.0000    
 C1: pihc   =   4.3750    
 C1: 1/piht =   2.3672    
 C1: 1/pilt =   9.7405    
 C1: pid    =  0.99500    
 C1: pib    =  0.94000    
 C1: pifn   =  0.98500    
 C1: pitn   =  0.99500    
 C1: N1     =   1.0000    
 C1: N2     =   1.0000    
 C1: Nlc_c% =   100.00    
 C1: Nhc_c% =   100.00    
 C1: Nht_c% =   100.00    
 C1: Nlt_c% =   100.00    
 C1: mlc_c% =   100.00    
 C1: mhc_c% =   100.00    
 C1: mht_c% =   100.00    
 C1: mlt_c% =   100.00    
 C1: mf_c%  =   100.00    
 C1: epf    =  0.92194    
 C1: eplc   =  0.92000    
 C1: ephc   =  0.89000    
 C1: epht   =  0.91000    
 C1: eplt   =  0.92000    
 C1: etab   =  0.98500    
 C1: fo     =  0.81088E-01
 C1: ffbar  =  0.21210E-01
 C1: ff     =  0.16159E-01
 C1: fc     =  0.15704    
 C1: epsrow =  0.11780      0.41375E-01  0.19413E-02
 C1: Tmrow  =   1074.4       1056.4       1049.5    

 C1: Fsp    =  0.43924    
 C1: Feng   =   13.798     kN
 C1: FengA  =   12.473     kN
 C1: mcore  =   12.082     kg/s
 C1: mcool  =   1.8973     kg/s
 C1: mfuel  =  0.19523     kg/s
 C1: mofft  =  0.97969     kg/s
 C1: Pofft  =   33.276     kW
 C1: PK     =   3810.5     kW
 C1: Phijet =   887.77     kW
 C1: Phiinl =   280.59     kW
 C1: Kinl   =   295.04     kW
 C1: etap   =  0.76933    
 C1: TSFC   =  0.49971     1/hr
 C1: hfuel  =   42.888     MJ/kg

 C1:  loc     Tt      pt       cpt       R    cpt/(cpt-R)
              K       kPa     J/kg K   J/kg K
       0     239.3    28.76   1004.6    287.5   1.4009
       2     239.3    27.18   1004.6    287.5   1.4009
       21    277.1    43.61   1005.7    287.9   1.4003
       7     277.1    42.96   1005.7    287.5   1.4003

       0     239.3    28.76   1004.6    287.5   1.4009
       18    239.3    28.62   1004.6    287.9   1.4009
       19    239.3    28.62   1004.6    287.9   1.4009
       25    455.3   228.95   1023.5    287.9   1.3906
       3     717.4  1001.66   1081.3    287.5   1.3621
       4    1450.0   941.56   1257.9    288.0   1.2969
       41   1342.3   852.62   1236.5    287.9   1.3035
       45   1115.4   360.18   1200.4    287.9   1.3155
       49    659.1    36.98   1094.5    287.9   1.3569
       5     659.1    36.79   1094.5    287.9   1.3569

 C1:  device     power    dh/dT     epol     eta
                  kW      J/kg K                
     fan 2 -21  -3200.1   1005.0   0.9219   0.9165
     LPC 19-25  -2638.8   1011.1   0.9200   0.8943
     HPC 25-3   -3057.6   1050.8   0.8900   0.8667
     HPT 41-45   3126.3   1219.2   0.9100   0.9181
     LPT 45-49   5931.5   1150.7   0.9200   0.9396

 C1:  loc   T       p       M       u        A     Fsp    eta_p
            K      kPa             m/s      m^2
      0    216.8   20.38  0.7200  212.47  1.3828  0.4392
      2    223.2   21.30  0.6000  179.90  1.6015

      25   425.3  179.68  0.6000  247.64  0.0305

      5    563.2   20.38  0.9673  455.55  0.1973
      6    563.2   20.38  0.9673  455.55  0.1973  0.0908  0.6361

      7    230.9   22.69  1.0000  304.93  0.8076
      8    223.9   20.38  1.0893  327.12  0.8127  0.3398  0.7875

      9                           251.28  0.0118  0.0087  0.9163

 - - - - - - - - - - - - - - - - - - - - - - - - - - - - -
 C2:  Cruise2...          

 C2: alt.   =  41681. ft
 C2: dyn.pr.=  132.99 psf
 C2: VTAS   =  696.79 ft/s
 C2: W/WMTO = 0.83914
 C2: Mach   =  0.7200
 C2: L/D    =  21.244
 C2: gamV   = 0.01125 deg
 C2: e      =  0.9028
 C2: CL     =  0.6899
 C2: CD     = 0.03247
 C2: CDi    = 0.01065
 C2: CDfuse = 0.00866
 C2: CDwing = 0.00971
 C2: CDover = 0.00000
 C2: CDhtail= 0.00232
 C2: CDvtail= 0.00091
 C2: CDnace = 0.00055
 C2: CDstrut= 0.00000
 C2: Mperp  =  0.7009
 C2: clpo   =  0.6752
 C2: clps   =  0.7526
 C2: clpt   =  0.7803
 C2: fduo   =  0.0340
 C2: fdus   =  0.0170
 C2: fdut   =  0.0040
 C2: cdpw   = 0.00393
 C2: cdfw   = 0.00579
 C2: cdw    = 0.00971
 C2: Clh    = -0.0738
 C2: ClhSh/S= -0.0145
 C2: CMwing = -4.1966
 C2: CMfuse =  0.1703
 C2: CMtail =  0.1530
 C2: cmpo   = -0.0900
 C2: cmps   = -0.0900
 C2: cmpt   = -0.0900
 C2: dh/dR  = 0.00020
 C2: xCG    =   58.41 ft
 C2: xNP    =   63.94 ft
 C2: S.M.   =   0.531
 C2: Wbuoy  =   571.6 lb
 C2: Lwing  =   86.61 %
 C2: Lfuse  =   15.48 %
 C2: Ltail  =   -2.10 %

 C2: BPR    =   6.9131    
 C2: FPR    =   1.6060    
 C2: OPR    =   34.933    
 C2: pilc   =   7.8840    
 C2: pihc   =   4.4309    
 C2: 1/piht =   2.3669    
 C2: 1/pilt =   9.7342    
 C2: pid    =  0.99500    
 C2: pib    =  0.94000    
 C2: pifn   =  0.98500    
 C2: pitn   =  0.99500    
 C2: N1     =   1.0003    
 C2: N2     =   1.0015    
 C2: Nlc_c% =   100.07    
 C2: Nhc_c% =   100.42    
 C2: Nht_c% =   99.890    
 C2: Nlt_c% =   99.756    
 C2: mlc_c% =   100.85    
 C2: mhc_c% =   100.75    
 C2: mht_c% =   100.00    
 C2: mlt_c% =   100.00    
 C2: mf_c%  =   100.06    
 C2: epf    =  0.92184    
 C2: eplc   =  0.92000    
 C2: ephc   =  0.89000    
 C2: epht   =  0.91000    
 C2: eplt   =  0.92000    
 C2: etab   =  0.98500    
 C2: fo     =  0.93337E-01
 C2: ffbar  =  0.21563E-01
 C2: ff     =  0.16164E-01
 C2: fc     =  0.15704    
 C2: epsrow =  0.11780      0.41375E-01  0.19413E-02
 C2: Tmrow  =   1077.1       1060.8       1055.4    

 C2: Fsp    =  0.44129    
 C2: Feng   =   11.949     kN
 C2: FengA  =   10.808     kN
 C2: mcore  =   10.496     kg/s
 C2: mcool  =   1.6483     kg/s
 C2: mfuel  =  0.16966     kg/s
 C2: mofft  =  0.97969     kg/s
 C2: Pofft  =   33.276     kW
 C2: PK     =   3300.5     kW
 C2: Phijet =   770.45     kW
 C2: Phiinl =   241.51     kW
 C2: Kinl   =   253.95     kW
 C2: etap   =  0.76888    
 C2: TSFC   =  0.50145     1/hr
 C2: hfuel  =   42.876     MJ/kg

 C2:  loc     Tt      pt       cpt       R    cpt/(cpt-R)
              K       kPa     J/kg K   J/kg K
       0     239.1    24.77   1004.5    287.5   1.4009
       2     239.1    23.40   1004.5    287.5   1.4009
       21    277.0    37.59   1005.6    287.9   1.4003
       7     277.0    37.02   1005.6    287.5   1.4003

       0     239.1    24.77   1004.5    287.5   1.4009
       18    239.1    24.64   1004.5    287.9   1.4009
       19    239.1    24.64   1004.5    287.9   1.4009
       25    452.9   194.29   1023.1    287.9   1.3908
       3     716.6   860.86   1081.1    287.5   1.3622
       4    1458.4   809.21   1259.7    288.0   1.2963
       41   1349.5   732.96   1238.0    287.9   1.3030
       45   1121.6   309.67   1202.1    287.9   1.3149
       49    663.4    31.81   1096.0    287.9   1.3562
       5     663.4    31.65   1096.0    287.9   1.3562

 C2:  device     power    dh/dT     epol     eta
                  kW      J/kg K                
     fan 2 -21  -2761.2   1005.0   0.9218   0.9164
     LPC 19-25  -2268.9   1010.9   0.9200   0.8945
     HPC 25-3   -2635.4   1050.4   0.8900   0.8664
     HPT 41-45   2694.7   1220.8   0.9100   0.9181
     LPT 45-49   5114.6   1152.4   0.9200   0.9396

 C2:  loc   T       p       M       u        A     Fsp    eta_p
            K      kPa             m/s      m^2
      0    216.7   17.55  0.7200  212.38  1.3851  0.4413
      2    222.9   18.32  0.6016  180.27  1.6015

      25   422.3  151.58  0.6075  249.89  0.0305

      5    567.1   17.55  0.9667  456.73  0.1973
      6    567.1   17.55  0.9667  456.73  0.1973  0.0896  0.6348

      7    230.7   19.55  1.0000  304.85  0.8076
      8    223.7   17.55  1.0900  327.18  0.8128  0.3400  0.7872

      9                           292.83  0.0112  0.0117  0.8408

 - - - - - - - - - - - - - - - - - - - - - - - - - - - - -
 D1:  Descent1...         

 D1: alt.   =  41681. ft
 D1: dyn.pr.=  137.73 psf
 D1: VTAS   =  709.08 ft/s
 D1: W/WMTO = 0.83914
 D1: Mach   =  0.7327
 D1: L/D    =  20.510
 D1: gamV   =-2.00000 deg
 D1: e      =  0.9028
 D1: CL     =  0.6623
 D1: CD     = 0.03229
 D1: CDi    = 0.00982
 D1: CDfuse = 0.00866
 D1: CDwing = 0.01008
 D1: CDover = 0.00000
 D1: CDhtail= 0.00231
 D1: CDvtail= 0.00090
 D1: CDnace = 0.00084
 D1: CDstrut= 0.00000
 D1: Mperp  =  0.7132
 D1: clpo   =  0.6481
 D1: clps   =  0.7225
 D1: clpt   =  0.7491
 D1: fduo   =  0.0340
 D1: fdus   =  0.0170
 D1: fdut   =  0.0040
 D1: cdpw   = 0.00435
 D1: cdfw   = 0.00573
 D1: cdw    = 0.01008
 D1: Clh    = -0.0709
 D1: ClhSh/S= -0.0139
 D1: CMwing = -4.0312
 D1: CMfuse =  0.1659
 D1: CMtail =  0.1469
 D1: cmpo   = -0.0900
 D1: cmps   = -0.0900
 D1: cmpt   = -0.0900
 D1: dh/dR  =-0.03492
 D1: xCG    =   58.41 ft
 D1: xNP    =   63.94 ft
 D1: S.M.   =   0.531
 D1: Wbuoy  =   571.6 lb
 D1: Lwing  =   86.61 %
 D1: Lfuse  =   15.48 %
 D1: Ltail  =   -2.09 %

 D1: BPR    =   8.2454    
 D1: FPR    =   1.2238    
 D1: OPR    =   18.092    
 D1: pilc   =   5.0826    
 D1: pihc   =   3.5595    
 D1: 1/piht =   2.3842    
 D1: 1/pilt =   7.4923    
 D1: pid    =  0.99500    
 D1: pib    =  0.94000    
 D1: pifn   =  0.98500    
 D1: pitn   =  0.99500    
 D1: N1     =  0.71841    
 D1: N2     =  0.87366    
 D1: Nlc_c% =   71.750    
 D1: Nhc_c% =   93.544    
 D1: Nht_c% =   102.12    
 D1: Nlt_c% =   84.574    
 D1: mlc_c% =   64.929    
 D1: mhc_c% =   88.849    
 D1: mht_c% =   100.00    
 D1: mlt_c% =   100.00    
 D1: mf_c%  =   77.981    
 D1: epf    =  0.95126    
 D1: eplc   =  0.92000    
 D1: ephc   =  0.89000    
 D1: epht   =  0.90993    
 D1: eplt   =  0.90840    
 D1: etab   =  0.98500    
 D1: fo     =  0.14353    
 D1: ffbar  =  0.12540E-01
 D1: ff     =  0.87710E-02
 D1: fc     =  0.15704    
 D1: epsrow =  0.11780      0.41375E-01  0.19413E-02
 D1: Tmrow  =   844.32       786.81       755.00    

 D1: Fsp    =  0.12452    
 D1: Feng   =   3.4955     kN
 D1: FengA  =   2.3179     kN
 D1: mcore  =   6.8255     kg/s
 D1: mcool  =   1.0719     kg/s
 D1: mfuel  =  0.59867E-01 kg/s
 D1: mofft  =  0.97969     kg/s
 D1: Pofft  =   33.276     kW
 D1: PK     =   797.13     kW
 D1: Phijet =   44.448     kW
 D1: Phiinl =   254.52     kW
 D1: Kinl   =   267.62     kW
 D1: etap   =  0.94775    
 D1: TSFC   =  0.60484     1/hr
 D1: hfuel  =   43.568     MJ/kg

 D1:  loc     Tt      pt       cpt       R    cpt/(cpt-R)
              K       kPa     J/kg K   J/kg K
       0     239.9    25.06   1004.6    287.5   1.4009
       2     239.9    23.33   1004.6    287.5   1.4009
       21    254.9    28.55   1004.9    287.7   1.4007
       7     254.9    28.12   1004.9    287.5   1.4007

       0     239.9    25.06   1004.6    287.5   1.4009
       18    239.9    24.93   1004.6    287.7   1.4009
       19    239.9    24.93   1004.6    287.7   1.4009
       25    397.2   126.72   1014.5    287.7   1.3954
       3     591.4   451.06   1051.2    287.5   1.3764
       4    1052.1   424.00   1177.4    287.8   1.3235
       41    982.6   381.32   1159.9    287.7   1.3299
       45    804.8   159.93   1119.6    287.7   1.3458
       49    493.9    21.35   1044.2    287.7   1.3804
       5     493.9    21.24   1044.2    287.7   1.3804

 D1:  device     power    dh/dT     epol     eta
                  kW      J/kg K                
     fan 2 -21   -849.6   1004.6   0.9513   0.9498
     LPC 19-25  -1082.2   1008.2   0.9200   0.9002
     HPC 25-3   -1171.0   1031.3   0.8900   0.8696
     HPT 41-45   1197.3   1140.6   0.9099   0.9187
     LPT 45-49   1985.0   1081.1   0.9084   0.9293

 D1:  loc   T       p       M       u        A     Fsp    eta_p
            K      kPa             m/s      m^2
      0    216.7   17.55  0.7327  216.13  1.0341  0.1245
      2    232.0   20.76  0.4112  125.71  1.6015

      25   378.4  106.81  0.5007  195.15  0.0305

      5    468.5   17.55  0.5325  229.93  0.1973
      6    468.5   17.55  0.5325  229.93  0.1973 -0.0063  0.9691

      7    222.7   17.55  0.8490  254.30  0.8076
      8    222.7   17.55  0.8490  254.30  0.8076  0.1154  0.9189

      9                           292.83  0.0113  0.0154  0.8493

 - - - - - - - - - - - - - - - - - - - - - - - - - - - - -
 D2:  Descent2...         

 D2: alt.   =  32129. ft
 D2: dyn.pr.=  187.47 psf
 D2: VTAS   =  675.79 ft/s
 D2: W/WMTO = 0.83830
 D2: Mach   =  0.6859
 D2: L/D    =  18.798
 D2: gamV   =-2.12500 deg
 D2: e      =  0.9028
 D2: CL     =  0.4860
 D2: CD     = 0.02585
 D2: CDi    = 0.00529
 D2: CDfuse = 0.00866
 D2: CDwing = 0.00837
 D2: CDover = 0.00000
 D2: CDhtail= 0.00220
 D2: CDvtail= 0.00086
 D2: CDnace = 0.00080
 D2: CDstrut= 0.00000
 D2: Mperp  =  0.6676
 D2: clpo   =  0.4756
 D2: clps   =  0.5301
 D2: clpt   =  0.5496
 D2: fduo   =  0.0340
 D2: fdus   =  0.0170
 D2: fdut   =  0.0040
 D2: cdpw   = 0.00271
 D2: cdfw   = 0.00566
 D2: cdw    = 0.00837
 D2: Clh    = -0.0519
 D2: ClhSh/S= -0.0102
 D2: CMwing = -2.9745
 D2: CMfuse =  0.1384
 D2: CMtail =  0.1076
 D2: cmpo   = -0.0900
 D2: cmps   = -0.0900
 D2: cmpt   = -0.0900
 D2: dh/dR  =-0.03711
 D2: xCG    =   58.41 ft
 D2: xNP    =   63.94 ft
 D2: S.M.   =   0.531
 D2: Wbuoy  =   443.3 lb
 D2: Lwing  =   86.61 %
 D2: Lfuse  =   15.48 %
 D2: Ltail  =   -2.09 %

 D2: BPR    =   8.9255    
 D2: FPR    =   1.1859    
 D2: OPR    =   16.119    
 D2: pilc   =   4.7101    
 D2: pihc   =   3.4221    
 D2: 1/piht =   2.3864    
 D2: 1/pilt =   6.6817    
 D2: pid    =  0.99500    
 D2: pib    =  0.94000    
 D2: pifn   =  0.98500    
 D2: pitn   =  0.99500    
 D2: N1     =  0.68184    
 D2: N2     =  0.86321    
 D2: Nlc_c% =   67.291    
 D2: Nhc_c% =   92.417    
 D2: Nht_c% =   102.78    
 D2: Nlt_c% =   81.846    
 D2: mlc_c% =   57.384    
 D2: mhc_c% =   86.981    
 D2: mht_c% =   100.00    
 D2: mlt_c% =   100.00    
 D2: mf_c%  =   74.118    
 D2: epf    =  0.95419    
 D2: eplc   =  0.92000    
 D2: ephc   =  0.89000    
 D2: epht   =  0.90989    
 D2: eplt   =  0.89987    
 D2: etab   =  0.98500    
 D2: fo     =  0.11036    
 D2: ffbar  =  0.11441E-01
 D2: ff     =  0.83818E-02
 D2: fc     =  0.15704    
 D2: epsrow =  0.11780      0.41375E-01  0.19413E-02
 D2: Tmrow  =   824.46       761.60       725.92    

 D2: Fsp    =  0.92875E-01
 D2: Feng   =   4.0606     kN
 D2: FengA  =   2.4577     kN
 D2: mcore  =   8.8773     kg/s
 D2: mcool  =   1.3941     kg/s
 D2: mfuel  =  0.74407E-01 kg/s
 D2: mofft  =  0.97969     kg/s
 D2: Pofft  =   33.276     kW
 D2: PK     =   877.81     kW
 D2: Phijet =   44.563     kW
 D2: Phiinl =   330.17     kW
 D2: Kinl   =   347.17     kW
 D2: etap   =  0.95283    
 D2: TSFC   =  0.64714     1/hr
 D2: hfuel  =   43.628     MJ/kg

 D2:  loc     Tt      pt       cpt       R    cpt/(cpt-R)
              K       kPa     J/kg K   J/kg K
       0     245.7    37.32   1004.7    287.5   1.4008
       2     245.7    34.97   1004.7    287.5   1.4008
       21    258.6    41.47   1005.0    287.7   1.4006
       7     258.6    40.85   1005.0    287.5   1.4006

       0     245.7    37.32   1004.7    287.5   1.4008
       18    245.7    37.13   1004.7    287.7   1.4008
       19    245.7    37.13   1004.7    287.7   1.4008
       25    397.2   174.89   1014.5    287.7   1.3954
       3     584.4   598.50   1049.7    287.5   1.3772
       4    1011.5   562.59   1167.5    287.7   1.3271
       41    946.8   505.28   1151.1    287.7   1.3332
       45    774.1   211.74   1110.7    287.7   1.3496
       49    489.5    31.69   1042.2    287.7   1.3813
       5     489.5    31.53   1042.2    287.7   1.3813

 D2:  device     power    dh/dT     epol     eta
                  kW      J/kg K                
     fan 2 -21  -1026.0   1004.9   0.9542   0.9531
     LPC 19-25  -1356.5   1008.4   0.9200   0.9012
     HPC 25-3   -1523.3   1030.6   0.8900   0.8703
     HPT 41-45   1557.5   1131.5   0.9099   0.9187
     LPT 45-49   2440.2   1075.6   0.8999   0.9214

 D2:  loc   T       p       M       u        A     Fsp    eta_p
            K      kPa             m/s      m^2
      0    224.6   27.26  0.6859  205.98  1.0110  0.0929
      2    238.7   31.60  0.3830  118.76  1.6015

      25   379.5  148.83  0.4862  189.76  0.0305

      5    470.2   27.26  0.4635  200.51  0.1973
      6    470.2   27.26  0.4635  200.51  0.1973 -0.0087  1.0135

      7    230.3   27.26  0.7825  238.32  0.8076
      8    230.3   27.26  0.7825  238.32  0.8076  0.0968  0.9272

      9                           127.70  0.0193  0.0047  1.2346

 - - - - - - - - - - - - - - - - - - - - - - - - - - - - -
 D3:  Descent3...         

 D3: alt.   =  21998. ft
 D3: dyn.pr.=  238.74 psf
 D3: VTAS   =  636.98 ft/s
 D3: W/WMTO = 0.83713
 D3: Mach   =  0.6194
 D3: L/D    =  16.509
 D3: gamV   =-2.25000 deg
 D3: e      =  0.9028
 D3: CL     =  0.3802
 D3: CD     = 0.02303
 D3: CDi    = 0.00324
 D3: CDfuse = 0.00866
 D3: CDwing = 0.00775
 D3: CDover = 0.00000
 D3: CDhtail= 0.00213
 D3: CDvtail= 0.00083
 D3: CDnace = 0.00075
 D3: CDstrut= 0.00000
 D3: Mperp  =  0.6030
 D3: clpo   =  0.3721
 D3: clps   =  0.4148
 D3: clpt   =  0.4300
 D3: fduo   =  0.0340
 D3: fdus   =  0.0170
 D3: fdut   =  0.0040
 D3: cdpw   = 0.00217
 D3: cdfw   = 0.00558
 D3: cdw    = 0.00775
 D3: Clh    = -0.0408
 D3: ClhSh/S= -0.0080
 D3: CMwing = -2.3408
 D3: CMfuse =  0.1219
 D3: CMtail =  0.0845
 D3: cmpo   = -0.0900
 D3: cmps   = -0.0900
 D3: cmpt   = -0.0900
 D3: dh/dR  =-0.03929
 D3: xCG    =   58.41 ft
 D3: xNP    =   63.94 ft
 D3: S.M.   =   0.532
 D3: Wbuoy  =   276.2 lb
 D3: Lwing  =   86.62 %
 D3: Lfuse  =   15.48 %
 D3: Ltail  =   -2.10 %

 D3: BPR    =   9.4205    
 D3: FPR    =   1.1649    
 D3: OPR    =   14.819    
 D3: pilc   =   4.3962    
 D3: pihc   =   3.3710    
 D3: 1/piht =   2.3847    
 D3: 1/pilt =   5.9899    
 D3: pid    =  0.99500    
 D3: pib    =  0.94000    
 D3: pifn   =  0.98500    
 D3: pitn   =  0.99500    
 D3: N1     =  0.66864    
 D3: N2     =  0.88003    
 D3: Nlc_c% =   63.736    
 D3: Nhc_c% =   92.008    
 D3: Nht_c% =   103.13    
 D3: Nlt_c% =   78.940    
 D3: mlc_c% =   52.248    
 D3: mhc_c% =   86.317    
 D3: mht_c% =   100.00    
 D3: mlt_c% =   100.00    
 D3: mf_c%  =   70.476    
 D3: epf    =  0.95581    
 D3: eplc   =  0.92000    
 D3: ephc   =  0.89000    
 D3: epht   =  0.90986    
 D3: eplt   =  0.89032    
 D3: etab   =  0.98500    
 D3: fo     =  0.84995E-01
 D3: ffbar  =  0.11655E-01
 D3: ff     =  0.88340E-02
 D3: fc     =  0.15704    
 D3: epsrow =  0.11780      0.41375E-01  0.19413E-02
 D3: Tmrow  =   851.74       788.39       750.88    

 D3: Fsp    =  0.87887E-01
 D3: Feng   =   5.3499     kN
 D3: FengA  =   3.3086     kN
 D3: mcore  =   11.527     kg/s
 D3: mcool  =   1.8101     kg/s
 D3: mfuel  =  0.10183     kg/s
 D3: mofft  =  0.97969     kg/s
 D3: Pofft  =   33.276     kW
 D3: PK     =   1112.6     kW
 D3: Phijet =   77.786     kW
 D3: Phiinl =   396.32     kW
 D3: Kinl   =   416.73     kW
 D3: etap   =  0.93354    
 D3: TSFC   =  0.67217     1/hr
 D3: hfuel  =   43.561     MJ/kg

 D3:  loc     Tt      pt       cpt       R    cpt/(cpt-R)
              K       kPa     J/kg K   J/kg K
       0     263.4    55.10   1005.2    287.5   1.4006
       2     263.4    52.19   1005.2    287.5   1.4006
       21    275.7    60.79   1005.6    287.7   1.4003
       7     275.7    59.88   1005.6    287.5   1.4003

       0     263.4    55.10   1005.2    287.5   1.4006
       18    263.4    54.82   1005.2    287.7   1.4006
       19    263.4    54.82   1005.2    287.7   1.4006
       25    416.5   241.00   1017.2    287.7   1.3940
       3     609.0   812.42   1055.2    287.5   1.3745
       4    1043.2   763.68   1174.3    287.7   1.3246
       41    977.4   685.75   1157.7    287.7   1.3307
       45    800.2   287.56   1117.5    287.7   1.3467
       49    523.6    48.01   1049.8    287.7   1.3775
       5     523.6    47.77   1049.8    287.7   1.3775

 D3:  device     power    dh/dT     epol     eta
                  kW      J/kg K                
     fan 2 -21  -1343.2   1005.4   0.9558   0.9548
     LPC 19-25  -1782.8   1009.7   0.9200   0.9021
     HPC 25-3   -2100.1   1034.9   0.8900   0.8706
     HPT 41-45   2147.4   1138.4   0.9099   0.9187
     LPT 45-49   3191.2   1083.2   0.8903   0.9123

 D3:  loc   T       p       M       u        A     Fsp    eta_p
            K      kPa             m/s      m^2
      0    244.6   42.56  0.6194  194.15  1.0200  0.0879
      2    256.7   47.74  0.3590  115.43  1.6015

      25   398.3  205.78  0.4813  192.40  0.0305

      5    507.2   42.56  0.4125  185.05  0.1973
      6    507.2   42.56  0.4125  185.05  0.1973 -0.0071  1.0240

      7    250.0   42.56  0.7157  227.08  0.8076
      8    250.0   42.56  0.7157  227.08  0.8076  0.0950  0.9218

      9                             0.00  0.0000  0.0000  2.0000

 - - - - - - - - - - - - - - - - - - - - - - - - - - - - -
 D4:  Descent4...         

 D4: alt.   =  11289. ft
 D4: dyn.pr.=  262.06 psf
 D4: VTAS   =  558.07 ft/s
 D4: W/WMTO = 0.83546
 D4: Mach   =  0.5206
 D4: L/D    =  15.072
 D4: gamV   =-2.37500 deg
 D4: e      =  0.9028
 D4: CL     =  0.3449
 D4: CD     = 0.02289
 D4: CDi    = 0.00266
 D4: CDfuse = 0.00866
 D4: CDwing = 0.00830
 D4: CDover = 0.00000
 D4: CDhtail= 0.00208
 D4: CDvtail= 0.00081
 D4: CDnace = 0.00071
 D4: CDstrut= 0.00000
 D4: Mperp  =  0.5068
 D4: clpo   =  0.3376
 D4: clps   =  0.3763
 D4: clpt   =  0.3902
 D4: fduo   =  0.0340
 D4: fdus   =  0.0170
 D4: fdut   =  0.0040
 D4: cdpw   = 0.00275
 D4: cdfw   = 0.00555
 D4: cdw    = 0.00830
 D4: Clh    = -0.0371
 D4: ClhSh/S= -0.0073
 D4: CMwing = -2.1296
 D4: CMfuse =  0.1164
 D4: CMtail =  0.0769
 D4: cmpo   = -0.0900
 D4: cmps   = -0.0900
 D4: cmpt   = -0.0900
 D4: dh/dR  =-0.04148
 D4: xCG    =   58.40 ft
 D4: xNP    =   63.94 ft
 D4: S.M.   =   0.532
 D4: Wbuoy  =    38.6 lb
 D4: Lwing  =   86.62 %
 D4: Lfuse  =   15.48 %
 D4: Ltail  =   -2.11 %

 D4: BPR    =   9.9087    
 D4: FPR    =   1.1299    
 D4: OPR    =   12.661    
 D4: pilc   =   3.7971    
 D4: pihc   =   3.3345    
 D4: 1/piht =   2.3845    
 D4: 1/pilt =   4.9333    
 D4: pid    =  0.99500    
 D4: pib    =  0.94000    
 D4: pifn   =  0.98500    
 D4: pitn   =  0.99500    
 D4: N1     =  0.61774    
 D4: N2     =  0.88436    
 D4: Nlc_c% =   57.086    
 D4: Nhc_c% =   91.711    
 D4: Nht_c% =   103.37    
 D4: Nlt_c% =   72.730    
 D4: mlc_c% =   45.183    
 D4: mhc_c% =   85.832    
 D4: mht_c% =   100.00    
 D4: mlt_c% =   100.00    
 D4: mf_c%  =   63.215    
 D4: epf    =  0.95850    
 D4: eplc   =  0.92000    
 D4: ephc   =  0.89000    
 D4: epht   =  0.90984    
 D4: eplt   =  0.87126    
 D4: etab   =  0.98500    
 D4: fo     =  0.70236E-01
 D4: ffbar  =  0.11561E-01
 D4: ff     =  0.89336E-02
 D4: fc     =  0.15704    
 D4: epsrow =  0.11780      0.41375E-01  0.19413E-02
 D4: Tmrow  =   858.25       793.90       755.13    

 D4: Fsp    =  0.80185E-01
 D4: Feng   =   6.2273     kN
 D4: FengA  =   3.9866     kN
 D4: mcore  =   13.949     kg/s
 D4: mcool  =   2.1905     kg/s
 D4: mfuel  =  0.12461     kg/s
 D4: mofft  =  0.97969     kg/s
 D4: Pofft  =   33.276     kW
 D4: PK     =   1137.8     kW
 D4: Phijet =   82.123     kW
 D4: Phiinl =   381.15     kW
 D4: Kinl   =   400.78     kW
 D4: etap   =  0.93099    
 D4: TSFC   =  0.70669     1/hr
 D4: hfuel  =   43.547     MJ/kg

 D4:  loc     Tt      pt       cpt       R    cpt/(cpt-R)
              K       kPa     J/kg K   J/kg K
       0     280.2    79.53   1005.8    287.5   1.4002
       2     280.2    76.39   1005.8    287.5   1.4002
       21    290.6    86.31   1006.2    287.7   1.4000
       7     290.6    85.02   1006.2    287.5   1.4000

       0     280.2    79.53   1005.8    287.5   1.4002
       18    280.2    79.13   1005.8    287.7   1.4002
       19    280.2    79.13   1005.8    287.7   1.4002
       25    423.4   300.46   1018.2    287.7   1.3934
       3     616.5  1001.88   1056.9    287.5   1.3736
       4    1048.0   941.77   1175.1    287.7   1.3243
       41    982.5   845.43   1158.6    287.7   1.3303
       45    804.6   354.56   1118.5    287.7   1.3463
       49    556.7    71.87   1057.4    287.7   1.3738
       5     556.7    71.51   1057.4    287.7   1.3738

 D4:  device     power    dh/dT     epol     eta
                  kW      J/kg K                
     fan 2 -21  -1444.9   1006.1   0.9585   0.9578
     LPC 19-25  -2018.2   1010.6   0.9200   0.9040
     HPC 25-3   -2595.9   1036.3   0.8900   0.8708
     HPT 41-45   2654.3   1139.4   0.9098   0.9186
     LPT 45-49   3531.6   1087.7   0.8713   0.8939

 D4:  loc   T       p       M       u        A     Fsp    eta_p
            K      kPa             m/s      m^2
      0    265.8   66.14  0.5206  170.10  1.0314  0.0802
      2    274.7   71.29  0.3155  104.93  1.6015

      25   405.2  257.14  0.4777  192.56  0.0305

      5    545.0   66.14  0.3388  157.30  0.1973
      6    545.0   66.14  0.3388  157.30  0.1973 -0.0063  1.0391

      7    270.5   66.14  0.6097  201.21  0.8076
      8    270.5   66.14  0.6097  201.21  0.8076  0.0865  0.9162

      9                             0.00  0.0000  0.0000  2.0000

 - - - - - - - - - - - - - - - - - - - - - - - - - - - - -
 D5:  Descent5...         

 D5: alt.   =      0. ft
 D5: dyn.pr.=   63.70 psf
 D5: VTAS   =  231.45 ft/s
 D5: W/WMTO = 0.83329
 D5: Mach   =  0.2074
 D5: L/D    =  20.060
 D5: gamV   =-2.50000 deg
 D5: e      =  0.8456
 D5: CL     =  1.4148
 D5: CD     = 0.07053
 D5: CDi    = 0.04784
 D5: CDfuse = 0.00866
 D5: CDwing = 0.01049
 D5: CDover = 0.00000
 D5: CDhtail= 0.00227
 D5: CDvtail= 0.00089
 D5: CDnace = 0.00071
 D5: CDstrut= 0.00000
 D5: Mperp  =  0.2019
 D5: clpo   =  1.5229
 D5: clps   =  1.5742
 D5: clpt   =  1.1307
 D5: fduo   =  0.0340
 D5: fdus   =  0.0170
 D5: fdut   =  0.0040
 D5: cdpw   = 0.00350
 D5: cdfw   = 0.00850
 D5: cdw    = 0.01200
 D5: Clh    = -0.3092
 D5: ClhSh/S= -0.0605
 D5: CMwing = -8.8656
 D5: CMfuse =  0.2835
 D5: CMtail =  0.6410
 D5: cmpo   = -0.4000
 D5: cmps   = -0.4000
 D5: cmpt   = -0.0900
 D5: dh/dR  =-0.04366
 D5: xCG    =   58.40 ft
 D5: xNP    =   63.68 ft
 D5: S.M.   =   0.508
 D5: Wbuoy  =     0.0 lb
 D5: Lwing  =   87.25 %
 D5: Lfuse  =   17.03 %
 D5: Ltail  =   -4.28 %

 D5: BPR    =   8.2083    
 D5: FPR    =   1.0383    
 D5: OPR    =   6.0144    
 D5: pilc   =   1.8643    
 D5: pihc   =   3.2261    
 D5: 1/piht =   2.3958    
 D5: 1/pilt =   2.1210    
 D5: pid    =  0.99500    
 D5: pib    =  0.94000    
 D5: pifn   =  0.98500    
 D5: pitn   =  0.99500    
 D5: N1     =  0.33575    
 D5: N2     =  0.79842    
 D5: Nlc_c% =   30.475    
 D5: Nhc_c% =   90.763    
 D5: Nht_c% =   103.78    
 D5: Nlt_c% =   44.171    
 D5: mlc_c% =   25.053    
 D5: mhc_c% =   84.240    
 D5: mht_c% =   100.00    
 D5: mlt_c% =   100.00    
 D5: mf_c%  =   28.196    
 D5: epf    =  0.96555    
 D5: eplc   =  0.92000    
 D5: ephc   =  0.89000    
 D5: epht   =  0.90979    
 D5: eplt   =  0.80000    
 D5: etab   =  0.98500    
 D5: fo     =  0.98244E-01
 D5: ffbar  =  0.86255E-02
 D5: ff     =  0.64235E-02
 D5: fc     =  0.15704    
 D5: epsrow =  0.11780      0.41375E-01  0.19413E-02
 D5: Tmrow  =   715.55       642.12       602.58    

 D5: Fsp    =  0.32024E-01
 D5: Feng   =   1.5447     kN
 D5: FengA  =   1.0001     kN
 D5: mcore  =   9.9721     kg/s
 D5: mcool  =   1.5660     kg/s
 D5: mfuel  =  0.64056E-01 kg/s
 D5: mofft  =  0.97969     kg/s
 D5: Pofft  =   33.276     kW
 D5: PK     =   117.92     kW
 D5: Phijet =   9.3000     kW
 D5: Phiinl =   38.408     kW
 D5: Kinl   =   40.386     kW
 D5: etap   =  0.92383    
 D5: TSFC   =   1.4645     1/hr
 D5: hfuel  =   43.906     MJ/kg

 D5:  loc     Tt      pt       cpt       R    cpt/(cpt-R)
              K       kPa     J/kg K   J/kg K
       0     290.5   104.40   1006.2    287.5   1.4000
       2     290.5   103.27   1006.2    287.5   1.4000
       21    293.7   107.22   1006.3    287.6   1.3999
       7     293.7   105.61   1006.3    287.5   1.3999

       0     290.5   104.40   1006.2    287.5   1.4000
       18    290.5   103.87   1006.2    287.6   1.4000
       19    290.5   103.87   1006.2    287.6   1.4000
       25    352.4   193.65   1010.0    287.6   1.3979
       3     510.7   624.74   1033.7    287.5   1.3853
       4     845.9   587.25   1126.6    287.7   1.3429
       41    794.4   525.81   1111.7    287.6   1.3490
       45    644.5   219.47   1074.6    287.6   1.3655
       49    547.6   103.48   1051.8    287.6   1.3764
       5     547.6   102.96   1051.8    287.6   1.3764

 D5:  device     power    dh/dT     epol     eta
                  kW      J/kg K                
     fan 2 -21   -267.6   1006.4   0.9656   0.9654
     LPC 19-25   -621.9   1007.9   0.9200   0.9127
     HPC 25-3   -1452.5   1020.3   0.8900   0.8710
     HPT 41-45   1485.2   1093.3   0.9098   0.9190
     LPT 45-49    932.2   1063.0   0.8000   0.8160

 D5:  loc   T       p       M       u        A     Fsp    eta_p
            K      kPa             m/s      m^2
      0    288.0  101.32  0.2074   70.52  1.0617  0.0320
      2    289.4  101.92  0.1371   46.77  1.6015

      25   337.8  166.98  0.4652  171.43  0.0305

      5    545.2  101.32  0.1529   71.04  0.1973
      6    545.2  101.32  0.1529   71.04  0.1973 -0.0019  0.9963

      7    290.3  101.32  0.2442   83.47  0.8076
      8    290.3  101.32  0.2442   83.47  0.8076  0.0339  0.9159

      9                             0.00  0.0000  0.0000  2.0000

 - - - - - - - - - - - - - - - - - - - - - - - - - - - - -
