
 =============================================================
 TASOPT v 2.16

 -----------------------------------------------------------
 Config:  777-300ER                                                       

 Case:  Baseline technology                                             
     :  Aluminum, turbulent wing                                        

 Airfoil database used:  ../../air/C.air 
 Airfoil database used:  ../../air/C.air 

 -----------------------------------------------------------
 Fleet PFEI =  7.4917 KJ/kg-km

 -----------------------------------------------------------
 Airframe parameters...

 Wempty  + 309230.9  lb
 Wpay    + 103541.4  lb
 Wfuel   + 212236.0  lb
 (max)     350699.1  lb
 WMTO    = 625008.3  lb

 Whpesys +   6250.1  lb
 Wlgnose +   6250.1  lb
 Wlgmain +  25000.3  lb
 Wtotadd =  37500.5  lb

 Wfix    +   3001.2  lb
 Wapu    +   3623.9  lb
 Wpadd   +  36239.5  lb
 Wshell  +  21233.2  lb
 Wcone   +   3238.3  lb
 Whbend  +   9830.4  lb
 Wvbend  +   3076.1  lb
 Wwindow +   1649.3  lb
 Winsul  +   5891.5  lb
 Wfloor  +   9288.8  lb
 Wseat   +  10354.1  lb
 Wfuse   = 107426.3  lb

 Wcap    +  57524.5  lb
 Wweb    +   3371.2  lb
 Wflap   +  12179.1  lb
 Wslat   +   6089.6  lb
 Waile   +   2435.8  lb
 Wlete   +   6089.6  lb
 Wribs   +   9134.4  lb
 Wspoi   +   1217.9  lb
 Wwatt   +   1826.9  lb
 Wwing   =  99869.0  lb

 Wstrut  =      0.0  lb
 Whtail  =   5844.6  lb
 Wvtail  =   4872.7  lb

 Webare  +  37232.5  lb
 Weadd   +   3723.2  lb
 Wnace   +  10204.1  lb
 Wpylon  +   2558.0  lb
 Weng    =  53717.8  lb

 ifwcen  =   1

 neng    =       2
 dfan    =  118.832  in
 lnace   =   17.825  ft
 Snace/S =   0.3997

 w/c     =   0.500
 ho/c    =  0.1447
 hs/c    =  0.1395
 tcapo/c = 0.00270
 tcaps/c = 0.00342
 twebo/c = 0.00068
 twebs/c = 0.00100
 tcapo   = 1.02697  in  
 tcaps   = 1.01633  in  
 tcapt   = 0.22802  in  
 twebo   = 0.26042  in  
 twebs   = 0.29760  in  
 twebt   = 0.06677  in  
 So_max  = 430720.0  lb  
 Ss_max  = 370236.6  lb  
 Mo_max  =18450818. ft-lb
 Ms_max  =10574591. ft-lb

 Nlift   =   3.000
 Nland   =   6.000
 Vne     =   279.8 kt

 xnose   =    8.00  ft 
 xend    =  245.00  ft 
 xLEw    =   97.76  ft 
 xLEh    =  216.39  ft 
 xLEv    =  201.64  ft 

 xwing   =  131.02  ft 
 xhtail  =  231.11  ft 
 xvtail  =  220.09  ft 

 xblend1 =   40.00  ft 
 xblend2 =  171.00  ft 

 xshell1 =   38.00  ft 
 xshell2 =  204.00  ft 
 xhbend  =  194.73  ft 
 xvbend  =  183.17  ft 
 xwbox   =  112.84  ft 
 xhbox   =  225.00  ft 
 xvbox   =  212.00  ft 

 xfix    =   10.00  ft 
 xLGnose =   28.00  ft 
 xLGmain =  132.28  ft 
 xapu    =  232.00  ft 
 xhpesys =  125.00  ft 

 xeng    =  102.00  ft 
 yeng    =   32.00  ft 

 rpayfwd =    0.48
 rpayaft =    0.45
 xCGfwd  =  117.31  ft 
 xCGaft  =  129.28  ft 
 xNP     =  133.27  ft 
 mac     =  27.393  ft 
 S.M.fwd =   0.583
 S.M.aft =   0.146

 deps/da =   0.600
 dCLn/da =   3.800

 dCLh/dCL=   0.325
 dCLn/dCL=   0.368

 deltap  =   8.143  psi
 tskin   =   0.066  in  
 tfweb   =   0.000  in  
 tcone   =   0.042  in  
 tfloor  =   0.039  in  
 hfloor  =    8.00  in  
 Rfuse   = 122.000  in  
 dRfuse  =   0.000  in  
 wfb     =   0.000  in  
 cabVol  = 62642.0  ft^3

 AR      =  8.4550
 sweep   =  32.583
 lambdas =  0.7800
 lambdat =  0.1750
 co      =  37.682  ft  
 cs      =  29.392  ft  
 ct      =   6.594  ft  
 bo      =  20.000  ft  
 bs      =  63.274  ft  
 b       = 197.733  ft  
 S       = 4624.26  ft^2

 cstrut  =   0.000  ft  

 ARh     =  4.8000
 lambdah =  0.3200
 coh     =   21.54  ft  
 bh      =   68.23  ft  
 Sh      =  969.73  ft^2
 Sh/S    =   0.210
 Vh      =   0.766
 CLhCGfwd=  -1.000

 ARv     =  2.3500
 lambdav =  0.2500
 cov     =   25.90  ft  
 bv      =   38.04  ft  
 Sv      =  615.92  ft^2
 Sv/S    =   0.133
 Vv      =   0.060
 CLveout =   0.943

 xwing   =  131.02  ft 


 =============================================================
 Fleet mission   1

 wOpt = 1.00000

 -----------------------------------------------------------
 Cruise performance...

 Range =   6000. nmi
 M_CR  =  0.8400
 h_CR1 =  31.977 kft
 h_CR2 =  39.723 kft
 Wf/W  =  0.32340
 L/D   =  18.516
 PFEI  =  7.4917 KJ/kg-km

 -----------------------------------------------------------
 Takeoff performance...

 F_TO =185410.2 lb
 V_1  =  158.20 kt
 V_2  =  169.96 kt
 CL2  =  1.3805
 l_1  =  5193.0 ft
 l_BF =  7999.1 ft
 l_TO =  6131.3 ft
 tan(gam)_BF =   2.26 %
 tan(gam)_TO =  15.41 %
 tan(gam)_CB =   5.24 %

  - - - - - - - - - - - - - - - - - - - - - - - - - - - - -
 Noise...

    x [m]   z [m]     dB
   4631.2     0.0   91.108  sideline
    718.6   603.0   80.012  cutback
     -0.0   640.6   81.554  flyover

 -----------------------------------------------------------
 Mission profile summary...

           R        h        t       VTAS     Mach    CL     L/D'    W/WMTO   W/WTO     Tt4     M2     mdotf    TSFC'     gamma
         [nmi]     [ft]     [hr]     [kt]                                               [K]            [kg/s]  [1/hr]     [deg]
 ST:     -1.01      0.0  -0.0113     0.00  0.00000  0.0000   0.000  1.00101  1.00101  1860.0  0.6601   6.9951  0.29953    0.000
 TO:      0.00      0.0   0.0000   169.96  0.25709  1.3805  13.650  1.00000  1.00000  1860.0  0.6599   7.1604  0.39600    9.052
 CB:      0.00      0.0   0.0000   169.96  0.25709  1.3805  13.650  1.00000  1.00000  1555.4  0.4613   3.8690  0.39162    3.000
 B1:      0.00      0.0   0.0000   169.15  0.25586  1.3805  13.649  1.00000  1.00000  1806.0  0.6196   6.4972  0.39223    7.924
 B2:     15.60   7994.2   0.0705   326.68  0.50814  0.4702  19.921  0.99440  0.99440  1806.0  0.6688   5.7900  0.48758    5.853
 B3:     33.24  15988.5   0.1215   371.98  0.59619  0.4702  19.707  0.99092  0.99092  1806.0  0.7233   4.8969  0.50891    4.164
 B4:     60.40  23982.8   0.1900   426.14  0.70511  0.4702  19.370  0.98698  0.98698  1806.0  0.7832   4.1101  0.53432    2.705
 B5:    107.98  31977.0   0.2943   490.76  0.84008  0.4702  18.828  0.98194  0.98194  1806.0  0.8430   3.4572  0.56205    1.501
 C1:    107.98  31977.0   0.2943   490.71  0.84000  0.4702  18.516  0.98194  0.98194  1590.0  0.6500   2.3792  0.56581    0.013
 C2:   5850.37  39723.4  12.1058   481.71  0.84000  0.4702  18.115  0.68201  0.68201  1555.0  0.6548   1.6610  0.55517    0.013
 D1:   5850.37  39723.4  12.1058   489.92  0.85432  0.4514  17.097  0.68201  0.68201  1248.1  0.4897   0.8175  0.64293   -2.000
 D2:   5887.82  31282.2  12.1830   481.25  0.82132  0.3312  15.902  0.68116  0.68116  1185.2  0.4537   0.9117  0.71710   -2.250
 D3:   5925.28  21847.9  12.2628   459.32  0.75341  0.2591  14.081  0.68012  0.68012  1190.7  0.4294   1.1322  0.77148   -2.500
 D4:   5962.74  11420.5  12.3500   404.25  0.63678  0.2351  13.204  0.67879  0.67879  1164.4  0.3831   1.2570  0.84964   -2.750
 D5:   6000.20      0.0  12.5305   139.78  0.21143  1.3805  12.923  0.67660  0.67660  1025.4  0.2053   0.8550  0.64303   -3.000

 -----------------------------------------------------------
 Aero, Engine parameters...

 - - - - - - - - - - - - - - - - - - - - - - - - - - - - -
 RO:  Rotation...

 RO: alt.   =      0. ft
 RO: dyn.pr.=   67.99 psf
 RO: VTAS   =  239.13 ft/s
 RO: W/WMTO = 1.00000
 RO: Mach   =  0.2142
 RO: L/D    =   0.000
 RO: gamV   = 0.00000 deg
 RO: e      =  1.0000
 RO: CL     =  0.0000
 RO: CD     = 0.01645
 RO: CDi    = 0.00000
 RO: CDfuse = 0.00532
 RO: CDwing = 0.00853
 RO: CDover = 0.00000
 RO: CDhtail= 0.00134
 RO: CDvtail= 0.00099
 RO: CDnace = 0.00028
 RO: CDstrut= 0.00000
 RO: Mperp  =  0.1805
 RO: clpo   =  0.0000
 RO: clps   =  0.0000
 RO: clpt   =  0.0000
 RO: fduo   =  0.0190
 RO: fdus   =  0.0140
 RO: fdut   =  0.0040
 RO: cdpw   = 0.00350
 RO: cdfw   = 0.00850
 RO: cdw    = 0.01200
 RO: Clh    =  0.0000
 RO: ClhSh/S=  0.0000
 RO: CMwing = -0.1019
 RO: CMfuse = -0.0109
 RO: CMtail =  0.0000
 RO: cmpo   = -0.3000
 RO: cmps   = -0.3000
 RO: cmpt   = -0.0500
 RO: dh/dR  = 0.00000
 RO: xCG    =  123.66 ft
 RO: xNP    =  132.24 ft
 RO: S.M.   =   0.313
 RO: Wbuoy  =     0.0 lb
 RO: Lwing  =    0.00 %
 RO: Lfuse  =    0.00 %
 RO: Ltail  =    0.00 %

 RO: BPR    =   8.4542    
 RO: FPR    =   1.6338    
 RO: OPR    =   45.006    
 RO: pilc   =   8.1329    
 RO: pihc   =   5.5338    
 RO: 1/piht =   2.7143    
 RO: 1/pilt =   11.525    
 RO: pid    =  0.99500    
 RO: pib    =  0.94000    
 RO: pifn   =  0.98500    
 RO: pitn   =  0.99500    
 RO: N1     =   1.0829    
 RO: N2     =   1.0842    
 RO: Nlc_c% =   101.75    
 RO: Nhc_c% =   101.81    
 RO: Nht_c% =   100.29    
 RO: Nlt_c% =   99.810    
 RO: mlc_c% =   102.39    
 RO: mhc_c% =   103.55    
 RO: mht_c% =   100.00    
 RO: mlt_c% =   100.00    
 RO: mf_c%  =   100.63    
 RO: epf    =  0.90355    
 RO: eplc   =  0.90000    
 RO: ephc   =  0.89000    
 RO: epht   =  0.90000    
 RO: eplt   =  0.89645    
 RO: etab   =  0.98500    
 RO: fo     =  0.19926E-01
 RO: ffbar  =  0.28615E-01
 RO: ff     =  0.23577E-01
 RO: fc     =  0.15613    
 RO: epsrow =  0.11195      0.41994E-01  0.53589E-02
 RO: Tmrow  =   1350.0       1350.0       1350.0    

 RO: Fsp    =  0.68354    
 RO: Feng   =   331.39     kN
 RO: FengA  =   331.39     kN
 RO: mcore  =   150.78     kg/s
 RO: mcool  =   23.542     kg/s
 RO: mfuel  =   3.5551     kg/s
 RO: mofft  =   3.0045     kg/s
 RO: Pofft  =   115.85     kW
 RO: PK     =   62678.     kW
 RO: Phijet =   38552.     kW
 RO: Phiinl =   0.0000     kW
 RO: Kinl   =   0.0000     kW
 RO: etap   =  0.38522    
 RO: TSFC   =  0.37887     1/hr
 RO: hfuel  =   42.213     MJ/kg

 RO:  loc     Tt      pt       cpt       R    cpt/(cpt-R)
              K       kPa     J/kg K   J/kg K
       0     290.6   104.60   1006.2    287.5   1.4000
       2     290.6   104.08   1006.2    287.5   1.4000
       21    339.4   170.05   1009.0    288.0   1.3984
       7     339.4   167.50   1009.0    287.5   1.3984

       0     290.6   104.60   1006.2    287.5   1.4000
       18    290.6   104.08   1006.2    288.0   1.4000
       19    290.6   104.08   1006.2    288.0   1.4000
       25    560.7   846.49   1044.4    288.0   1.3798
       3     933.4  4684.31   1130.5    287.5   1.3410
       4    1860.0  4403.25   1318.3    288.1   1.2797
       41   1727.3  4018.21   1295.2    288.0   1.2860
       45   1410.7  1480.37   1259.9    288.0   1.2964
       49    836.2   128.45   1151.3    288.0   1.3336
       5     836.2   127.80   1151.3    288.0   1.3336

 RO:  device     power    dh/dT     epol     eta
                  kW      J/kg K                
     fan 2 -21 -62601.2   1007.5   0.9035   0.8967
     LPC 19-25 -41571.6   1020.9   0.9000   0.8681
     HPC 25-3  -59927.9   1088.0   0.8900   0.8638
     HPT 41-45  61276.0   1278.7   0.9000   0.9099
     LPT 45-49 105342.1   1211.8   0.8965   0.9218

 RO:  loc   T       p       M       u        A     Fsp    eta_p
            K      kPa             m/s      m^2
      0    288.0  101.32  0.2142   72.86 15.9534  0.6835
      2    267.3   77.68  0.6602  216.60  6.5113

      25   520.0  644.57  0.6395  290.92  0.1178

      5    788.8  101.32  0.5978  329.65  1.0293
      6    788.8  101.32  0.5978  329.65  1.0293  0.0802  0.3620

      7    294.0  101.32  0.8788  302.30  3.5180
      8    294.0  101.32  0.8788  302.30  3.5180  0.6033  0.3884

      9                             0.00  0.0000  0.0000  2.0000

 - - - - - - - - - - - - - - - - - - - - - - - - - - - - -
 TO:  Takeoff...

 TO: alt.   =      0. ft
 TO: dyn.pr.=   97.90 psf
 TO: VTAS   =  286.95 ft/s
 TO: W/WMTO = 1.00000
 TO: Mach   =  0.2571
 TO: L/D    =  13.650
 TO: gamV   = 9.05248 deg
 TO: e      =  0.8443
 TO: CL     =  1.3805
 TO: CD     = 0.10114
 TO: CDi    = 0.08499
 TO: CDfuse = 0.00532
 TO: CDwing = 0.00830
 TO: CDover = 0.00000
 TO: CDhtail= 0.00130
 TO: CDvtail= 0.00096
 TO: CDnace = 0.00027
 TO: CDstrut= 0.00000
 TO: Mperp  =  0.2166
 TO: clpo   =  2.0312
 TO: clps   =  2.2564
 TO: clpt   =  1.2554
 TO: fduo   =  0.0190
 TO: fdus   =  0.0140
 TO: fdut   =  0.0040
 TO: cdpw   = 0.00350
 TO: cdfw   = 0.00850
 TO: cdw    = 0.01200
 TO: Clh    = -0.3337
 TO: ClhSh/S= -0.0700
 TO: CMwing = -6.8889
 TO: CMfuse =  0.0705
 TO: CMtail =  0.5864
 TO: cmpo   = -0.3000
 TO: cmps   = -0.3000
 TO: cmpt   = -0.0500
 TO: dh/dR  = 0.15932
 TO: xCG    =  123.66 ft
 TO: xNP    =  132.24 ft
 TO: S.M.   =   0.313
 TO: Wbuoy  =     0.0 lb
 TO: Lwing  =   92.69 %
 TO: Lfuse  =   12.37 %
 TO: Ltail  =   -5.07 %

 TO: BPR    =   8.4802    
 TO: FPR    =   1.6295    
 TO: OPR    =   44.796    
 TO: pilc   =   8.1349    
 TO: pihc   =   5.5067    
 TO: 1/piht =   2.7143    
 TO: 1/pilt =   11.589    
 TO: pid    =  0.99500    
 TO: pib    =  0.94000    
 TO: pifn   =  0.98500    
 TO: pitn   =  0.99500    
 TO: N1     =   1.0833    
 TO: N2     =   1.0845    
 TO: Nlc_c% =   101.59    
 TO: Nhc_c% =   101.64    
 TO: Nht_c% =   100.31    
 TO: Nlt_c% =   99.838    
 TO: mlc_c% =   102.09    
 TO: mhc_c% =   103.23    
 TO: mht_c% =   100.00    
 TO: mlt_c% =   100.00    
 TO: mf_c%  =   100.64    
 TO: epf    =  0.90387    
 TO: eplc   =  0.90000    
 TO: ephc   =  0.89000    
 TO: epht   =  0.90000    
 TO: eplt   =  0.89667    
 TO: etab   =  0.98500    
 TO: fo     =  0.19748E-01
 TO: ffbar  =  0.28554E-01
 TO: ff     =  0.23532E-01
 TO: fc     =  0.15613    
 TO: epsrow =  0.11195      0.41994E-01  0.53589E-02
 TO: Tmrow  =   1351.3       1350.8       1350.3    

 TO: Fsp    =  0.65091    
 TO: Feng   =   319.29     kN
 TO: FengA  =   319.29     kN
 TO: mcore  =   152.14     kg/s
 TO: mcool  =   23.754     kg/s
 TO: mfuel  =   3.5802     kg/s
 TO: mofft  =   3.0045     kg/s
 TO: Pofft  =   115.85     kW
 TO: PK     =   63261.     kW
 TO: Phijet =   35372.     kW
 TO: Phiinl =   0.0000     kW
 TO: Kinl   =   0.0000     kW
 TO: etap   =  0.44128    
 TO: TSFC   =  0.39600     1/hr
 TO: hfuel  =   42.213     MJ/kg

 TO:  loc     Tt      pt       cpt       R    cpt/(cpt-R)
              K       kPa     J/kg K   J/kg K
       0     291.8   106.07   1006.2    287.5   1.4000
       2     291.8   105.54   1006.2    287.5   1.4000
       21    340.4   171.99   1009.1    288.0   1.3984
       7     340.4   169.41   1009.1    287.5   1.3984

       0     291.8   106.07   1006.2    287.5   1.4000
       18    291.8   105.54   1006.2    288.0   1.4000
       19    291.8   105.54   1006.2    288.0   1.4000
       25    562.9   858.59   1044.9    288.0   1.3795
       3     935.5  4727.95   1130.9    287.5   1.3408
       4    1860.0  4444.27   1318.1    288.1   1.2797
       41   1727.6  4055.27   1295.1    288.0   1.2860
       45   1410.9  1494.01   1259.8    288.0   1.2964
       49    835.2   128.91   1150.9    288.0   1.3338
       5     835.2   128.27   1150.9    288.0   1.3338

 TO:  device     power    dh/dT     epol     eta
                  kW      J/kg K                
     fan 2 -21 -63221.1   1007.5   0.9039   0.8971
     LPC 19-25 -42117.9   1021.2   0.9000   0.8681
     HPC 25-3  -60485.0   1088.5   0.8900   0.8639
     HPT 41-45  61845.6   1278.7   0.9000   0.9099
     LPT 45-49 106520.0   1211.6   0.8967   0.9220

 TO:  loc   T       p       M       u        A     Fsp    eta_p
            K      kPa             m/s      m^2
      0    288.0  101.32  0.2571   87.43 13.4511  0.6509
      2    268.4   78.79  0.6599  216.94  6.5113

      25   522.5  655.67  0.6360  290.00  0.1178

      5    787.1  101.32  0.6026  331.93  1.0293
      6    787.1  101.32  0.6026  331.93  1.0293  0.0762  0.4170

      7    294.0  101.32  0.8894  305.92  3.5180
      8    294.0  101.32  0.8894  305.92  3.5180  0.5747  0.4445

      9                             0.00  0.0000  0.0000  2.0000

 - - - - - - - - - - - - - - - - - - - - - - - - - - - - -
 CB:  Cutback...

 CB: alt.   =      0. ft
 CB: dyn.pr.=   97.90 psf
 CB: VTAS   =  286.95 ft/s
 CB: W/WMTO = 1.00000
 CB: Mach   =  0.2571
 CB: L/D    =  13.650
 CB: gamV   = 3.00000 deg
 CB: e      =  0.8443
 CB: CL     =  1.3805
 CB: CD     = 0.10114
 CB: CDi    = 0.08499
 CB: CDfuse = 0.00532
 CB: CDwing = 0.00830
 CB: CDover = 0.00000
 CB: CDhtail= 0.00130
 CB: CDvtail= 0.00096
 CB: CDnace = 0.00027
 CB: CDstrut= 0.00000
 CB: Mperp  =  0.2166
 CB: clpo   =  2.0312
 CB: clps   =  2.2564
 CB: clpt   =  1.2554
 CB: fduo   =  0.0190
 CB: fdus   =  0.0140
 CB: fdut   =  0.0040
 CB: cdpw   = 0.00350
 CB: cdfw   = 0.00850
 CB: cdw    = 0.01200
 CB: Clh    = -0.3337
 CB: ClhSh/S= -0.0700
 CB: CMwing = -6.8889
 CB: CMfuse =  0.0705
 CB: CMtail =  0.5864
 CB: cmpo   = -0.3000
 CB: cmps   = -0.3000
 CB: cmpt   = -0.0500
 CB: dh/dR  = 0.05241
 CB: xCG    =  123.66 ft
 CB: xNP    =  132.24 ft
 CB: S.M.   =   0.313
 CB: Wbuoy  =     0.0 lb
 CB: Lwing  =   92.69 %
 CB: Lfuse  =   12.37 %
 CB: Ltail  =   -5.07 %

 CB: BPR    =   9.2575    
 CB: FPR    =   1.3620    
 CB: OPR    =   29.769    
 CB: pilc   =   6.1436    
 CB: pihc   =   4.8455    
 CB: 1/piht =   2.7259    
 CB: 1/pilt =   8.6347    
 CB: pid    =  0.99500    
 CB: pib    =  0.94000    
 CB: pifn   =  0.98500    
 CB: pitn   =  0.99500    
 CB: N1     =  0.86875    
 CB: N2     =  0.99530    
 CB: Nlc_c% =   81.467    
 CB: Nhc_c% =   97.389    
 CB: Nht_c% =   100.49    
 CB: Nlt_c% =   87.766    
 CB: mlc_c% =   74.766    
 CB: mhc_c% =   95.174    
 CB: mht_c% =   100.00    
 CB: mlt_c% =   100.00    
 CB: mf_c%  =   80.463    
 CB: epf    =  0.92448    
 CB: eplc   =  0.90000    
 CB: ephc   =  0.89000    
 CB: epht   =  0.90000    
 CB: eplt   =  0.87663    
 CB: etab   =  0.98500    
 CB: fo     =  0.26964E-01
 CB: ffbar  =  0.21253E-01
 CB: ff     =  0.17361E-01
 CB: fc     =  0.15613    
 CB: epsrow =  0.11195      0.41994E-01  0.53589E-02
 CB: Tmrow  =   1173.6       1145.1       1125.9    

 CB: Fsp    =  0.44881    
 CB: Feng   =   174.45     kN
 CB: FengA  =   174.45     kN
 CB: mcore  =   111.42     kg/s
 CB: mcool  =   17.397     kg/s
 CB: mfuel  =   1.9345     kg/s
 CB: mofft  =   3.0045     kg/s
 CB: Pofft  =   115.85     kW
 CB: PK     =   28622.     kW
 CB: Phijet =   13384.     kW
 CB: Phiinl =   0.0000     kW
 CB: Kinl   =   0.0000     kW
 CB: etap   =  0.53291    
 CB: TSFC   =  0.39162     1/hr
 CB: hfuel  =   42.699     MJ/kg

 CB:  loc     Tt      pt       cpt       R    cpt/(cpt-R)
              K       kPa     J/kg K   J/kg K
       0     291.8   106.07   1006.2    287.5   1.4000
       2     291.8   105.54   1006.2    287.5   1.4000
       21    321.0   143.75   1007.8    287.9   1.3991
       7     321.0   141.59   1007.8    287.5   1.3991

       0     291.8   106.07   1006.2    287.5   1.4000
       18    291.8   105.54   1006.2    287.9   1.4000
       19    291.8   105.54   1006.2    287.9   1.4000
       25    516.4   648.42   1034.8    287.9   1.3847
       3     832.2  3141.91   1108.2    287.5   1.3503
       4    1555.4  2953.39   1271.2    288.0   1.2929
       41   1449.9  2684.55   1250.7    287.9   1.2990
       45   1174.1   984.84   1211.2    287.9   1.3118
       49    735.4   114.06   1115.0    287.9   1.3481
       5     735.4   113.49   1115.0    287.9   1.3481

 CB:  device     power    dh/dT     epol     eta
                  kW      J/kg K                
     fan 2 -21 -30344.2   1007.0   0.9245   0.9211
     LPC 19-25 -25456.7   1017.3   0.9000   0.8725
     HPC 25-3  -36673.9   1071.0   0.8900   0.8655
     HPT 41-45  37498.9   1232.1   0.9000   0.9103
     LPT 45-49  56481.6   1166.6   0.8766   0.9039

 CB:  loc   T       p       M       u        A     Fsp    eta_p
            K      kPa             m/s      m^2
      0    288.0  101.32  0.2571   87.43 10.6590  0.4488
      2    279.9   91.22  0.4613  154.83  6.5113

      25   487.4  526.86  0.5550  244.73  0.1178

      5    714.1  101.32  0.4129  217.52  1.0293
      6    714.1  101.32  0.4129  217.52  1.0293  0.0367  0.5734

      7    291.8  101.32  0.7083  242.73  3.5180
      8    291.8  101.32  0.7083  242.73  3.5180  0.4121  0.5296

      9                             0.00  0.0000  0.0000  2.0000

 - - - - - - - - - - - - - - - - - - - - - - - - - - - - -
 B1:  Climb1...           

 B1: alt.   =      0. ft
 B1: dyn.pr.=   96.97 psf
 B1: VTAS   =  285.58 ft/s
 B1: W/WMTO = 1.00000
 B1: Mach   =  0.2559
 B1: L/D    =  13.649
 B1: gamV   = 7.92355 deg
 B1: e      =  0.8443
 B1: CL     =  1.3805
 B1: CD     = 0.10115
 B1: CDi    = 0.08499
 B1: CDfuse = 0.00532
 B1: CDwing = 0.00830
 B1: CDover = 0.00000
 B1: CDhtail= 0.00130
 B1: CDvtail= 0.00096
 B1: CDnace = 0.00027
 B1: CDstrut= 0.00000
 B1: Mperp  =  0.2156
 B1: clpo   =  2.0312
 B1: clps   =  2.2564
 B1: clpt   =  1.2554
 B1: fduo   =  0.0190
 B1: fdus   =  0.0140
 B1: fdut   =  0.0040
 B1: cdpw   = 0.00350
 B1: cdfw   = 0.00850
 B1: cdw    = 0.01200
 B1: Clh    = -0.3337
 B1: ClhSh/S= -0.0700
 B1: CMwing = -6.8889
 B1: CMfuse =  0.0705
 B1: CMtail =  0.5864
 B1: cmpo   = -0.3000
 B1: cmps   = -0.3000
 B1: cmpt   = -0.0500
 B1: dh/dR  = 0.13918
 B1: xCG    =  123.66 ft
 B1: xNP    =  132.24 ft
 B1: S.M.   =   0.313
 B1: Wbuoy  =     0.0 lb
 B1: Lwing  =   92.69 %
 B1: Lfuse  =   12.37 %
 B1: Ltail  =   -5.07 %

 B1: BPR    =   8.5850    
 B1: FPR    =   1.5791    
 B1: OPR    =   42.137    
 B1: pilc   =   7.8541    
 B1: pihc   =   5.3650    
 B1: 1/piht =   2.7162    
 B1: 1/pilt =   11.155    
 B1: pid    =  0.99500    
 B1: pib    =  0.94000    
 B1: pifn   =  0.98500    
 B1: pitn   =  0.99500    
 B1: N1     =   1.0476    
 B1: N2     =   1.0693    
 B1: Nlc_c% =   98.243    
 B1: Nhc_c% =   100.76    
 B1: Nht_c% =   100.34    
 B1: Nlt_c% =   98.014    
 B1: mlc_c% =   97.550    
 B1: mhc_c% =   101.52    
 B1: mht_c% =   100.00    
 B1: mlt_c% =   100.00    
 B1: mf_c%  =   97.357    
 B1: epf    =  0.90776    
 B1: eplc   =  0.90000    
 B1: ephc   =  0.89000    
 B1: epht   =  0.90000    
 B1: eplt   =  0.89498    
 B1: etab   =  0.98500    
 B1: fo     =  0.20674E-01
 B1: ffbar  =  0.27155E-01
 B1: ff     =  0.22354E-01
 B1: fc     =  0.15613    
 B1: epsrow =  0.11195      0.41994E-01  0.53589E-02
 B1: Tmrow  =   1321.1       1315.1       1310.7    

 B1: Fsp    =  0.61745    
 B1: Feng   =   292.50     kN
 B1: FengA  =   292.50     kN
 B1: mcore  =   145.33     kg/s
 B1: mcool  =   22.690     kg/s
 B1: mfuel  =   3.2486     kg/s
 B1: mofft  =   3.0045     kg/s
 B1: Pofft  =   115.85     kW
 B1: PK     =   56155.     kW
 B1: Phijet =   30728.     kW
 B1: Phiinl =   0.0000     kW
 B1: Kinl   =   0.0000     kW
 B1: etap   =  0.45324    
 B1: TSFC   =  0.39223     1/hr
 B1: hfuel  =   42.300     MJ/kg

 B1:  loc     Tt      pt       cpt       R    cpt/(cpt-R)
              K       kPa     J/kg K   J/kg K
       0     291.8   106.03   1006.2    287.5   1.4000
       2     291.8   105.50   1006.2    287.5   1.4000
       21    336.8   166.59   1008.8    288.0   1.3985
       7     336.8   164.09   1008.8    287.5   1.3985

       0     291.8   106.03   1006.2    287.5   1.4000
       18    291.8   105.50   1006.2    288.0   1.4000
       19    291.8   105.50   1006.2    288.0   1.4000
       25    556.8   828.59   1043.6    288.0   1.3802
       3     919.3  4445.33   1127.6    287.5   1.3422
       4    1806.0  4178.61   1310.0    288.1   1.2819
       41   1678.5  3810.18   1287.6    288.0   1.2881
       45   1368.9  1402.74   1251.8    288.0   1.2988
       49    815.0   125.75   1143.7    288.0   1.3366
       5     815.0   125.12   1143.7    288.0   1.3366

 B1:  device     power    dh/dT     epol     eta
                  kW      J/kg K                
     fan 2 -21 -56637.5   1007.4   0.9078   0.9017
     LPC 19-25 -39312.9   1020.6   0.9000   0.8687
     HPC 25-3  -56015.1   1085.9   0.8900   0.8642
     HPT 41-45  57275.1   1270.7   0.9000   0.9099
     LPT 45-49  97036.6   1203.5   0.8950   0.9205

 B1:  loc   T       p       M       u        A     Fsp    eta_p
            K      kPa             m/s      m^2
      0    288.0  101.32  0.2559   87.01 13.0529  0.6175
      2    270.9   81.43  0.6196  204.63  6.5113

      25   518.9  642.30  0.6174  280.59  0.1178

      5    772.6  101.32  0.5686  310.58  1.0293
      6    772.6  101.32  0.5686  310.58  1.0293  0.0687  0.4377

      7    293.5  101.32  0.8593  295.36  3.5180
      8    293.5  101.32  0.8593  295.36  3.5180  0.5487  0.4551

      9                             0.00  0.0000  0.0000  2.0000

 - - - - - - - - - - - - - - - - - - - - - - - - - - - - -
 B2:  Climb2...           

 B2: alt.   =   7994. ft
 B2: dyn.pr.=  283.95 psf
 B2: VTAS   =  551.36 ft/s
 B2: W/WMTO = 0.99440
 B2: Mach   =  0.5081
 B2: L/D    =  19.921
 B2: gamV   = 5.85260 deg
 B2: e      =  0.8838
 B2: CL     =  0.4702
 B2: CD     = 0.02360
 B2: CDi    = 0.00942
 B2: CDfuse = 0.00532
 B2: CDwing = 0.00609
 B2: CDover = 0.00000
 B2: CDhtail= 0.00122
 B2: CDvtail= 0.00090
 B2: CDnace = 0.00066
 B2: CDstrut= 0.00000
 B2: Mperp  =  0.4282
 B2: clpo   =  0.6638
 B2: clps   =  0.7588
 B2: clpt   =  0.7019
 B2: fduo   =  0.0190
 B2: fdus   =  0.0140
 B2: fdut   =  0.0040
 B2: cdpw   = 0.00135
 B2: cdfw   = 0.00475
 B2: cdw    = 0.00609
 B2: Clh    = -0.1549
 B2: ClhSh/S= -0.0325
 B2: CMwing = -2.4114
 B2: CMfuse =  0.0168
 B2: CMtail =  0.2722
 B2: cmpo   = -0.1000
 B2: cmps   = -0.1000
 B2: cmpt   = -0.1000
 B2: dh/dR  = 0.10250
 B2: xCG    =  123.65 ft
 B2: xNP    =  133.27 ft
 B2: S.M.   =   0.351
 B2: Wbuoy  =  -207.0 lb
 B2: Lwing  =   95.04 %
 B2: Lfuse  =   11.87 %
 B2: Ltail  =   -6.91 %

 B2: BPR    =   8.5684    
 B2: FPR    =   1.6238    
 B2: OPR    =   44.282    
 B2: pilc   =   8.2097    
 B2: pihc   =   5.3938    
 B2: 1/piht =   2.7162    
 B2: 1/pilt =   12.389    
 B2: pid    =  0.99500    
 B2: pib    =  0.94000    
 B2: pifn   =  0.98500    
 B2: pitn   =  0.99500    
 B2: N1     =   1.0745    
 B2: N2     =   1.0689    
 B2: Nlc_c% =   101.71    
 B2: Nhc_c% =   100.94    
 B2: Nht_c% =   100.31    
 B2: Nlt_c% =   100.55    
 B2: mlc_c% =   101.85    
 B2: mhc_c% =   101.86    
 B2: mht_c% =   100.00    
 B2: mlt_c% =   100.00    
 B2: mf_c%  =   101.45    
 B2: epf    =  0.90432    
 B2: eplc   =  0.90000    
 B2: ephc   =  0.89000    
 B2: epht   =  0.90000    
 B2: eplt   =  0.89874    
 B2: etab   =  0.98500    
 B2: fo     =  0.23195E-01
 B2: ffbar  =  0.27234E-01
 B2: ff     =  0.22350E-01
 B2: fc     =  0.15613    
 B2: epsrow =  0.11195      0.41994E-01  0.53589E-02
 B2: Tmrow  =   1319.7       1314.2       1310.3    

 B2: Fsp    =  0.51156    
 B2: Feng   =   209.69     kN
 B2: FengA  =   209.69     kN
 B2: mcore  =   129.53     kg/s
 B2: mcool  =   20.224     kg/s
 B2: mfuel  =   2.8950     kg/s
 B2: mofft  =   3.0045     kg/s
 B2: Pofft  =   115.85     kW
 B2: PK     =   52966.     kW
 B2: Phijet =   17809.     kW
 B2: Phiinl =   0.0000     kW
 B2: Kinl   =   0.0000     kW
 B2: etap   =  0.66532    
 B2: TSFC   =  0.48758     1/hr
 B2: hfuel  =   42.301     MJ/kg

 B2:  loc     Tt      pt       cpt       R    cpt/(cpt-R)
              K       kPa     J/kg K   J/kg K
       0     286.4    89.68   1006.0    287.5   1.4001
       2     286.4    89.23   1006.0    287.5   1.4001
       21    333.8   144.90   1008.6    288.0   1.3987
       7     333.8   142.72   1008.6    287.5   1.3987

       0     286.4    89.68   1006.0    287.5   1.4001
       18    286.4    89.23   1006.0    288.0   1.4001
       19    286.4    89.23   1006.0    288.0   1.4001
       25    554.4   732.59   1043.0    288.0   1.3805
       3     917.0  3951.45   1127.1    287.5   1.3424
       4    1806.0  3714.36   1310.2    288.1   1.2819
       41   1678.2  3387.22   1287.7    288.0   1.2881
       45   1368.7  1247.03   1251.9    288.0   1.2988
       49    793.9   100.65   1138.3    288.0   1.3387
       5     793.9   100.15   1138.3    288.0   1.3387

 B2:  device     power    dh/dT     epol     eta
                  kW      J/kg K                
     fan 2 -21 -52937.4   1007.2   0.9043   0.8976
     LPC 19-25 -35414.2   1020.1   0.9000   0.8679
     HPC 25-3  -49792.9   1085.3   0.8900   0.8641
     HPT 41-45  50913.0   1270.8   0.9000   0.9099
     LPT 45-49  89361.1   1201.3   0.8987   0.9245

 B2:  loc   T       p       M       u        A     Fsp    eta_p
            K      kPa             m/s      m^2
      0    272.4   75.22  0.5081  168.05  7.6600  0.5116
      2    262.9   66.11  0.6688  217.58  6.5113

      25   516.3  566.27  0.6209  281.49  0.1178

      5    738.1   75.22  0.6646  355.31  1.0293
      6    738.1   75.22  0.6646  355.31  1.0293  0.0591  0.6422

      7    278.2   75.39  1.0000  334.63  3.5180
      8    278.0   75.22  1.0019  335.17  3.5180  0.4525  0.6679

      9                             0.00  0.0000  0.0000  2.0000

 - - - - - - - - - - - - - - - - - - - - - - - - - - - - -
 B3:  Climb3...           

 B3: alt.   =  15988. ft
 B3: dyn.pr.=  284.40 psf
 B3: VTAS   =  627.81 ft/s
 B3: W/WMTO = 0.99092
 B3: Mach   =  0.5962
 B3: L/D    =  19.707
 B3: gamV   = 4.16365 deg
 B3: e      =  0.8838
 B3: CL     =  0.4702
 B3: CD     = 0.02386
 B3: CDi    = 0.00942
 B3: CDfuse = 0.00532
 B3: CDwing = 0.00621
 B3: CDover = 0.00000
 B3: CDhtail= 0.00123
 B3: CDvtail= 0.00091
 B3: CDnace = 0.00078
 B3: CDstrut= 0.00000
 B3: Mperp  =  0.5024
 B3: clpo   =  0.6638
 B3: clps   =  0.7588
 B3: clpt   =  0.7020
 B3: fduo   =  0.0190
 B3: fdus   =  0.0140
 B3: fdut   =  0.0040
 B3: cdpw   = 0.00147
 B3: cdfw   = 0.00473
 B3: cdw    = 0.00621
 B3: Clh    = -0.1550
 B3: ClhSh/S= -0.0325
 B3: CMwing = -2.4115
 B3: CMfuse =  0.0168
 B3: CMtail =  0.2723
 B3: cmpo   = -0.1000
 B3: cmps   = -0.1000
 B3: cmpt   = -0.1000
 B3: dh/dR  = 0.07280
 B3: xCG    =  123.64 ft
 B3: xNP    =  133.27 ft
 B3: S.M.   =   0.351
 B3: Wbuoy  =   649.0 lb
 B3: Lwing  =   95.04 %
 B3: Lfuse  =   11.87 %
 B3: Ltail  =   -6.91 %

 B3: BPR    =   8.4092    
 B3: FPR    =   1.6934    
 B3: OPR    =   47.436    
 B3: pilc   =   8.4598    
 B3: pihc   =   5.6072    
 B3: 1/piht =   2.7161    
 B3: 1/pilt =   13.175    
 B3: pid    =  0.99500    
 B3: pib    =  0.94000    
 B3: pifn   =  0.98500    
 B3: pitn   =  0.99500    
 B3: N1     =   1.0953    
 B3: N2     =   1.0661    
 B3: Nlc_c% =   105.86    
 B3: Nhc_c% =   102.24    
 B3: Nht_c% =   100.10    
 B3: Nlt_c% =   102.55    
 B3: mlc_c% =   107.46    
 B3: mhc_c% =   104.37    
 B3: mht_c% =   100.00    
 B3: mlt_c% =   100.00    
 B3: mf_c%  =   105.05    
 B3: epf    =  0.89896    
 B3: eplc   =  0.90000    
 B3: ephc   =  0.89000    
 B3: epht   =  0.90000    
 B3: eplt   =  0.89972    
 B3: etab   =  0.98500    
 B3: fo     =  0.27758E-01
 B3: ffbar  =  0.27718E-01
 B3: ff     =  0.22621E-01
 B3: fc     =  0.15613    
 B3: epsrow =  0.11195      0.41994E-01  0.53589E-02
 B3: Tmrow  =   1309.6       1307.9       1308.0    

 B3: Fsp    =  0.51980    
 B3: Feng   =   169.91     kN
 B3: FengA  =   169.86     kN
 B3: mcore  =   108.24     kg/s
 B3: mcool  =   16.899     kg/s
 B3: mfuel  =   2.4485     kg/s
 B3: mofft  =   3.0045     kg/s
 B3: Pofft  =   115.85     kW
 B3: PK     =   46749.     kW
 B3: Phijet =   14325.     kW
 B3: Phiinl =   0.0000     kW
 B3: Kinl   =   0.0000     kW
 B3: etap   =  0.69549    
 B3: TSFC   =  0.50891     1/hr
 B3: hfuel  =   42.303     MJ/kg

 B3:  loc     Tt      pt       cpt       R    cpt/(cpt-R)
              K       kPa     J/kg K   J/kg K
       0     274.7    69.56   1005.6    287.5   1.4003
       2     274.7    69.22   1005.6    287.5   1.4003
       21    324.8   117.21   1008.0    288.0   1.3990
       7     324.8   115.45   1008.0    287.5   1.3990

       0     274.7    69.56   1005.6    287.5   1.4003
       18    274.7    69.22   1005.6    288.0   1.4003
       19    274.7    69.22   1005.6    288.0   1.4003
       25    537.5   585.55   1039.3    288.0   1.3824
       3     901.1  3283.33   1123.8    287.5   1.3438
       4    1806.0  3086.33   1311.3    288.1   1.2816
       41   1676.2  2816.57   1288.4    288.0   1.2879
       45   1367.2  1037.00   1252.5    288.0   1.2986
       49    781.7    78.71   1135.8    288.0   1.3397
       5     781.7    78.31   1135.8    288.0   1.3397

 B3:  device     power    dh/dT     epol     eta
                  kW      J/kg K                
     fan 2 -21 -45861.3   1006.8   0.8990   0.8912
     LPC 19-25 -28957.7   1018.2   0.9000   0.8674
     HPC 25-3  -41380.5   1081.5   0.8900   0.8634
     HPT 41-45  42311.3   1271.5   0.9000   0.9099
     LPT 45-49  75691.8   1200.6   0.8997   0.9258

 B3:  loc   T       p       M       u        A     Fsp    eta_p
            K      kPa             m/s      m^2
      0    256.5   54.73  0.5962  191.36  7.1557  0.5198
      2    248.7   48.85  0.7233  228.88  6.5113

      25   497.3  442.55  0.6481  288.55  0.1178

      5    713.3   54.73  0.7464  392.66  1.0293
      6    713.3   54.73  0.7464  392.66  1.0293  0.0660  0.6553

      7    270.7   60.99  1.0000  330.10  3.5180
      8    262.4   54.73  1.0901  354.33  3.5407  0.4538  0.7013

      9                             0.00  0.0000  0.0000  2.0000

 - - - - - - - - - - - - - - - - - - - - - - - - - - - - -
 B4:  Climb4...           

 B4: alt.   =  23983. ft
 B4: dyn.pr.=  284.06 psf
 B4: VTAS   =  719.22 ft/s
 B4: W/WMTO = 0.98698
 B4: Mach   =  0.7051
 B4: L/D    =  19.370
 B4: gamV   = 2.70529 deg
 B4: e      =  0.8838
 B4: CL     =  0.4702
 B4: CD     = 0.02427
 B4: CDi    = 0.00942
 B4: CDfuse = 0.00532
 B4: CDwing = 0.00645
 B4: CDover = 0.00000
 B4: CDhtail= 0.00125
 B4: CDvtail= 0.00092
 B4: CDnace = 0.00091
 B4: CDstrut= 0.00000
 B4: Mperp  =  0.5941
 B4: clpo   =  0.6638
 B4: clps   =  0.7589
 B4: clpt   =  0.7020
 B4: fduo   =  0.0190
 B4: fdus   =  0.0140
 B4: fdut   =  0.0040
 B4: cdpw   = 0.00179
 B4: cdfw   = 0.00466
 B4: cdw    = 0.00645
 B4: Clh    = -0.1551
 B4: ClhSh/S= -0.0325
 B4: CMwing = -2.4116
 B4: CMfuse =  0.0168
 B4: CMtail =  0.2726
 B4: cmpo   = -0.1000
 B4: cmps   = -0.1000
 B4: cmpt   = -0.1000
 B4: dh/dR  = 0.04725
 B4: xCG    =  123.64 ft
 B4: xNP    =  133.27 ft
 B4: S.M.   =   0.352
 B4: Wbuoy  =  1344.3 lb
 B4: Lwing  =   95.04 %
 B4: Lfuse  =   11.87 %
 B4: Ltail  =   -6.92 %

 B4: BPR    =   8.3223    
 B4: FPR    =   1.7555    
 B4: OPR    =   49.975    
 B4: pilc   =   8.5389    
 B4: pihc   =   5.8527    
 B4: 1/piht =   2.7159    
 B4: 1/pilt =   13.811    
 B4: pid    =  0.99500    
 B4: pib    =  0.94000    
 B4: pifn   =  0.98500    
 B4: pitn   =  0.99500    
 B4: N1     =   1.1113    
 B4: N2     =   1.0633    
 B4: Nlc_c% =   109.43    
 B4: Nhc_c% =   103.70    
 B4: Nht_c% =   99.905    
 B4: Nlt_c% =   104.09    
 B4: mlc_c% =   111.87    
 B4: mhc_c% =   107.23    
 B4: mht_c% =   100.00    
 B4: mlt_c% =   100.00    
 B4: mf_c%  =   108.23    
 B4: epf    =  0.89417    
 B4: eplc   =  0.90000    
 B4: ephc   =  0.89000    
 B4: epht   =  0.90000    
 B4: eplt   =  0.89977    
 B4: etab   =  0.98500    
 B4: fo     =  0.33449E-01
 B4: ffbar  =  0.28231E-01
 B4: ff     =  0.22879E-01
 B4: fc     =  0.15613    
 B4: epsrow =  0.11195      0.41994E-01  0.53589E-02
 B4: Tmrow  =   1299.1       1301.3       1305.6    

 B4: Fsp    =  0.52176    
 B4: Feng   =   135.83     kN
 B4: FengA  =   135.49     kN
 B4: mcore  =   89.821     kg/s
 B4: mcool  =   14.024     kg/s
 B4: mfuel  =   2.0550     kg/s
 B4: mofft  =   3.0045     kg/s
 B4: Pofft  =   115.85     kW
 B4: PK     =   40966.     kW
 B4: Phijet =   11289.     kW
 B4: Phiinl =   0.0000     kW
 B4: Kinl   =   0.0000     kW
 B4: etap   =  0.72685    
 B4: TSFC   =  0.53432     1/hr
 B4: hfuel  =   42.304     MJ/kg

 B4:  loc     Tt      pt       cpt       R    cpt/(cpt-R)
              K       kPa     J/kg K   J/kg K
       0     264.6    54.42   1005.2    287.5   1.4005
       2     264.6    54.15   1005.2    287.5   1.4005
       21    316.7    95.06   1007.5    288.0   1.3993
       7     316.7    93.63   1007.5    287.5   1.3993

       0     264.6    54.42   1005.2    287.5   1.4005
       18    264.6    54.15   1005.2    288.0   1.4005
       19    264.6    54.15   1005.2    288.0   1.4005
       25    519.8   462.35   1035.5    288.0   1.3843
       3     884.4  2706.00   1120.2    287.5   1.3453
       4    1806.0  2543.64   1312.5    288.1   1.2812
       41   1674.1  2323.09   1289.2    288.0   1.2877
       45   1365.6   855.37   1253.2    288.0   1.2984
       49    772.6    61.93   1134.1    288.0   1.3404
       5     772.6    61.62   1134.1    288.0   1.3404

 B4:  device     power    dh/dT     epol     eta
                  kW      J/kg K                
     fan 2 -21 -39212.7   1006.3   0.8942   0.8855
     LPC 19-25 -23292.5   1016.3   0.9000   0.8671
     HPC 25-3  -34109.9   1077.5   0.8900   0.8626
     HPT 41-45  34877.2   1272.3   0.9000   0.9099
     LPT 45-49  63253.6   1200.2   0.8998   0.9263

 B4:  loc   T       p       M       u        A     Fsp    eta_p
            K      kPa             m/s      m^2
      0    240.7   39.08  0.7051  219.22  6.7480  0.5218
      2    235.6   36.10  0.7832  241.27  6.5113

      25   476.8  339.26  0.6824  297.72  0.1178

      5    687.4   39.08  0.8461  437.41  1.0293
      6    687.4   39.08  0.8461  437.41  1.0293  0.0737  0.6677

      7    263.9   49.46  1.0000  325.98  3.5180
      8    246.7   39.08  1.1905  375.26  3.6154  0.4481  0.7375

      9                             0.00  0.0000  0.0000  2.0000

 - - - - - - - - - - - - - - - - - - - - - - - - - - - - -
 B5:  Climb5...           

 B5: alt.   =  31977. ft
 B5: dyn.pr.=  283.18 psf
 B5: VTAS   =  828.28 ft/s
 B5: W/WMTO = 0.98194
 B5: Mach   =  0.8401
 B5: L/D    =  18.828
 B5: gamV   = 1.50091 deg
 B5: e      =  0.8837
 B5: CL     =  0.4702
 B5: CD     = 0.02497
 B5: CDi    = 0.00942
 B5: CDfuse = 0.00532
 B5: CDwing = 0.00695
 B5: CDover = 0.00000
 B5: CDhtail= 0.00126
 B5: CDvtail= 0.00093
 B5: CDnace = 0.00108
 B5: CDstrut= 0.00000
 B5: Mperp  =  0.7079
 B5: clpo   =  0.6639
 B5: clps   =  0.7589
 B5: clpt   =  0.7020
 B5: fduo   =  0.0190
 B5: fdus   =  0.0140
 B5: fdut   =  0.0040
 B5: cdpw   = 0.00245
 B5: cdfw   = 0.00450
 B5: cdw    = 0.00695
 B5: Clh    = -0.1553
 B5: ClhSh/S= -0.0326
 B5: CMwing = -2.4118
 B5: CMfuse =  0.0168
 B5: CMtail =  0.2728
 B5: cmpo   = -0.1000
 B5: cmps   = -0.1000
 B5: cmpt   = -0.1000
 B5: dh/dR  = 0.02620
 B5: xCG    =  123.63 ft
 B5: xNP    =  133.27 ft
 B5: S.M.   =   0.352
 B5: Wbuoy  =  1894.2 lb
 B5: Lwing  =   95.05 %
 B5: Lfuse  =   11.87 %
 B5: Ltail  =   -6.93 %

 B5: BPR    =   8.2843    
 B5: FPR    =   1.8019    
 B5: OPR    =   51.681    
 B5: pilc   =   8.4652    
 B5: pihc   =   6.1051    
 B5: 1/piht =   2.7157    
 B5: 1/pilt =   14.150    
 B5: pid    =  0.99500    
 B5: pib    =  0.94000    
 B5: pifn   =  0.98500    
 B5: pitn   =  0.99500    
 B5: N1     =   1.1205    
 B5: N2     =   1.0609    
 B5: Nlc_c% =   112.05    
 B5: Nhc_c% =   105.16    
 B5: Nht_c% =   99.739    
 B5: Nlt_c% =   105.02    
 B5: mlc_c% =   114.83    
 B5: mhc_c% =   110.15    
 B5: mht_c% =   100.00    
 B5: mlt_c% =   100.00    
 B5: mf_c%  =   110.59    
 B5: epf    =  0.89060    
 B5: eplc   =  0.90000    
 B5: ephc   =  0.89000    
 B5: epht   =  0.90000    
 B5: eplt   =  0.89954    
 B5: etab   =  0.98500    
 B5: fo     =  0.40120E-01
 B5: ffbar  =  0.28719E-01
 B5: ff     =  0.23083E-01
 B5: fc     =  0.15613    
 B5: epsrow =  0.11195      0.41994E-01  0.53589E-02
 B5: Tmrow  =   1289.3       1295.1       1303.4    

 B5: Fsp    =  0.51984    
 B5: Feng   =   108.62     kN
 B5: FengA  =   107.59     kN
 B5: mcore  =   74.886     kg/s
 B5: mcool  =   11.692     kg/s
 B5: mfuel  =   1.7286     kg/s
 B5: mofft  =   3.0045     kg/s
 B5: Pofft  =   115.85     kW
 B5: PK     =   36128.     kW
 B5: Phijet =   8817.6     kW
 B5: Phiinl =   0.0000     kW
 B5: Kinl   =   0.0000     kW
 B5: etap   =  0.75899    
 B5: TSFC   =  0.56205     1/hr
 B5: hfuel  =   42.303     MJ/kg

 B5:  loc     Tt      pt       cpt       R    cpt/(cpt-R)
              K       kPa     J/kg K   J/kg K
       0     256.6    43.53   1005.0    287.5   1.4007
       2     256.6    43.31   1005.0    287.5   1.4007
       21    310.0    78.04   1007.1    288.0   1.3995
       7     310.0    76.87   1007.1    287.5   1.3995

       0     256.6    43.53   1005.0    287.5   1.4007
       18    256.6    43.31   1005.0    288.0   1.4007
       19    256.6    43.31   1005.0    288.0   1.4007
       25    503.1   366.64   1032.1    288.0   1.3861
       3     868.8  2238.40   1116.6    287.5   1.3467
       4    1806.0  2104.10   1313.6    288.1   1.2809
       41   1672.1  1923.04   1289.9    288.0   1.2875
       45   1364.2   708.11   1253.9    288.0   1.2982
       49    767.9    50.04   1133.5    288.0   1.3407
       5     767.9    49.79   1133.5    288.0   1.3407

 B5:  device     power    dh/dT     epol     eta
                  kW      J/kg K                
     fan 2 -21 -33311.6   1006.0   0.8906   0.8812
     LPC 19-25 -18734.8   1014.8   0.9000   0.8672
     HPC 25-3  -28220.2   1073.8   0.8900   0.8618
     HPT 41-45  28855.0   1272.9   0.9000   0.9099
     LPT 45-49  52689.0   1200.3   0.8995   0.9263

 B5:  loc   T       p       M       u        A     Fsp    eta_p
            K      kPa             m/s      m^2
      0    224.9   27.45  0.8401  252.46  6.4728  0.5198
      2    224.6   27.19  0.8430  253.55  6.5113

      25   456.8  259.48  0.7226  308.76  0.1178

      5    658.7   27.45  0.9757  494.30  1.0293
      6    658.7   27.45  0.9757  494.30  1.0293  0.0837  0.6761

      7    258.3   40.60  1.0000  322.50  3.5180
      8    230.9   27.45  1.3076  398.77  3.7628  0.4344  0.7753

      9                           123.10  0.0640  0.0018  1.3445

 - - - - - - - - - - - - - - - - - - - - - - - - - - - - -
 C1:  Cruise1...          

 C1: alt.   =  31977. ft
 C1: dyn.pr.=  283.13 psf
 C1: VTAS   =  828.20 ft/s
 C1: W/WMTO = 0.98194
 C1: Mach   =  0.8400
 C1: L/D    =  18.516
 C1: gamV   = 0.01272 deg
 C1: e      =  0.8837
 C1: CL     =  0.4702
 C1: CD     = 0.02539
 C1: CDi    = 0.00942
 C1: CDfuse = 0.00532
 C1: CDwing = 0.00695
 C1: CDover = 0.00000
 C1: CDhtail= 0.00126
 C1: CDvtail= 0.00093
 C1: CDnace = 0.00151
 C1: CDstrut= 0.00000
 C1: Mperp  =  0.7078
 C1: clpo   =  0.6639
 C1: clps   =  0.7589
 C1: clpt   =  0.7020
 C1: fduo   =  0.0190
 C1: fdus   =  0.0140
 C1: fdut   =  0.0040
 C1: cdpw   = 0.00245
 C1: cdfw   = 0.00451
 C1: cdw    = 0.00695
 C1: Clh    = -0.1553
 C1: ClhSh/S= -0.0326
 C1: CMwing = -2.4118
 C1: CMfuse =  0.0168
 C1: CMtail =  0.2729
 C1: cmpo   = -0.1000
 C1: cmps   = -0.1000
 C1: cmpt   = -0.1000
 C1: dh/dR  = 0.00022
 C1: xCG    =  123.63 ft
 C1: xNP    =  133.27 ft
 C1: S.M.   =   0.352
 C1: Wbuoy  =  1894.2 lb
 C1: Lwing  =   95.05 %
 C1: Lfuse  =   11.87 %
 C1: Ltail  =   -6.93 %

 C1: BPR    =   8.6020    
 C1: FPR    =   1.5958    
 C1: OPR    =   42.000    
 C1: pilc   =   8.0000    
 C1: pihc   =   5.2500    
 C1: 1/piht =   2.7242    
 C1: 1/pilt =   13.748    
 C1: pid    =  0.99500    
 C1: pib    =  0.94000    
 C1: pifn   =  0.98500    
 C1: pitn   =  0.99500    
 C1: N1     =   1.0000    
 C1: N2     =   1.0000    
 C1: Nlc_c% =   100.00    
 C1: Nhc_c% =   100.00    
 C1: Nht_c% =   100.00    
 C1: Nlt_c% =   100.00    
 C1: mlc_c% =   100.00    
 C1: mhc_c% =   100.00    
 C1: mht_c% =   100.00    
 C1: mlt_c% =   100.00    
 C1: mf_c%  =   100.00    
 C1: epf    =  0.90647    
 C1: eplc   =  0.90000    
 C1: ephc   =  0.89000    
 C1: epht   =  0.90000    
 C1: eplt   =  0.90000    
 C1: etab   =  0.98500    
 C1: fo     =  0.46072E-01
 C1: ffbar  =  0.22865E-01
 C1: ff     =  0.18242E-01
 C1: fc     =  0.15613    
 C1: epsrow =  0.11195      0.41994E-01  0.53589E-02
 C1: Tmrow  =   1177.4       1158.1       1147.5    

 C1: Fsp    =  0.39458    
 C1: Feng   =   74.249     kN
 C1: FengA  =   73.909     kN
 C1: mcore  =   65.212     kg/s
 C1: mcool  =   10.182     kg/s
 C1: mfuel  =   1.1896     kg/s
 C1: mofft  =   3.0045     kg/s
 C1: Pofft  =   115.85     kW
 C1: PK     =   23126.     kW
 C1: Phijet =   4458.3     kW
 C1: Phiinl =   0.0000     kW
 C1: Kinl   =   0.0000     kW
 C1: etap   =  0.81049    
 C1: TSFC   =  0.56581     1/hr
 C1: hfuel  =   42.644     MJ/kg

 C1:  loc     Tt      pt       cpt       R    cpt/(cpt-R)
              K       kPa     J/kg K   J/kg K
       0     256.6    43.53   1005.0    287.5   1.4007
       2     256.6    43.31   1005.0    287.5   1.4007
       21    297.4    69.11   1006.5    287.9   1.3998
       7     297.4    68.07   1006.5    287.5   1.3998

       0     256.6    43.53   1005.0    287.5   1.4007
       18    256.6    43.31   1005.0    287.9   1.4007
       19    256.6    43.31   1005.0    287.9   1.4007
       25    494.4   346.47   1030.4    287.9   1.3869
       3     818.0  1818.95   1104.9    287.5   1.3517
       4    1590.0  1709.81   1278.5    288.0   1.2908
       41   1478.0  1557.10   1257.3    287.9   1.2970
       45   1198.3   571.58   1217.9    287.9   1.3096
       49    666.4    41.58   1098.8    287.9   1.3551
       5     666.4    41.37   1098.8    287.9   1.3551

 C1:  device     power    dh/dT     epol     eta
                  kW      J/kg K                
     fan 2 -21 -22991.4   1005.8   0.9065   0.9001
     LPC 19-25 -15726.9   1014.2   0.9000   0.8681
     HPC 25-3  -21477.8   1066.8   0.8900   0.8641
     HPT 41-45  21961.0   1238.6   0.9000   0.9102
     LPT 45-49  39226.4   1163.2   0.9000   0.9272

 C1:  loc   T       p       M       u        A     Fsp    eta_p
            K      kPa             m/s      m^2
      0    224.9   27.45  0.8400  252.44  5.8300  0.3946
      2    236.6   32.60  0.6500  200.63  6.5113

      25   462.1  272.05  0.6000  257.82  0.1178

      5    597.9   27.45  0.7975  386.29  1.0293
      6    597.9   27.45  0.7975  386.29  1.0293  0.0427  0.7904

      7    247.7   35.95  1.0000  315.86  3.5180
      8    229.3   27.45  1.2169  369.83  3.6434  0.3499  0.8113

      9                           123.10  0.0640  0.0020  1.3444

 - - - - - - - - - - - - - - - - - - - - - - - - - - - - -
 C2:  Cruise2...          

 C2: alt.   =  39723. ft
 C2: dyn.pr.=  198.39 psf
 C2: VTAS   =  813.01 ft/s
 C2: W/WMTO = 0.68201
 C2: Mach   =  0.8400
 C2: L/D    =  18.115
 C2: gamV   = 0.01252 deg
 C2: e      =  0.8785
 C2: CL     =  0.4702
 C2: CD     = 0.02596
 C2: CDi    = 0.00947
 C2: CDfuse = 0.00532
 C2: CDwing = 0.00730
 C2: CDover = 0.00000
 C2: CDhtail= 0.00132
 C2: CDvtail= 0.00098
 C2: CDnace = 0.00156
 C2: CDstrut= 0.00000
 C2: Mperp  =  0.7078
 C2: clpo   =  0.6681
 C2: clps   =  0.7637
 C2: clpt   =  0.7065
 C2: fduo   =  0.0190
 C2: fdus   =  0.0140
 C2: fdut   =  0.0040
 C2: cdpw   = 0.00259
 C2: cdfw   = 0.00471
 C2: cdw    = 0.00730
 C2: Clh    = -0.1704
 C2: ClhSh/S= -0.0357
 C2: CMwing = -2.4267
 C2: CMfuse =  0.0168
 C2: CMtail =  0.2994
 C2: cmpo   = -0.1000
 C2: cmps   = -0.1000
 C2: cmpt   = -0.1000
 C2: dh/dR  = 0.00022
 C2: xCG    =  122.95 ft
 C2: xNP    =  133.27 ft
 C2: S.M.   =   0.377
 C2: Wbuoy  =  2348.4 lb
 C2: Lwing  =   95.65 %
 C2: Lfuse  =   11.95 %
 C2: Ltail  =   -7.60 %

 C2: BPR    =   8.4988    
 C2: FPR    =   1.6009    
 C2: OPR    =   42.102    
 C2: pilc   =   7.8341    
 C2: pihc   =   5.3742    
 C2: 1/piht =   2.7255    
 C2: 1/pilt =   13.777    
 C2: pid    =  0.99500    
 C2: pib    =  0.94000    
 C2: pifn   =  0.98500    
 C2: pitn   =  0.99500    
 C2: N1     =  0.98473    
 C2: N2     =  0.98641    
 C2: Nlc_c% =   100.31    
 C2: Nhc_c% =   100.77    
 C2: Nht_c% =   99.788    
 C2: Nlt_c% =   99.667    
 C2: mlc_c% =   101.48    
 C2: mhc_c% =   101.44    
 C2: mht_c% =   100.00    
 C2: mlt_c% =   100.00    
 C2: mf_c%  =   100.26    
 C2: epf    =  0.90608    
 C2: eplc   =  0.90000    
 C2: ephc   =  0.89000    
 C2: epht   =  0.90000    
 C2: eplt   =  0.90000    
 C2: etab   =  0.98500    
 C2: fo     =  0.63606E-01
 C2: ffbar  =  0.22534E-01
 C2: ff     =  0.17582E-01
 C2: fc     =  0.15613    
 C2: epsrow =  0.11195      0.41994E-01  0.53589E-02
 C2: Tmrow  =   1147.8       1128.7       1119.6    

 C2: Fsp    =  0.39914    
 C2: Feng   =   52.832     kN
 C2: FengA  =   52.583     kN
 C2: mcore  =   47.236     kg/s
 C2: mcool  =   7.3750     kg/s
 C2: mfuel  =  0.83052     kg/s
 C2: mofft  =   3.0045     kg/s
 C2: Pofft  =   115.85     kW
 C2: PK     =   16142.     kW
 C2: Phijet =   3100.7     kW
 C2: Phiinl =   0.0000     kW
 C2: Kinl   =   0.0000     kW
 C2: etap   =  0.81107    
 C2: TSFC   =  0.55517     1/hr
 C2: hfuel  =   42.705     MJ/kg

 C2:  loc     Tt      pt       cpt       R    cpt/(cpt-R)
              K       kPa     J/kg K   J/kg K
       0     247.3    30.50   1004.7    287.5   1.4008
       2     247.3    30.35   1004.7    287.5   1.4008
       21    286.9    48.58   1006.0    287.9   1.4001
       7     286.9    47.85   1006.0    287.5   1.4001

       0     247.3    30.50   1004.7    287.5   1.4008
       18    247.3    30.35   1004.7    287.9   1.4008
       19    247.3    30.35   1004.7    287.9   1.4008
       25    473.8   237.73   1026.7    287.9   1.3889
       3     791.5  1277.63   1098.7    287.5   1.3544
       4    1555.0  1200.97   1273.8    288.0   1.2921
       41   1444.2  1094.05   1252.2    287.9   1.2986
       45   1169.8   401.41   1212.4    287.9   1.3114
       49    648.3    29.14   1093.4    287.9   1.3574
       5     648.3    28.99   1093.4    287.9   1.3574

 C2:  device     power    dh/dT     epol     eta
                  kW      J/kg K                
     fan 2 -21 -15979.5   1005.4   0.9061   0.8996
     LPC 19-25 -10830.9   1012.4   0.9000   0.8684
     HPC 25-3  -14917.7   1061.4   0.8900   0.8635
     HPT 41-45  15253.3   1233.4   0.9000   0.9103
     LPT 45-49  27198.2   1157.4   0.9000   0.9273

 C2:  loc   T       p       M       u        A     Fsp    eta_p
            K      kPa             m/s      m^2
      0    216.7   19.23  0.8400  247.81  5.8526  0.3991
      2    227.7   22.75  0.6548  198.30  6.5113

      25   441.2  184.55  0.6141  258.05  0.1178

      5    581.4   19.23  0.7971  381.00  1.0293
      6    581.4   19.23  0.7971  381.00  1.0293  0.0413  0.7882

      7    239.0   25.27  1.0000  310.24  3.5180
      8    221.0   19.23  1.2193  363.79  3.6459  0.3518  0.8104

      9                           268.36  0.0364  0.0061  0.9602

 - - - - - - - - - - - - - - - - - - - - - - - - - - - - -
 D1:  Descent1...         

 D1: alt.   =  39723. ft
 D1: dyn.pr.=  205.21 psf
 D1: VTAS   =  826.87 ft/s
 D1: W/WMTO = 0.68201
 D1: Mach   =  0.8543
 D1: L/D    =  17.097
 D1: gamV   =-2.00000 deg
 D1: e      =  0.8775
 D1: CL     =  0.4514
 D1: CD     = 0.02640
 D1: CDi    = 0.00874
 D1: CDfuse = 0.00532
 D1: CDwing = 0.00799
 D1: CDover = 0.00000
 D1: CDhtail= 0.00132
 D1: CDvtail= 0.00098
 D1: CDnace = 0.00206
 D1: CDstrut= 0.00000
 D1: Mperp  =  0.7199
 D1: clpo   =  0.6421
 D1: clps   =  0.7340
 D1: clpt   =  0.6790
 D1: fduo   =  0.0190
 D1: fdus   =  0.0140
 D1: fdut   =  0.0040
 D1: cdpw   = 0.00334
 D1: cdfw   = 0.00465
 D1: cdw    = 0.00799
 D1: Clh    = -0.1662
 D1: ClhSh/S= -0.0348
 D1: CMwing = -2.3338
 D1: CMfuse =  0.0157
 D1: CMtail =  0.2920
 D1: cmpo   = -0.1000
 D1: cmps   = -0.1000
 D1: cmpt   = -0.1000
 D1: dh/dR  =-0.03492
 D1: xCG    =  122.95 ft
 D1: xNP    =  133.27 ft
 D1: S.M.   =   0.377
 D1: Wbuoy  =  2348.4 lb
 D1: Lwing  =   95.76 %
 D1: Lfuse  =   11.96 %
 D1: Ltail  =   -7.72 %

 D1: BPR    =   9.8592    
 D1: FPR    =   1.3073    
 D1: OPR    =   26.795    
 D1: pilc   =   5.9527    
 D1: pihc   =   4.5013    
 D1: 1/piht =   2.7407    
 D1: 1/pilt =   10.988    
 D1: pid    =  0.99500    
 D1: pib    =  0.94000    
 D1: pifn   =  0.98500    
 D1: pitn   =  0.99500    
 D1: N1     =  0.78674    
 D1: N2     =  0.89271    
 D1: Nlc_c% =   79.974    
 D1: Nhc_c% =   94.991    
 D1: Nht_c% =   100.49    
 D1: Nlt_c% =   89.101    
 D1: mlc_c% =   73.828    
 D1: mhc_c% =   90.785    
 D1: mht_c% =   100.00    
 D1: mlt_c% =   100.00    
 D1: mf_c%  =   84.618    
 D1: epf    =  0.92869    
 D1: eplc   =  0.90000    
 D1: ephc   =  0.89000    
 D1: epht   =  0.89999    
 D1: eplt   =  0.89226    
 D1: etab   =  0.98500    
 D1: fo     =  0.86325E-01
 D1: ffbar  =  0.15504E-01
 D1: ff     =  0.11745E-01
 D1: fc     =  0.15613    
 D1: epsrow =  0.11195      0.41994E-01  0.53589E-02
 D1: Tmrow  =   973.73       925.32       896.60    

 D1: Fsp    =  0.20139    
 D1: Feng   =   22.454     kN
 D1: FengA  =   22.445     kN
 D1: mcore  =   34.804     kg/s
 D1: mcool  =   5.4340     kg/s
 D1: mfuel  =  0.40877     kg/s
 D1: mofft  =   3.0045     kg/s
 D1: Pofft  =   115.85     kW
 D1: PK     =   6391.9     kW
 D1: Phijet =   758.86     kW
 D1: Phiinl =   0.0000     kW
 D1: Kinl   =   0.0000     kW
 D1: etap   =  0.88534    
 D1: TSFC   =  0.64293     1/hr
 D1: hfuel  =   43.217     MJ/kg

 D1:  loc     Tt      pt       cpt       R    cpt/(cpt-R)
              K       kPa     J/kg K   J/kg K
       0     248.3    30.95   1004.8    287.5   1.4008
       2     248.3    30.80   1004.8    287.5   1.4008
       21    269.7    40.26   1005.4    287.8   1.4004
       7     269.7    39.66   1005.4    287.5   1.4004

       0     248.3    30.95   1004.8    287.5   1.4008
       18    248.3    30.80   1004.8    287.8   1.4008
       19    248.3    30.80   1004.8    287.8   1.4008
       25    436.6   183.34   1020.3    287.8   1.3923
       3     695.4   825.25   1076.0    287.5   1.3646
       4    1248.1   775.74   1217.8    287.8   1.3095
       41   1166.3   702.72   1199.5    287.8   1.3156
       45    934.3   256.41   1154.9    287.8   1.3319
       49    534.4    23.34   1056.7    287.8   1.3742
       5     534.4    23.22   1056.7    287.8   1.3742

 D1:  device     power    dh/dT     epol     eta
                  kW      J/kg K                
     fan 2 -21  -7367.8   1005.1   0.9287   0.9259
     LPC 19-25  -6621.8   1010.3   0.9000   0.8728
     HPC 25-3   -8609.6   1046.3   0.8900   0.8661
     HPT 41-45   8803.3   1178.0   0.9000   0.9108
     LPT 45-49  14248.0   1106.2   0.8923   0.9202

 D1:  loc   T       p       M       u        A     Fsp    eta_p
            K      kPa             m/s      m^2
      0    216.7   19.23  0.8543  252.03  4.8472  0.2014
      2    236.9   26.14  0.4897  151.26  6.5113

      25   414.9  153.00  0.5160  210.43  0.1178

      5    507.6   19.23  0.5299  237.65  1.0293
      6    507.6   19.23  0.5299  237.65  1.0293 -0.0100  1.0294

      7    224.7   20.94  1.0000  300.81  3.5180
      8    219.2   19.23  1.0713  318.37  3.5323  0.2042  0.8837

      9                           268.36  0.0366  0.0072  0.9686

 - - - - - - - - - - - - - - - - - - - - - - - - - - - - -
 D2:  Descent2...         

 D2: alt.   =  31282. ft
 D2: dyn.pr.=  279.29 psf
 D2: VTAS   =  812.24 ft/s
 D2: W/WMTO = 0.68116
 D2: Mach   =  0.8213
 D2: L/D    =  15.902
 D2: gamV   =-2.25000 deg
 D2: e      =  0.8679
 D2: CL     =  0.3312
 D2: CD     = 0.02083
 D2: CDi    = 0.00476
 D2: CDfuse = 0.00532
 D2: CDwing = 0.00652
 D2: CDover = 0.00000
 D2: CDhtail= 0.00126
 D2: CDvtail= 0.00093
 D2: CDnace = 0.00203
 D2: CDstrut= 0.00000
 D2: Mperp  =  0.6921
 D2: clpo   =  0.4759
 D2: clps   =  0.5441
 D2: clpt   =  0.5033
 D2: fduo   =  0.0190
 D2: fdus   =  0.0140
 D2: fdut   =  0.0040
 D2: cdpw   = 0.00188
 D2: cdfw   = 0.00463
 D2: cdw    = 0.00652
 D2: Clh    = -0.1393
 D2: ClhSh/S= -0.0292
 D2: CMwing = -1.7401
 D2: CMfuse =  0.0086
 D2: CMtail =  0.2448
 D2: cmpo   = -0.1000
 D2: cmps   = -0.1000
 D2: cmpt   = -0.1000
 D2: dh/dR  =-0.03929
 D2: xCG    =  122.95 ft
 D2: xNP    =  133.27 ft
 D2: S.M.   =   0.377
 D2: Wbuoy  =  1851.6 lb
 D2: Lwing  =   96.73 %
 D2: Lfuse  =   12.08 %
 D2: Ltail  =   -8.82 %

 D2: BPR    =   10.740    
 D2: FPR    =   1.2331    
 D2: OPR    =   22.878    
 D2: pilc   =   5.4143    
 D2: pihc   =   4.2256    
 D2: 1/piht =   2.7444    
 D2: 1/pilt =   9.5353    
 D2: pid    =  0.99500    
 D2: pib    =  0.94000    
 D2: pifn   =  0.98500    
 D2: pitn   =  0.99500    
 D2: N1     =  0.74179    
 D2: N2     =  0.87581    
 D2: Nlc_c% =   74.157    
 D2: Nhc_c% =   93.046    
 D2: Nht_c% =   101.03    
 D2: Nlt_c% =   86.205    
 D2: mlc_c% =   64.519    
 D2: mhc_c% =   87.404    
 D2: mht_c% =   100.00    
 D2: mlt_c% =   100.00    
 D2: mf_c%  =   80.552    
 D2: epf    =  0.93440    
 D2: eplc   =  0.90000    
 D2: ephc   =  0.89000    
 D2: epht   =  0.89998    
 D2: eplt   =  0.88278    
 D2: etab   =  0.98500    
 D2: fo     =  0.70559E-01
 D2: ffbar  =  0.13843E-01
 D2: ff     =  0.10705E-01
 D2: fc     =  0.15613    
 D2: epsrow =  0.11195      0.41994E-01  0.53589E-02
 D2: Tmrow  =   943.52       887.19       852.46    

 D2: Fsp    =  0.14898    
 D2: Feng   =   22.449     kN
 D2: FengA  =   22.449     kN
 D2: mcore  =   42.581     kg/s
 D2: mcool  =   6.6483     kg/s
 D2: mfuel  =  0.45583     kg/s
 D2: mofft  =   3.0045     kg/s
 D2: Pofft  =   115.85     kW
 D2: PK     =   6273.8     kW
 D2: Phijet =   744.15     kW
 D2: Phiinl =   0.0000     kW
 D2: Kinl   =   0.0000     kW
 D2: etap   =  0.88584    
 D2: TSFC   =  0.71710     1/hr
 D2: hfuel  =   43.313     MJ/kg

 D2:  loc     Tt      pt       cpt       R    cpt/(cpt-R)
              K       kPa     J/kg K   J/kg K
       0     256.7    44.06   1005.0    287.5   1.4007
       2     256.7    43.84   1005.0    287.5   1.4007
       21    273.8    54.06   1005.5    287.7   1.4004
       7     273.8    53.25   1005.5    287.5   1.4004

       0     256.7    44.06   1005.0    287.5   1.4007
       18    256.7    43.84   1005.0    287.7   1.4007
       19    256.7    43.84   1005.0    287.7   1.4007
       25    438.0   237.38   1020.6    287.7   1.3922
       3     684.4  1003.05   1073.3    287.5   1.3659
       4    1185.2   942.87   1204.3    287.8   1.3140
       41   1110.7   852.34   1187.2    287.7   1.3199
       45    887.3   310.58   1141.9    287.7   1.3369
       49    525.4    32.57   1052.8    287.7   1.3761
       5     525.4    32.41   1052.8    287.7   1.3761

 D2:  device     power    dh/dT     epol     eta
                  kW      J/kg K                
     fan 2 -21  -7817.5   1005.3   0.9344   0.9324
     LPC 19-25  -7801.3   1010.6   0.9000   0.8744
     HPC 25-3  -10190.1   1045.2   0.8900   0.8671
     HPT 41-45  10419.3   1165.3   0.9000   0.9109
     LPT 45-49  15893.6   1097.2   0.8828   0.9115

 D2:  loc   T       p       M       u        A     Fsp    eta_p
            K      kPa             m/s      m^2
      0    226.2   28.32  0.8213  247.57  4.6273  0.1490
      2    246.6   38.07  0.4537  142.96  6.5113

      25   418.3  201.66  0.4893  200.33  0.1178

      5    506.4   28.32  0.4465  200.11  1.0293
      6    506.4   28.32  0.4465  200.11  1.0293 -0.0168  1.1060

      7    228.5   28.32  0.9940  301.54  3.5180
      8    228.5   28.32  0.9940  301.54  3.5180  0.1638  0.9017

      9                            99.32  0.0776  0.0020  1.4274

 - - - - - - - - - - - - - - - - - - - - - - - - - - - - -
 D3:  Descent3...         

 D3: alt.   =  21848. ft
 D3: dyn.pr.=  355.45 psf
 D3: VTAS   =  775.22 ft/s
 D3: W/WMTO = 0.68012
 D3: Mach   =  0.7534
 D3: L/D    =  14.081
 D3: gamV   =-2.50000 deg
 D3: e      =  0.8566
 D3: CL     =  0.2591
 D3: CD     = 0.01840
 D3: CDi    = 0.00295
 D3: CDfuse = 0.00532
 D3: CDwing = 0.00608
 D3: CDover = 0.00000
 D3: CDhtail= 0.00122
 D3: CDvtail= 0.00090
 D3: CDnace = 0.00193
 D3: CDstrut= 0.00000
 D3: Mperp  =  0.6348
 D3: clpo   =  0.3763
 D3: clps   =  0.4302
 D3: clpt   =  0.3979
 D3: fduo   =  0.0190
 D3: fdus   =  0.0140
 D3: fdut   =  0.0040
 D3: cdpw   = 0.00148
 D3: cdfw   = 0.00460
 D3: cdw    = 0.00608
 D3: Clh    = -0.1232
 D3: ClhSh/S= -0.0258
 D3: CMwing = -1.3840
 D3: CMfuse =  0.0044
 D3: CMtail =  0.2165
 D3: cmpo   = -0.1000
 D3: cmps   = -0.1000
 D3: cmpt   = -0.1000
 D3: dh/dR  =-0.04366
 D3: xCG    =  122.95 ft
 D3: xNP    =  133.27 ft
 D3: S.M.   =   0.377
 D3: Wbuoy  =  1173.6 lb
 D3: Lwing  =   97.76 %
 D3: Lfuse  =   12.21 %
 D3: Ltail  =   -9.97 %

 D3: BPR    =   11.361    
 D3: FPR    =   1.1902    
 D3: OPR    =   20.590    
 D3: pilc   =   5.0458    
 D3: pihc   =   4.0806    
 D3: 1/piht =   2.7441    
 D3: 1/pilt =   8.3000    
 D3: pid    =  0.99500    
 D3: pib    =  0.94000    
 D3: pifn   =  0.98500    
 D3: pitn   =  0.99500    
 D3: N1     =  0.72431    
 D3: N2     =  0.88232    
 D3: Nlc_c% =   70.262    
 D3: Nhc_c% =   92.009    
 D3: Nht_c% =   101.46    
 D3: Nlt_c% =   83.900    
 D3: mlc_c% =   58.716    
 D3: mhc_c% =   85.654    
 D3: mht_c% =   100.00    
 D3: mlt_c% =   100.00    
 D3: mf_c%  =   77.548    
 D3: epf    =  0.93771    
 D3: eplc   =  0.90000    
 D3: ephc   =  0.89000    
 D3: epht   =  0.89996    
 D3: eplt   =  0.87185    
 D3: etab   =  0.98500    
 D3: fo     =  0.56464E-01
 D3: ffbar  =  0.13511E-01
 D3: ff     =  0.10639E-01
 D3: fc     =  0.15613    
 D3: epsrow =  0.11195      0.41994E-01  0.53589E-02
 D3: Tmrow  =   956.40       896.98       858.75    

 D3: Fsp    =  0.12562    
 D3: Feng   =   25.913     kN
 D3: FengA  =   25.913     kN
 D3: mcore  =   53.210     kg/s
 D3: mcool  =   8.3079     kg/s
 D3: mfuel  =  0.56609     kg/s
 D3: mofft  =   3.0045     kg/s
 D3: Pofft  =   115.85     kW
 D3: PK     =   6981.7     kW
 D3: Phijet =   890.29     kW
 D3: Phiinl =   0.0000     kW
 D3: Kinl   =   0.0000     kW
 D3: etap   =  0.87701    
 D3: TSFC   =  0.77148     1/hr
 D3: hfuel  =   43.297     MJ/kg

 D3:  loc     Tt      pt       cpt       R    cpt/(cpt-R)
              K       kPa     J/kg K   J/kg K
       0     272.7    62.35   1005.5    287.5   1.4004
       2     272.7    62.04   1005.5    287.5   1.4004
       21    287.6    73.84   1006.0    287.7   1.4001
       7     287.6    72.73   1006.0    287.5   1.4001

       0     272.7    62.35   1005.5    287.5   1.4004
       18    272.7    62.04   1005.5    287.7   1.4004
       19    272.7    62.04   1005.5    287.7   1.4004
       25    454.6   313.05   1023.4    287.7   1.3907
       3     701.6  1277.45   1077.5    287.5   1.3639
       4    1190.7  1200.81   1204.6    287.8   1.3139
       41   1117.7  1084.43   1188.0    287.7   1.3196
       45    893.1   395.18   1142.8    287.7   1.3365
       49    550.5    47.61   1058.3    287.7   1.3734
       5     550.5    47.37   1058.3    287.7   1.3734

 D3:  device     power    dh/dT     epol     eta
                  kW      J/kg K                
     fan 2 -21  -9038.1   1005.9   0.9377   0.9361
     LPC 19-25  -9799.1   1012.1   0.9000   0.8755
     HPC 25-3  -13005.5   1048.9   0.8900   0.8678
     HPT 41-45  13298.1   1166.1   0.9000   0.9109
     LPT 45-49  19144.6   1100.6   0.8718   0.9010

 D3:  loc   T       p       M       u        A     Fsp    eta_p
            K      kPa             m/s      m^2
      0    244.9   42.83  0.7534  236.29  4.5658  0.1256
      2    263.0   54.65  0.4294  139.73  6.5113

      25   435.3  268.23  0.4763  198.81  0.1178

      5    535.6   42.83  0.3855  177.47  1.0293
      6    535.6   42.83  0.3855  177.47  1.0293 -0.0173  1.1421

      7    247.1   42.83  0.9035  285.04  3.5180
      8    247.1   42.83  0.9035  285.04  3.5180  0.1429  0.9065

      9                             0.00  0.0000  0.0000  2.0000

 - - - - - - - - - - - - - - - - - - - - - - - - - - - - -
 D4:  Descent4...         

 D4: alt.   =  11420. ft
 D4: dyn.pr.=  390.04 psf
 D4: VTAS   =  682.28 ft/s
 D4: W/WMTO = 0.67879
 D4: Mach   =  0.6368
 D4: L/D    =  13.204
 D4: gamV   =-2.75000 deg
 D4: e      =  0.8509
 D4: CL     =  0.2351
 D4: CD     = 0.01780
 D4: CDi    = 0.00245
 D4: CDfuse = 0.00532
 D4: CDwing = 0.00615
 D4: CDover = 0.00000
 D4: CDhtail= 0.00119
 D4: CDvtail= 0.00088
 D4: CDnace = 0.00181
 D4: CDstrut= 0.00000
 D4: Mperp  =  0.5366
 D4: clpo   =  0.3431
 D4: clps   =  0.3922
 D4: clpt   =  0.3628
 D4: fduo   =  0.0190
 D4: fdus   =  0.0140
 D4: fdut   =  0.0040
 D4: cdpw   = 0.00156
 D4: cdfw   = 0.00459
 D4: cdw    = 0.00615
 D4: Clh    = -0.1179
 D4: ClhSh/S= -0.0247
 D4: CMwing = -1.2653
 D4: CMfuse =  0.0030
 D4: CMtail =  0.2071
 D4: cmpo   = -0.1000
 D4: cmps   = -0.1000
 D4: cmpt   = -0.1000
 D4: dh/dR  =-0.04803
 D4: xCG    =  122.94 ft
 D4: xNP    =  133.27 ft
 D4: S.M.   =   0.377
 D4: Wbuoy  =   180.0 lb
 D4: Lwing  =   98.24 %
 D4: Lfuse  =   12.27 %
 D4: Ltail  =  -10.52 %

 D4: BPR    =   12.123    
 D4: FPR    =   1.1368    
 D4: OPR    =   17.203    
 D4: pilc   =   4.3343    
 D4: pihc   =   3.9690    
 D4: 1/piht =   2.7457    
 D4: 1/pilt =   6.4915    
 D4: pid    =  0.99500    
 D4: pib    =  0.94000    
 D4: pifn   =  0.98500    
 D4: pitn   =  0.99500    
 D4: N1     =  0.66530    
 D4: N2     =  0.87581    
 D4: Nlc_c% =   62.900    
 D4: Nhc_c% =   91.190    
 D4: Nht_c% =   101.77    
 D4: Nlt_c% =   77.917    
 D4: mlc_c% =   50.423    
 D4: mhc_c% =   84.274    
 D4: mht_c% =   100.00    
 D4: mlt_c% =   100.00    
 D4: mf_c%  =   71.063    
 D4: epf    =  0.94182    
 D4: eplc   =  0.90000    
 D4: ephc   =  0.89000    
 D4: epht   =  0.89995    
 D4: eplt   =  0.85014    
 D4: etab   =  0.98500    
 D4: fo     =  0.48693E-01
 D4: ffbar  =  0.12810E-01
 D4: ff     =  0.10186E-01
 D4: fc     =  0.15613    
 D4: epsrow =  0.11195      0.41994E-01  0.53589E-02
 D4: Tmrow  =   944.32       881.43       840.53    

 D4: Fsp    =  0.98790E-01
 D4: Feng   =   26.124     kN
 D4: FengA  =   26.124     kN
 D4: mcore  =   61.702     kg/s
 D4: mcool  =   9.6337     kg/s
 D4: mfuel  =  0.62849     kg/s
 D4: mofft  =   3.0045     kg/s
 D4: Pofft  =   115.85     kW
 D4: PK     =   6218.0     kW
 D4: Phijet =   812.47     kW
 D4: Phiinl =   0.0000     kW
 D4: Kinl   =   0.0000     kW
 D4: etap   =  0.87371    
 D4: TSFC   =  0.84964     1/hr
 D4: hfuel  =   43.338     MJ/kg

 D4:  loc     Tt      pt       cpt       R    cpt/(cpt-R)
              K       kPa     J/kg K   J/kg K
       0     287.1    86.39   1006.0    287.5   1.4001
       2     287.1    85.96   1006.0    287.5   1.4001
       21    298.5    97.71   1006.5    287.7   1.3998
       7     298.5    96.25   1006.5    287.5   1.3998

       0     287.1    86.39   1006.0    287.5   1.4001
       18    287.1    85.96   1006.0    287.7   1.4001
       19    287.1    85.96   1006.0    287.7   1.4001
       25    456.0   372.57   1023.6    287.7   1.3905
       3     697.8  1478.72   1076.6    287.5   1.3643
       4    1164.4  1390.00   1199.0    287.8   1.3158
       41   1094.7  1253.99   1182.6    287.7   1.3215
       45    873.7   456.71   1137.2    287.7   1.3387
       49    575.9    70.35   1063.5    287.7   1.3709
       5     575.9    70.00   1063.5    287.7   1.3709

 D4:  device     power    dh/dT     epol     eta
                  kW      J/kg K                
     fan 2 -21  -8569.8   1006.4   0.9418   0.9408
     LPC 19-25 -10558.8   1012.8   0.9000   0.8780
     HPC 25-3  -14882.5   1048.6   0.8900   0.8682
     HPT 41-45  15217.3   1160.7   0.9000   0.9109
     LPT 45-49  19438.8   1100.4   0.8501   0.8799

 D4:  loc   T       p       M       u        A     Fsp    eta_p
            K      kPa             m/s      m^2
      0    265.6   65.80  0.6368  207.96  4.5083  0.0988
      2    278.9   77.68  0.3831  128.35  6.5113

      25   437.4  321.29  0.4661  195.01  0.1178

      5    566.3   65.80  0.3019  142.73  1.0293
      6    566.3   65.80  0.3019  142.73  1.0293 -0.0165  1.1860

      7    267.7   65.80  0.7576  248.72  3.5180
      8    267.7   65.80  0.7576  248.72  3.5180  0.1153  0.9108

      9                             0.00  0.0000  0.0000  2.0000

 - - - - - - - - - - - - - - - - - - - - - - - - - - - - -
 D5:  Descent5...         

 D5: alt.   =      0. ft
 D5: dyn.pr.=   66.22 psf
 D5: VTAS   =  236.00 ft/s
 D5: W/WMTO = 0.67660
 D5: Mach   =  0.2114
 D5: L/D    =  12.923
 D5: gamV   =-3.00000 deg
 D5: e      =  0.8023
 D5: CL     =  1.3805
 D5: CD     = 0.10683
 D5: CDi    = 0.08943
 D5: CDfuse = 0.00532
 D5: CDwing = 0.00855
 D5: CDover = 0.00000
 D5: CDhtail= 0.00134
 D5: CDvtail= 0.00099
 D5: CDnace = 0.00120
 D5: CDstrut= 0.00000
 D5: Mperp  =  0.1782
 D5: clpo   =  2.1943
 D5: clps   =  2.2160
 D5: clpt   =  1.1302
 D5: fduo   =  0.0190
 D5: fdus   =  0.0140
 D5: fdut   =  0.0040
 D5: cdpw   = 0.00350
 D5: cdfw   = 0.00850
 D5: cdw    = 0.01200
 D5: Clh    = -0.3803
 D5: ClhSh/S= -0.0797
 D5: CMwing = -6.9345
 D5: CMfuse =  0.0705
 D5: CMtail =  0.6682
 D5: cmpo   = -0.4000
 D5: cmps   = -0.4000
 D5: cmpt   = -0.0500
 D5: dh/dR  =-0.05241
 D5: xCG    =  122.94 ft
 D5: xNP    =  131.67 ft
 D5: S.M.   =   0.319
 D5: Wbuoy  =     0.0 lb
 D5: Lwing  =   92.41 %
 D5: Lfuse  =   13.37 %
 D5: Ltail  =   -5.78 %

 D5: BPR    =   10.295    
 D5: FPR    =   1.0746    
 D5: OPR    =   10.468    
 D5: pilc   =   2.5874    
 D5: pihc   =   4.0459    
 D5: 1/piht =   2.7547    
 D5: 1/pilt =   3.2348    
 D5: pid    =  0.99500    
 D5: pib    =  0.94000    
 D5: pifn   =  0.98500    
 D5: pitn   =  0.99500    
 D5: N1     =  0.44719    
 D5: N2     =  0.81716    
 D5: Nlc_c% =   42.024    
 D5: Nhc_c% =   91.704    
 D5: Nht_c% =   101.24    
 D5: Nlt_c% =   56.026    
 D5: mlc_c% =   33.388    
 D5: mhc_c% =   85.079    
 D5: mht_c% =   100.00    
 D5: mlt_c% =   100.00    
 D5: mf_c%  =   39.959    
 D5: epf    =  0.94660    
 D5: eplc   =  0.90000    
 D5: ephc   =  0.89000    
 D5: epht   =  0.89996    
 D5: eplt   =  0.80000    
 D5: etab   =  0.98500    
 D5: fo     =  0.61150E-01
 D5: ffbar  =  0.11117E-01
 D5: ff     =  0.87012E-02
 D5: fc     =  0.15613    
 D5: epsrow =  0.11195      0.41994E-01  0.53589E-02
 D5: Tmrow  =   836.45       771.32       733.48    

 D5: Fsp    =  0.12441    
 D5: Feng   =   23.479     kN
 D5: FengA  =   23.479     kN
 D5: mcore  =   49.132     kg/s
 D5: mcool  =   7.6712     kg/s
 D5: mfuel  =  0.42751     kg/s
 D5: mofft  =   3.0045     kg/s
 D5: Pofft  =   115.85     kW
 D5: PK     =   2238.8     kW
 D5: Phijet =   552.67     kW
 D5: Phiinl =   0.0000     kW
 D5: Kinl   =   0.0000     kW
 D5: etap   =  0.75413    
 D5: TSFC   =  0.64303     1/hr
 D5: hfuel  =   43.584     MJ/kg

 D5:  loc     Tt      pt       cpt       R    cpt/(cpt-R)
              K       kPa     J/kg K   J/kg K
       0     290.6   104.52   1006.2    287.5   1.4000
       2     290.6   104.00   1006.2    287.5   1.4000
       21    297.0   111.76   1006.4    287.7   1.3999
       7     297.0   110.08   1006.4    287.5   1.3999

       0     290.6   104.52   1006.2    287.5   1.4000
       18    290.6   104.00   1006.2    287.7   1.4000
       19    290.6   104.00   1006.2    287.7   1.4000
       25    392.6   269.08   1014.0    287.7   1.3957
       3     608.2  1088.65   1055.0    287.5   1.3746
       4    1025.4  1023.33   1169.8    287.7   1.3262
       41    962.8   922.89   1154.0    287.7   1.3321
       45    763.4   335.03   1107.9    287.7   1.3508
       49    595.3   103.57   1065.9    287.7   1.3697
       5     595.3   103.05   1065.9    287.7   1.3697

 D5:  device     power    dh/dT     epol     eta
                  kW      J/kg K                
     fan 2 -21  -3248.7   1006.4   0.9466   0.9461
     LPC 19-25  -5058.8   1009.4   0.9000   0.8860
     HPC 25-3  -10272.9   1032.7   0.8900   0.8675
     HPT 41-45  10504.0   1131.7   0.9000   0.9113
     LPT 45-49   8508.4   1086.8   0.8000   0.8243

 D5:  loc   T       p       M       u        A     Fsp    eta_p
            K      kPa             m/s      m^2
      0    288.0  101.32  0.2114   71.91  6.2928  0.1244
      2    288.1  100.99  0.2053   69.91  6.5113

      25   376.0  231.19  0.4712  183.08  0.1178

      5    592.6  101.32  0.1575   76.10  1.0293
      6    592.6  101.32  0.1575   76.10  1.0293  0.0001  0.9717

      7    290.0  101.32  0.3463  118.31  3.5180
      8    290.0  101.32  0.3463  118.31  3.5180  0.1244  0.7561

      9                             0.00  0.0000  0.0000  2.0000

 - - - - - - - - - - - - - - - - - - - - - - - - - - - - -
